[3.379s] Invoking command in '/home/ubuntu/turtlebot4_ws/src/Lab2_ConnerC_Package': PYTHONPATH=/home/ubuntu/turtlebot4_ws/src/build/Lab2_ConnerC_Package/prefix_override:/home/ubuntu/turtlebot4_ws/src/install/Lab2_ConnerC_Package/lib/python3.10/site-packages:${PYTHONPATH} /usr/bin/python3 setup.py egg_info --egg-base ../build/Lab2_ConnerC_Package build --build-base /home/ubuntu/turtlebot4_ws/src/build/Lab2_ConnerC_Package/build install --record /home/ubuntu/turtlebot4_ws/src/build/Lab2_ConnerC_Package/install.log --single-version-externally-managed
[4.639s] running egg_info
[4.642s] writing ../build/Lab2_ConnerC_Package/Lab2_ConnerC_Package.egg-info/PKG-INFO
[4.643s] writing dependency_links to ../build/Lab2_ConnerC_Package/Lab2_ConnerC_Package.egg-info/dependency_links.txt
[4.644s] writing entry points to ../build/Lab2_ConnerC_Package/Lab2_ConnerC_Package.egg-info/entry_points.txt
[4.645s] writing requirements to ../build/Lab2_ConnerC_Package/Lab2_ConnerC_Package.egg-info/requires.txt
[4.646s] writing top-level names to ../build/Lab2_ConnerC_Package/Lab2_ConnerC_Package.egg-info/top_level.txt
[4.656s] reading manifest file '../build/Lab2_ConnerC_Package/Lab2_ConnerC_Package.egg-info/SOURCES.txt'
[4.661s] writing manifest file '../build/Lab2_ConnerC_Package/Lab2_ConnerC_Package.egg-info/SOURCES.txt'
[4.662s] running build
[4.663s] running build_py
[4.663s] copying Lab2_ConnerC_Package/LidarListen.py -> /home/ubuntu/turtlebot4_ws/src/build/Lab2_ConnerC_Package/build/lib/Lab2_ConnerC_Package
[4.666s] /usr/lib/python3/dist-packages/setuptools/command/install.py:34: SetuptoolsDeprecationWarning: setup.py install is deprecated. Use build and pip and other standards-based tools.
[4.667s]   warnings.warn(
[4.667s] running install
[4.668s] running install_lib
[4.673s] copying /home/ubuntu/turtlebot4_ws/src/build/Lab2_ConnerC_Package/build/lib/Lab2_ConnerC_Package/LidarListen.py -> /home/ubuntu/turtlebot4_ws/src/install/Lab2_ConnerC_Package/lib/python3.10/site-packages/Lab2_ConnerC_Package
[4.675s] byte-compiling /home/ubuntu/turtlebot4_ws/src/install/Lab2_ConnerC_Package/lib/python3.10/site-packages/Lab2_ConnerC_Package/LidarListen.py to LidarListen.cpython-310.pyc
[4.686s] running install_data
[4.686s] running install_egg_info
[4.693s] removing '/home/ubuntu/turtlebot4_ws/src/install/Lab2_ConnerC_Package/lib/python3.10/site-packages/Lab2_ConnerC_Package-0.0.0-py3.10.egg-info' (and everything under it)
[4.695s] Copying ../build/Lab2_ConnerC_Package/Lab2_ConnerC_Package.egg-info to /home/ubuntu/turtlebot4_ws/src/install/Lab2_ConnerC_Package/lib/python3.10/site-packages/Lab2_ConnerC_Package-0.0.0-py3.10.egg-info
[4.701s] running install_scripts
[4.796s] Installing LidarListen script to /home/ubuntu/turtlebot4_ws/src/install/Lab2_ConnerC_Package/lib/Lab2_ConnerC_Package
[4.798s] writing list of installed files to '/home/ubuntu/turtlebot4_ws/src/build/Lab2_ConnerC_Package/install.log'
[4.938s] Invoked command in '/home/ubuntu/turtlebot4_ws/src/Lab2_ConnerC_Package' returned '0': PYTHONPATH=/home/ubuntu/turtlebot4_ws/src/build/Lab2_ConnerC_Package/prefix_override:/home/ubuntu/turtlebot4_ws/src/install/Lab2_ConnerC_Package/lib/python3.10/site-packages:${PYTHONPATH} /usr/bin/python3 setup.py egg_info --egg-base ../build/Lab2_ConnerC_Package build --build-base /home/ubuntu/turtlebot4_ws/src/build/Lab2_ConnerC_Package/build install --record /home/ubuntu/turtlebot4_ws/src/build/Lab2_ConnerC_Package/install.log --single-version-externally-managed
