[4.934s] Invoking command in '/home/ubuntu/turtlebot4_ws/build/turtlebot4_python_tutorials_Conner_Carriere': PYTHONPATH=/home/ubuntu/turtlebot4_ws/build/turtlebot4_python_tutorials_Conner_Carriere/prefix_override:/home/ubuntu/turtlebot4_ws/install/turtlebot4_python_tutorials_Conner_Carriere/lib/python3.10/site-packages:${PYTHONPATH} /usr/bin/python3 setup.py develop --editable --build-directory /home/ubuntu/turtlebot4_ws/build/turtlebot4_python_tutorials_Conner_Carriere/build --no-deps install_data
[6.549s] running develop
[6.561s] /usr/lib/python3/dist-packages/setuptools/command/easy_install.py:158: EasyInstallDeprecationWarning: easy_install command is deprecated. Use build and pip and other standards-based tools.
[6.567s]   warnings.warn(
[6.567s] /usr/lib/python3/dist-packages/setuptools/command/install.py:34: SetuptoolsDeprecationWarning: setup.py install is deprecated. Use build and pip and other standards-based tools.
[6.568s]   warnings.warn(
[6.938s] /usr/lib/python3/dist-packages/pkg_resources/__init__.py:116: PkgResourcesDeprecationWarning: 1.16.0-unknown is an invalid version and will not be supported in a future release
[6.941s]   warnings.warn(
[6.942s] /usr/lib/python3/dist-packages/pkg_resources/__init__.py:116: PkgResourcesDeprecationWarning: 1.1build1 is an invalid version and will not be supported in a future release
[6.943s]   warnings.warn(
[6.943s] /usr/lib/python3/dist-packages/pkg_resources/__init__.py:116: PkgResourcesDeprecationWarning: 0.1.43ubuntu1 is an invalid version and will not be supported in a future release
[6.944s]   warnings.warn(
[7.780s] running egg_info
[7.781s] writing turtlebot4_python_tutorials_Conner_Carriere.egg-info/PKG-INFO
[7.783s] writing dependency_links to turtlebot4_python_tutorials_Conner_Carriere.egg-info/dependency_links.txt
[7.784s] writing entry points to turtlebot4_python_tutorials_Conner_Carriere.egg-info/entry_points.txt
[7.788s] writing requirements to turtlebot4_python_tutorials_Conner_Carriere.egg-info/requires.txt
[7.789s] writing top-level names to turtlebot4_python_tutorials_Conner_Carriere.egg-info/top_level.txt
[7.797s] reading manifest file 'turtlebot4_python_tutorials_Conner_Carriere.egg-info/SOURCES.txt'
[7.801s] writing manifest file 'turtlebot4_python_tutorials_Conner_Carriere.egg-info/SOURCES.txt'
[7.809s] running build_ext
[7.810s] Creating /home/ubuntu/turtlebot4_ws/install/turtlebot4_python_tutorials_Conner_Carriere/lib/python3.10/site-packages/turtlebot4-python-tutorials-Conner-Carriere.egg-link (link to .)
[7.822s] Installing turtlebot4_first_python_node script to /home/ubuntu/turtlebot4_ws/install/turtlebot4_python_tutorials_Conner_Carriere/lib/turtlebot4_python_tutorials_Conner_Carriere
[7.827s] Installing turtlebot4_undock_node script to /home/ubuntu/turtlebot4_ws/install/turtlebot4_python_tutorials_Conner_Carriere/lib/turtlebot4_python_tutorials_Conner_Carriere
[7.832s] Installing turtlebot4_wander_node script to /home/ubuntu/turtlebot4_ws/install/turtlebot4_python_tutorials_Conner_Carriere/lib/turtlebot4_python_tutorials_Conner_Carriere
[7.834s] 
[7.836s] Installed /home/ubuntu/turtlebot4_ws/build/turtlebot4_python_tutorials_Conner_Carriere
[7.838s] running install_data
[7.839s] error: can't copy 'resource/turtlebot4_python_tutorials_Conner_Carriere': doesn't exist or not a regular file
[7.990s] Invoked command in '/home/ubuntu/turtlebot4_ws/build/turtlebot4_python_tutorials_Conner_Carriere' returned '1': PYTHONPATH=/home/ubuntu/turtlebot4_ws/build/turtlebot4_python_tutorials_Conner_Carriere/prefix_override:/home/ubuntu/turtlebot4_ws/install/turtlebot4_python_tutorials_Conner_Carriere/lib/python3.10/site-packages:${PYTHONPATH} /usr/bin/python3 setup.py develop --editable --build-directory /home/ubuntu/turtlebot4_ws/build/turtlebot4_python_tutorials_Conner_Carriere/build --no-deps install_data
