[2.181s] DEBUG:colcon:Command line arguments: ['/usr/bin/colcon', 'build', '--symlink-install', '--packages-select', 'turtlebot4_python_examples']
[2.181s] DEBUG:colcon:Parsed command line arguments: Namespace(log_base=None, log_level=None, verb_name='build', build_base='build', install_base='install', merge_install=False, symlink_install=True, test_result_base=None, continue_on_error=False, executor='parallel', parallel_workers=4, event_handlers=None, ignore_user_meta=False, metas=['./colcon.meta'], base_paths=['.'], packages_ignore=None, packages_ignore_regex=None, paths=None, packages_up_to=None, packages_up_to_regex=None, packages_above=None, packages_above_and_dependencies=None, packages_above_depth=None, packages_select_by_dep=None, packages_skip_by_dep=None, packages_skip_up_to=None, packages_select_build_failed=False, packages_skip_build_finished=False, packages_select_test_failures=False, packages_skip_test_passed=False, packages_select=['turtlebot4_python_examples'], packages_skip=None, packages_select_regex=None, packages_skip_regex=None, packages_start=None, packages_end=None, allow_overriding=[], cmake_args=None, cmake_target=None, cmake_target_skip_unavailable=False, cmake_clean_cache=False, cmake_clean_first=False, cmake_force_configure=False, ament_cmake_args=None, catkin_cmake_args=None, catkin_skip_building_tests=False, verb_parser=<colcon_defaults.argument_parser.defaults.DefaultArgumentsDecorator object at 0xffff9bd5ca30>, verb_extension=<colcon_core.verb.build.BuildVerb object at 0xffff9c5c63b0>, main=<bound method BuildVerb.main of <colcon_core.verb.build.BuildVerb object at 0xffff9c5c63b0>>)
[2.416s] Level 1:colcon.colcon_core.package_discovery:discover_packages(colcon_meta) check parameters
[2.416s] Level 1:colcon.colcon_core.package_discovery:discover_packages(recursive) check parameters
[2.417s] Level 1:colcon.colcon_core.package_discovery:discover_packages(ignore) check parameters
[2.417s] Level 1:colcon.colcon_core.package_discovery:discover_packages(path) check parameters
[2.418s] Level 1:colcon.colcon_core.package_discovery:discover_packages(colcon_meta) discover
[2.418s] Level 1:colcon.colcon_core.package_discovery:discover_packages(recursive) discover
[2.419s] INFO:colcon.colcon_core.package_discovery:Crawling recursively for packages in '/home/ubuntu/turtlebot4_ws'
[2.419s] Level 1:colcon.colcon_core.package_identification:_identify(.) by extensions ['ignore', 'ignore_ament_install']
[2.421s] Level 1:colcon.colcon_core.package_identification:_identify(.) by extension 'ignore'
[2.421s] Level 1:colcon.colcon_core.package_identification:_identify(.) by extension 'ignore_ament_install'
[2.422s] Level 1:colcon.colcon_core.package_identification:_identify(.) by extensions ['colcon_pkg']
[2.422s] Level 1:colcon.colcon_core.package_identification:_identify(.) by extension 'colcon_pkg'
[2.423s] Level 1:colcon.colcon_core.package_identification:_identify(.) by extensions ['colcon_meta']
[2.423s] Level 1:colcon.colcon_core.package_identification:_identify(.) by extension 'colcon_meta'
[2.423s] Level 1:colcon.colcon_core.package_identification:_identify(.) by extensions ['ros']
[2.424s] Level 1:colcon.colcon_core.package_identification:_identify(.) by extension 'ros'
[2.498s] Level 1:colcon.colcon_core.package_identification:_identify(.) by extensions ['cmake', 'python']
[2.499s] Level 1:colcon.colcon_core.package_identification:_identify(.) by extension 'cmake'
[2.499s] Level 1:colcon.colcon_core.package_identification:_identify(.) by extension 'python'
[2.500s] Level 1:colcon.colcon_core.package_identification:_identify(.) by extensions ['python_setup_py']
[2.500s] Level 1:colcon.colcon_core.package_identification:_identify(.) by extension 'python_setup_py'
[2.501s] Level 1:colcon.colcon_core.package_identification:_identify(build) by extensions ['ignore', 'ignore_ament_install']
[2.502s] Level 1:colcon.colcon_core.package_identification:_identify(build) by extension 'ignore'
[2.502s] Level 1:colcon.colcon_core.package_identification:_identify(build) ignored
[2.503s] Level 1:colcon.colcon_core.package_identification:_identify(install) by extensions ['ignore', 'ignore_ament_install']
[2.504s] Level 1:colcon.colcon_core.package_identification:_identify(install) by extension 'ignore'
[2.504s] Level 1:colcon.colcon_core.package_identification:_identify(install) ignored
[2.505s] Level 1:colcon.colcon_core.package_identification:_identify(log) by extensions ['ignore', 'ignore_ament_install']
[2.506s] Level 1:colcon.colcon_core.package_identification:_identify(log) by extension 'ignore'
[2.506s] Level 1:colcon.colcon_core.package_identification:_identify(log) ignored
[2.507s] Level 1:colcon.colcon_core.package_identification:_identify(src) by extensions ['ignore', 'ignore_ament_install']
[2.507s] Level 1:colcon.colcon_core.package_identification:_identify(src) by extension 'ignore'
[2.507s] Level 1:colcon.colcon_core.package_identification:_identify(src) by extension 'ignore_ament_install'
[2.508s] Level 1:colcon.colcon_core.package_identification:_identify(src) by extensions ['colcon_pkg']
[2.508s] Level 1:colcon.colcon_core.package_identification:_identify(src) by extension 'colcon_pkg'
[2.508s] Level 1:colcon.colcon_core.package_identification:_identify(src) by extensions ['colcon_meta']
[2.508s] Level 1:colcon.colcon_core.package_identification:_identify(src) by extension 'colcon_meta'
[2.508s] Level 1:colcon.colcon_core.package_identification:_identify(src) by extensions ['ros']
[2.509s] Level 1:colcon.colcon_core.package_identification:_identify(src) by extension 'ros'
[2.509s] Level 1:colcon.colcon_core.package_identification:_identify(src) by extensions ['cmake', 'python']
[2.509s] Level 1:colcon.colcon_core.package_identification:_identify(src) by extension 'cmake'
[2.509s] Level 1:colcon.colcon_core.package_identification:_identify(src) by extension 'python'
[2.510s] Level 1:colcon.colcon_core.package_identification:_identify(src) by extensions ['python_setup_py']
[2.510s] Level 1:colcon.colcon_core.package_identification:_identify(src) by extension 'python_setup_py'
[2.511s] Level 1:colcon.colcon_core.package_identification:_identify(src/CC_HallwayScan) by extensions ['ignore', 'ignore_ament_install']
[2.511s] Level 1:colcon.colcon_core.package_identification:_identify(src/CC_HallwayScan) by extension 'ignore'
[2.512s] Level 1:colcon.colcon_core.package_identification:_identify(src/CC_HallwayScan) by extension 'ignore_ament_install'
[2.512s] Level 1:colcon.colcon_core.package_identification:_identify(src/CC_HallwayScan) by extensions ['colcon_pkg']
[2.512s] Level 1:colcon.colcon_core.package_identification:_identify(src/CC_HallwayScan) by extension 'colcon_pkg'
[2.512s] Level 1:colcon.colcon_core.package_identification:_identify(src/CC_HallwayScan) by extensions ['colcon_meta']
[2.513s] Level 1:colcon.colcon_core.package_identification:_identify(src/CC_HallwayScan) by extension 'colcon_meta'
[2.513s] Level 1:colcon.colcon_core.package_identification:_identify(src/CC_HallwayScan) by extensions ['ros']
[2.513s] Level 1:colcon.colcon_core.package_identification:_identify(src/CC_HallwayScan) by extension 'ros'
[2.526s] DEBUG:colcon.colcon_core.package_identification:Package 'src/CC_HallwayScan' with type 'ros.ament_python' and name 'CC_HallwayScan'
[2.527s] Level 1:colcon.colcon_core.package_identification:_identify(src/CC_Lab1) by extensions ['ignore', 'ignore_ament_install']
[2.527s] Level 1:colcon.colcon_core.package_identification:_identify(src/CC_Lab1) by extension 'ignore'
[2.527s] Level 1:colcon.colcon_core.package_identification:_identify(src/CC_Lab1) by extension 'ignore_ament_install'
[2.528s] Level 1:colcon.colcon_core.package_identification:_identify(src/CC_Lab1) by extensions ['colcon_pkg']
[2.528s] Level 1:colcon.colcon_core.package_identification:_identify(src/CC_Lab1) by extension 'colcon_pkg'
[2.528s] Level 1:colcon.colcon_core.package_identification:_identify(src/CC_Lab1) by extensions ['colcon_meta']
[2.528s] Level 1:colcon.colcon_core.package_identification:_identify(src/CC_Lab1) by extension 'colcon_meta'
[2.529s] Level 1:colcon.colcon_core.package_identification:_identify(src/CC_Lab1) by extensions ['ros']
[2.529s] Level 1:colcon.colcon_core.package_identification:_identify(src/CC_Lab1) by extension 'ros'
[2.533s] DEBUG:colcon.colcon_core.package_identification:Package 'src/CC_Lab1' with type 'ros.ament_python' and name 'CC_Lab1'
[2.534s] Level 1:colcon.colcon_core.package_identification:_identify(src/CC_Lab2) by extensions ['ignore', 'ignore_ament_install']
[2.535s] Level 1:colcon.colcon_core.package_identification:_identify(src/CC_Lab2) by extension 'ignore'
[2.535s] Level 1:colcon.colcon_core.package_identification:_identify(src/CC_Lab2) by extension 'ignore_ament_install'
[2.537s] Level 1:colcon.colcon_core.package_identification:_identify(src/CC_Lab2) by extensions ['colcon_pkg']
[2.537s] Level 1:colcon.colcon_core.package_identification:_identify(src/CC_Lab2) by extension 'colcon_pkg'
[2.538s] Level 1:colcon.colcon_core.package_identification:_identify(src/CC_Lab2) by extensions ['colcon_meta']
[2.538s] Level 1:colcon.colcon_core.package_identification:_identify(src/CC_Lab2) by extension 'colcon_meta'
[2.538s] Level 1:colcon.colcon_core.package_identification:_identify(src/CC_Lab2) by extensions ['ros']
[2.538s] Level 1:colcon.colcon_core.package_identification:_identify(src/CC_Lab2) by extension 'ros'
[2.542s] DEBUG:colcon.colcon_core.package_identification:Package 'src/CC_Lab2' with type 'ros.ament_python' and name 'CC_Lab2'
[2.543s] Level 1:colcon.colcon_core.package_identification:_identify(src/CC_LidarCollect) by extensions ['ignore', 'ignore_ament_install']
[2.544s] Level 1:colcon.colcon_core.package_identification:_identify(src/CC_LidarCollect) by extension 'ignore'
[2.545s] Level 1:colcon.colcon_core.package_identification:_identify(src/CC_LidarCollect) by extension 'ignore_ament_install'
[2.545s] Level 1:colcon.colcon_core.package_identification:_identify(src/CC_LidarCollect) by extensions ['colcon_pkg']
[2.546s] Level 1:colcon.colcon_core.package_identification:_identify(src/CC_LidarCollect) by extension 'colcon_pkg'
[2.546s] Level 1:colcon.colcon_core.package_identification:_identify(src/CC_LidarCollect) by extensions ['colcon_meta']
[2.546s] Level 1:colcon.colcon_core.package_identification:_identify(src/CC_LidarCollect) by extension 'colcon_meta'
[2.547s] Level 1:colcon.colcon_core.package_identification:_identify(src/CC_LidarCollect) by extensions ['ros']
[2.547s] Level 1:colcon.colcon_core.package_identification:_identify(src/CC_LidarCollect) by extension 'ros'
[2.551s] DEBUG:colcon.colcon_core.package_identification:Package 'src/CC_LidarCollect' with type 'ros.ament_python' and name 'CC_LidarCollect'
[2.552s] Level 1:colcon.colcon_core.package_identification:_identify(src/CameraCapture) by extensions ['ignore', 'ignore_ament_install']
[2.553s] Level 1:colcon.colcon_core.package_identification:_identify(src/CameraCapture) by extension 'ignore'
[2.553s] Level 1:colcon.colcon_core.package_identification:_identify(src/CameraCapture) by extension 'ignore_ament_install'
[2.554s] Level 1:colcon.colcon_core.package_identification:_identify(src/CameraCapture) by extensions ['colcon_pkg']
[2.554s] Level 1:colcon.colcon_core.package_identification:_identify(src/CameraCapture) by extension 'colcon_pkg'
[2.554s] Level 1:colcon.colcon_core.package_identification:_identify(src/CameraCapture) by extensions ['colcon_meta']
[2.555s] Level 1:colcon.colcon_core.package_identification:_identify(src/CameraCapture) by extension 'colcon_meta'
[2.555s] Level 1:colcon.colcon_core.package_identification:_identify(src/CameraCapture) by extensions ['ros']
[2.556s] Level 1:colcon.colcon_core.package_identification:_identify(src/CameraCapture) by extension 'ros'
[2.560s] DEBUG:colcon.colcon_core.package_identification:Package 'src/CameraCapture' with type 'ros.ament_python' and name 'CameraCapture'
[2.561s] Level 1:colcon.colcon_core.package_identification:_identify(src/Lab1_DerrickS_Package) by extensions ['ignore', 'ignore_ament_install']
[2.561s] Level 1:colcon.colcon_core.package_identification:_identify(src/Lab1_DerrickS_Package) by extension 'ignore'
[2.562s] Level 1:colcon.colcon_core.package_identification:_identify(src/Lab1_DerrickS_Package) by extension 'ignore_ament_install'
[2.563s] Level 1:colcon.colcon_core.package_identification:_identify(src/Lab1_DerrickS_Package) by extensions ['colcon_pkg']
[2.563s] Level 1:colcon.colcon_core.package_identification:_identify(src/Lab1_DerrickS_Package) by extension 'colcon_pkg'
[2.564s] Level 1:colcon.colcon_core.package_identification:_identify(src/Lab1_DerrickS_Package) by extensions ['colcon_meta']
[2.564s] Level 1:colcon.colcon_core.package_identification:_identify(src/Lab1_DerrickS_Package) by extension 'colcon_meta'
[2.564s] Level 1:colcon.colcon_core.package_identification:_identify(src/Lab1_DerrickS_Package) by extensions ['ros']
[2.564s] Level 1:colcon.colcon_core.package_identification:_identify(src/Lab1_DerrickS_Package) by extension 'ros'
[2.569s] DEBUG:colcon.colcon_core.package_identification:Package 'src/Lab1_DerrickS_Package' with type 'ros.ament_python' and name 'Lab1_DerrickS_Package'
[2.570s] Level 1:colcon.colcon_core.package_identification:_identify(src/Lab1_IanP_Package_temp) by extensions ['ignore', 'ignore_ament_install']
[2.571s] Level 1:colcon.colcon_core.package_identification:_identify(src/Lab1_IanP_Package_temp) by extension 'ignore'
[2.571s] Level 1:colcon.colcon_core.package_identification:_identify(src/Lab1_IanP_Package_temp) by extension 'ignore_ament_install'
[2.572s] Level 1:colcon.colcon_core.package_identification:_identify(src/Lab1_IanP_Package_temp) by extensions ['colcon_pkg']
[2.572s] Level 1:colcon.colcon_core.package_identification:_identify(src/Lab1_IanP_Package_temp) by extension 'colcon_pkg'
[2.572s] Level 1:colcon.colcon_core.package_identification:_identify(src/Lab1_IanP_Package_temp) by extensions ['colcon_meta']
[2.573s] Level 1:colcon.colcon_core.package_identification:_identify(src/Lab1_IanP_Package_temp) by extension 'colcon_meta'
[2.573s] Level 1:colcon.colcon_core.package_identification:_identify(src/Lab1_IanP_Package_temp) by extensions ['ros']
[2.573s] Level 1:colcon.colcon_core.package_identification:_identify(src/Lab1_IanP_Package_temp) by extension 'ros'
[2.577s] DEBUG:colcon.colcon_core.package_identification:Package 'src/Lab1_IanP_Package_temp' with type 'ros.ament_python' and name 'turtlebot4_python_tutorials'
[2.578s] Level 1:colcon.colcon_core.package_identification:_identify(src/Lab2_DerrickS_Package) by extensions ['ignore', 'ignore_ament_install']
[2.579s] Level 1:colcon.colcon_core.package_identification:_identify(src/Lab2_DerrickS_Package) by extension 'ignore'
[2.579s] Level 1:colcon.colcon_core.package_identification:_identify(src/Lab2_DerrickS_Package) by extension 'ignore_ament_install'
[2.580s] Level 1:colcon.colcon_core.package_identification:_identify(src/Lab2_DerrickS_Package) by extensions ['colcon_pkg']
[2.580s] Level 1:colcon.colcon_core.package_identification:_identify(src/Lab2_DerrickS_Package) by extension 'colcon_pkg'
[2.581s] Level 1:colcon.colcon_core.package_identification:_identify(src/Lab2_DerrickS_Package) by extensions ['colcon_meta']
[2.581s] Level 1:colcon.colcon_core.package_identification:_identify(src/Lab2_DerrickS_Package) by extension 'colcon_meta'
[2.581s] Level 1:colcon.colcon_core.package_identification:_identify(src/Lab2_DerrickS_Package) by extensions ['ros']
[2.581s] Level 1:colcon.colcon_core.package_identification:_identify(src/Lab2_DerrickS_Package) by extension 'ros'
[2.586s] DEBUG:colcon.colcon_core.package_identification:Package 'src/Lab2_DerrickS_Package' with type 'ros.ament_python' and name 'Lab1_DerrickS_Package'
[2.587s] Level 1:colcon.colcon_core.package_identification:_identify(src/build) by extensions ['ignore', 'ignore_ament_install']
[2.587s] Level 1:colcon.colcon_core.package_identification:_identify(src/build) by extension 'ignore'
[2.587s] Level 1:colcon.colcon_core.package_identification:_identify(src/build) ignored
[2.588s] Level 1:colcon.colcon_core.package_identification:_identify(src/ianp_lidar_lab) by extensions ['ignore', 'ignore_ament_install']
[2.588s] Level 1:colcon.colcon_core.package_identification:_identify(src/ianp_lidar_lab) by extension 'ignore'
[2.589s] Level 1:colcon.colcon_core.package_identification:_identify(src/ianp_lidar_lab) by extension 'ignore_ament_install'
[2.589s] Level 1:colcon.colcon_core.package_identification:_identify(src/ianp_lidar_lab) by extensions ['colcon_pkg']
[2.590s] Level 1:colcon.colcon_core.package_identification:_identify(src/ianp_lidar_lab) by extension 'colcon_pkg'
[2.590s] Level 1:colcon.colcon_core.package_identification:_identify(src/ianp_lidar_lab) by extensions ['colcon_meta']
[2.591s] Level 1:colcon.colcon_core.package_identification:_identify(src/ianp_lidar_lab) by extension 'colcon_meta'
[2.592s] Level 1:colcon.colcon_core.package_identification:_identify(src/ianp_lidar_lab) by extensions ['ros']
[2.592s] Level 1:colcon.colcon_core.package_identification:_identify(src/ianp_lidar_lab) by extension 'ros'
[2.596s] DEBUG:colcon.colcon_core.package_identification:Package 'src/ianp_lidar_lab' with type 'ros.ament_python' and name 'ianp_lidar_lab'
[2.598s] Level 1:colcon.colcon_core.package_identification:_identify(src/install) by extensions ['ignore', 'ignore_ament_install']
[2.598s] Level 1:colcon.colcon_core.package_identification:_identify(src/install) by extension 'ignore'
[2.598s] Level 1:colcon.colcon_core.package_identification:_identify(src/install) ignored
[2.599s] Level 1:colcon.colcon_core.package_identification:_identify(src/lab1_ian_package) by extensions ['ignore', 'ignore_ament_install']
[2.600s] Level 1:colcon.colcon_core.package_identification:_identify(src/lab1_ian_package) by extension 'ignore'
[2.600s] Level 1:colcon.colcon_core.package_identification:_identify(src/lab1_ian_package) by extension 'ignore_ament_install'
[2.601s] Level 1:colcon.colcon_core.package_identification:_identify(src/lab1_ian_package) by extensions ['colcon_pkg']
[2.601s] Level 1:colcon.colcon_core.package_identification:_identify(src/lab1_ian_package) by extension 'colcon_pkg'
[2.601s] Level 1:colcon.colcon_core.package_identification:_identify(src/lab1_ian_package) by extensions ['colcon_meta']
[2.601s] Level 1:colcon.colcon_core.package_identification:_identify(src/lab1_ian_package) by extension 'colcon_meta'
[2.601s] Level 1:colcon.colcon_core.package_identification:_identify(src/lab1_ian_package) by extensions ['ros']
[2.602s] Level 1:colcon.colcon_core.package_identification:_identify(src/lab1_ian_package) by extension 'ros'
[2.605s] DEBUG:colcon.colcon_core.package_identification:Package 'src/lab1_ian_package' with type 'ros.ament_python' and name 'lab1_ian_package'
[2.606s] Level 1:colcon.colcon_core.package_identification:_identify(src/log) by extensions ['ignore', 'ignore_ament_install']
[2.606s] Level 1:colcon.colcon_core.package_identification:_identify(src/log) by extension 'ignore'
[2.606s] Level 1:colcon.colcon_core.package_identification:_identify(src/log) ignored
[2.607s] Level 1:colcon.colcon_core.package_identification:_identify(src/test_node) by extensions ['ignore', 'ignore_ament_install']
[2.607s] Level 1:colcon.colcon_core.package_identification:_identify(src/test_node) by extension 'ignore'
[2.608s] Level 1:colcon.colcon_core.package_identification:_identify(src/test_node) by extension 'ignore_ament_install'
[2.609s] Level 1:colcon.colcon_core.package_identification:_identify(src/test_node) by extensions ['colcon_pkg']
[2.609s] Level 1:colcon.colcon_core.package_identification:_identify(src/test_node) by extension 'colcon_pkg'
[2.609s] Level 1:colcon.colcon_core.package_identification:_identify(src/test_node) by extensions ['colcon_meta']
[2.609s] Level 1:colcon.colcon_core.package_identification:_identify(src/test_node) by extension 'colcon_meta'
[2.610s] Level 1:colcon.colcon_core.package_identification:_identify(src/test_node) by extensions ['ros']
[2.610s] Level 1:colcon.colcon_core.package_identification:_identify(src/test_node) by extension 'ros'
[2.614s] DEBUG:colcon.colcon_core.package_identification:Package 'src/test_node' with type 'ros.ament_python' and name 'test_node'
[2.614s] Level 1:colcon.colcon_core.package_identification:_identify(src/turtlebot4_python_examples) by extensions ['ignore', 'ignore_ament_install']
[2.615s] Level 1:colcon.colcon_core.package_identification:_identify(src/turtlebot4_python_examples) by extension 'ignore'
[2.616s] Level 1:colcon.colcon_core.package_identification:_identify(src/turtlebot4_python_examples) by extension 'ignore_ament_install'
[2.616s] Level 1:colcon.colcon_core.package_identification:_identify(src/turtlebot4_python_examples) by extensions ['colcon_pkg']
[2.617s] Level 1:colcon.colcon_core.package_identification:_identify(src/turtlebot4_python_examples) by extension 'colcon_pkg'
[2.617s] Level 1:colcon.colcon_core.package_identification:_identify(src/turtlebot4_python_examples) by extensions ['colcon_meta']
[2.618s] Level 1:colcon.colcon_core.package_identification:_identify(src/turtlebot4_python_examples) by extension 'colcon_meta'
[2.618s] Level 1:colcon.colcon_core.package_identification:_identify(src/turtlebot4_python_examples) by extensions ['ros']
[2.618s] Level 1:colcon.colcon_core.package_identification:_identify(src/turtlebot4_python_examples) by extension 'ros'
[2.623s] DEBUG:colcon.colcon_core.package_identification:Package 'src/turtlebot4_python_examples' with type 'ros.ament_python' and name 'turtlebot4_python_examples'
[2.624s] Level 1:colcon.colcon_core.package_identification:_identify(src/turtlebot4_python_tutorials) by extensions ['ignore', 'ignore_ament_install']
[2.624s] Level 1:colcon.colcon_core.package_identification:_identify(src/turtlebot4_python_tutorials) by extension 'ignore'
[2.625s] Level 1:colcon.colcon_core.package_identification:_identify(src/turtlebot4_python_tutorials) by extension 'ignore_ament_install'
[2.625s] Level 1:colcon.colcon_core.package_identification:_identify(src/turtlebot4_python_tutorials) by extensions ['colcon_pkg']
[2.626s] Level 1:colcon.colcon_core.package_identification:_identify(src/turtlebot4_python_tutorials) by extension 'colcon_pkg'
[2.626s] Level 1:colcon.colcon_core.package_identification:_identify(src/turtlebot4_python_tutorials) by extensions ['colcon_meta']
[2.626s] Level 1:colcon.colcon_core.package_identification:_identify(src/turtlebot4_python_tutorials) by extension 'colcon_meta'
[2.627s] Level 1:colcon.colcon_core.package_identification:_identify(src/turtlebot4_python_tutorials) by extensions ['ros']
[2.627s] Level 1:colcon.colcon_core.package_identification:_identify(src/turtlebot4_python_tutorials) by extension 'ros'
[2.630s] DEBUG:colcon.colcon_core.package_identification:Package 'src/turtlebot4_python_tutorials' with type 'ros.ament_python' and name 'turtlebot4_python_tutorials'
[2.631s] Level 1:colcon.colcon_core.package_discovery:discover_packages(recursive) using defaults
[2.631s] Level 1:colcon.colcon_core.package_discovery:discover_packages(ignore) discover
[2.632s] Level 1:colcon.colcon_core.package_discovery:discover_packages(ignore) using defaults
[2.632s] Level 1:colcon.colcon_core.package_discovery:discover_packages(path) discover
[2.632s] Level 1:colcon.colcon_core.package_discovery:discover_packages(path) using defaults
[2.775s] INFO:colcon.colcon_core.package_selection:Skipping not selected package 'CC_HallwayScan' in 'src/CC_HallwayScan'
[2.775s] INFO:colcon.colcon_core.package_selection:Skipping not selected package 'CC_Lab1' in 'src/CC_Lab1'
[2.775s] INFO:colcon.colcon_core.package_selection:Skipping not selected package 'CC_Lab2' in 'src/CC_Lab2'
[2.776s] INFO:colcon.colcon_core.package_selection:Skipping not selected package 'CC_LidarCollect' in 'src/CC_LidarCollect'
[2.776s] INFO:colcon.colcon_core.package_selection:Skipping not selected package 'CameraCapture' in 'src/CameraCapture'
[2.776s] INFO:colcon.colcon_core.package_selection:Skipping not selected package 'Lab1_DerrickS_Package' in 'src/Lab1_DerrickS_Package'
[2.776s] INFO:colcon.colcon_core.package_selection:Skipping not selected package 'Lab1_DerrickS_Package' in 'src/Lab2_DerrickS_Package'
[2.776s] INFO:colcon.colcon_core.package_selection:Skipping not selected package 'ianp_lidar_lab' in 'src/ianp_lidar_lab'
[2.776s] INFO:colcon.colcon_core.package_selection:Skipping not selected package 'lab1_ian_package' in 'src/lab1_ian_package'
[2.776s] INFO:colcon.colcon_core.package_selection:Skipping not selected package 'test_node' in 'src/test_node'
[2.776s] INFO:colcon.colcon_core.package_selection:Skipping not selected package 'turtlebot4_python_tutorials' in 'src/Lab1_IanP_Package_temp'
[2.777s] INFO:colcon.colcon_core.package_selection:Skipping not selected package 'turtlebot4_python_tutorials' in 'src/turtlebot4_python_tutorials'
[2.781s] Level 1:colcon.colcon_core.package_discovery:discover_packages(prefix_path) check parameters
[2.781s] Level 1:colcon.colcon_core.package_discovery:discover_packages(prefix_path) discover
[2.805s] DEBUG:colcon.colcon_installed_package_information.package_discovery:Found 11 installed packages in /home/ubuntu/turtlebot4_ws/install
[2.819s] DEBUG:colcon.colcon_installed_package_information.package_discovery:Found 313 installed packages in /opt/ros/humble
[2.826s] Level 1:colcon.colcon_core.package_discovery:discover_packages(prefix_path) using defaults
[3.136s] Level 5:colcon.colcon_core.verb:set package 'turtlebot4_python_examples' build argument 'cmake_args' from command line to 'None'
[3.136s] Level 5:colcon.colcon_core.verb:set package 'turtlebot4_python_examples' build argument 'cmake_target' from command line to 'None'
[3.136s] Level 5:colcon.colcon_core.verb:set package 'turtlebot4_python_examples' build argument 'cmake_target_skip_unavailable' from command line to 'False'
[3.136s] Level 5:colcon.colcon_core.verb:set package 'turtlebot4_python_examples' build argument 'cmake_clean_cache' from command line to 'False'
[3.136s] Level 5:colcon.colcon_core.verb:set package 'turtlebot4_python_examples' build argument 'cmake_clean_first' from command line to 'False'
[3.137s] Level 5:colcon.colcon_core.verb:set package 'turtlebot4_python_examples' build argument 'cmake_force_configure' from command line to 'False'
[3.137s] Level 5:colcon.colcon_core.verb:set package 'turtlebot4_python_examples' build argument 'ament_cmake_args' from command line to 'None'
[3.137s] Level 5:colcon.colcon_core.verb:set package 'turtlebot4_python_examples' build argument 'catkin_cmake_args' from command line to 'None'
[3.137s] Level 5:colcon.colcon_core.verb:set package 'turtlebot4_python_examples' build argument 'catkin_skip_building_tests' from command line to 'False'
[3.137s] DEBUG:colcon.colcon_core.verb:Building package 'turtlebot4_python_examples' with the following arguments: {'ament_cmake_args': None, 'build_base': '/home/ubuntu/turtlebot4_ws/build/turtlebot4_python_examples', 'catkin_cmake_args': None, 'catkin_skip_building_tests': False, 'cmake_args': None, 'cmake_clean_cache': False, 'cmake_clean_first': False, 'cmake_force_configure': False, 'cmake_target': None, 'cmake_target_skip_unavailable': False, 'install_base': '/home/ubuntu/turtlebot4_ws/install/turtlebot4_python_examples', 'merge_install': False, 'path': '/home/ubuntu/turtlebot4_ws/src/turtlebot4_python_examples', 'symlink_install': True, 'test_result_base': None}
[3.141s] INFO:colcon.colcon_core.executor:Executing jobs using 'parallel' executor
[3.156s] DEBUG:colcon.colcon_parallel_executor.executor.parallel:run_until_complete
[3.157s] INFO:colcon.colcon_ros.task.ament_python.build:Building ROS package in '/home/ubuntu/turtlebot4_ws/src/turtlebot4_python_examples' with build type 'ament_python'
[3.158s] Level 1:colcon.colcon_core.shell:create_environment_hook('turtlebot4_python_examples', 'ament_prefix_path')
[3.198s] INFO:colcon.colcon_core.plugin_system:Skipping extension 'colcon_core.shell.bat': Not used on non-Windows systems
[3.199s] INFO:colcon.colcon_core.shell:Creating environment hook '/home/ubuntu/turtlebot4_ws/install/turtlebot4_python_examples/share/turtlebot4_python_examples/hook/ament_prefix_path.ps1'
[3.205s] INFO:colcon.colcon_core.shell:Creating environment descriptor '/home/ubuntu/turtlebot4_ws/install/turtlebot4_python_examples/share/turtlebot4_python_examples/hook/ament_prefix_path.dsv'
[3.209s] INFO:colcon.colcon_core.shell:Creating environment hook '/home/ubuntu/turtlebot4_ws/install/turtlebot4_python_examples/share/turtlebot4_python_examples/hook/ament_prefix_path.sh'
[3.221s] INFO:colcon.colcon_core.shell:Skip shell extension 'powershell' for command environment: Not usable outside of PowerShell
[3.221s] DEBUG:colcon.colcon_core.shell:Skip shell extension 'dsv' for command environment
[4.807s] INFO:colcon.colcon_core.task.python.build:Building Python package in '/home/ubuntu/turtlebot4_ws/src/turtlebot4_python_examples'
[4.814s] INFO:colcon.colcon_core.shell:Skip shell extension 'powershell' for command environment: Not usable outside of PowerShell
[4.814s] DEBUG:colcon.colcon_core.shell:Skip shell extension 'dsv' for command environment
[7.030s] DEBUG:colcon.colcon_core.event_handler.log_command:Invoking command in '/home/ubuntu/turtlebot4_ws/build/turtlebot4_python_examples': PYTHONPATH=/home/ubuntu/turtlebot4_ws/build/turtlebot4_python_examples/prefix_override:/home/ubuntu/turtlebot4_ws/install/turtlebot4_python_examples/lib/python3.10/site-packages:${PYTHONPATH} /usr/bin/python3 setup.py develop --editable --build-directory /home/ubuntu/turtlebot4_ws/build/turtlebot4_python_examples/build --no-deps install_data
[10.246s] Level 1:colcon.colcon_core.shell:create_environment_hook('turtlebot4_python_examples', 'pythonpath_develop')
[10.256s] INFO:colcon.colcon_core.shell:Creating environment hook '/home/ubuntu/turtlebot4_ws/build/turtlebot4_python_examples/share/turtlebot4_python_examples/hook/pythonpath_develop.ps1'
[10.257s] DEBUG:colcon.colcon_core.event_handler.log_command:Invoked command in '/home/ubuntu/turtlebot4_ws/build/turtlebot4_python_examples' returned '0': PYTHONPATH=/home/ubuntu/turtlebot4_ws/build/turtlebot4_python_examples/prefix_override:/home/ubuntu/turtlebot4_ws/install/turtlebot4_python_examples/lib/python3.10/site-packages:${PYTHONPATH} /usr/bin/python3 setup.py develop --editable --build-directory /home/ubuntu/turtlebot4_ws/build/turtlebot4_python_examples/build --no-deps install_data
[10.264s] INFO:colcon.colcon_core.shell:Creating environment descriptor '/home/ubuntu/turtlebot4_ws/build/turtlebot4_python_examples/share/turtlebot4_python_examples/hook/pythonpath_develop.dsv'
[10.269s] INFO:colcon.colcon_core.shell:Creating environment hook '/home/ubuntu/turtlebot4_ws/build/turtlebot4_python_examples/share/turtlebot4_python_examples/hook/pythonpath_develop.sh'
[10.313s] Level 1:colcon.colcon_core.environment:checking '/home/ubuntu/turtlebot4_ws/install/turtlebot4_python_examples' for CMake module files
[10.316s] Level 1:colcon.colcon_core.environment:checking '/home/ubuntu/turtlebot4_ws/install/turtlebot4_python_examples' for CMake config files
[10.321s] Level 1:colcon.colcon_core.environment:checking '/home/ubuntu/turtlebot4_ws/install/turtlebot4_python_examples/lib'
[10.322s] Level 1:colcon.colcon_core.environment:checking '/home/ubuntu/turtlebot4_ws/install/turtlebot4_python_examples/bin'
[10.322s] Level 1:colcon.colcon_core.environment:checking '/home/ubuntu/turtlebot4_ws/install/turtlebot4_python_examples/lib/pkgconfig/turtlebot4_python_examples.pc'
[10.324s] Level 1:colcon.colcon_core.environment:checking '/home/ubuntu/turtlebot4_ws/install/turtlebot4_python_examples/lib/python3.10/site-packages'
[10.324s] Level 1:colcon.colcon_core.shell:create_environment_hook('turtlebot4_python_examples', 'pythonpath')
[10.334s] INFO:colcon.colcon_core.shell:Creating environment hook '/home/ubuntu/turtlebot4_ws/install/turtlebot4_python_examples/share/turtlebot4_python_examples/hook/pythonpath.ps1'
[10.337s] INFO:colcon.colcon_core.shell:Creating environment descriptor '/home/ubuntu/turtlebot4_ws/install/turtlebot4_python_examples/share/turtlebot4_python_examples/hook/pythonpath.dsv'
[10.339s] INFO:colcon.colcon_core.shell:Creating environment hook '/home/ubuntu/turtlebot4_ws/install/turtlebot4_python_examples/share/turtlebot4_python_examples/hook/pythonpath.sh'
[10.344s] Level 1:colcon.colcon_core.environment:checking '/home/ubuntu/turtlebot4_ws/install/turtlebot4_python_examples/bin'
[10.344s] Level 1:colcon.colcon_core.environment:create_environment_scripts_only(turtlebot4_python_examples)
[10.354s] INFO:colcon.colcon_core.shell:Creating package script '/home/ubuntu/turtlebot4_ws/install/turtlebot4_python_examples/share/turtlebot4_python_examples/package.ps1'
[10.360s] INFO:colcon.colcon_core.shell:Creating package descriptor '/home/ubuntu/turtlebot4_ws/install/turtlebot4_python_examples/share/turtlebot4_python_examples/package.dsv'
[10.366s] INFO:colcon.colcon_core.shell:Creating package script '/home/ubuntu/turtlebot4_ws/install/turtlebot4_python_examples/share/turtlebot4_python_examples/package.sh'
[10.372s] INFO:colcon.colcon_core.shell:Creating package script '/home/ubuntu/turtlebot4_ws/install/turtlebot4_python_examples/share/turtlebot4_python_examples/package.bash'
[10.379s] INFO:colcon.colcon_core.shell:Creating package script '/home/ubuntu/turtlebot4_ws/install/turtlebot4_python_examples/share/turtlebot4_python_examples/package.zsh'
[10.384s] Level 1:colcon.colcon_core.environment:create_file_with_runtime_dependencies(/home/ubuntu/turtlebot4_ws/install/turtlebot4_python_examples/share/colcon-core/packages/turtlebot4_python_examples)
[10.393s] DEBUG:colcon.colcon_parallel_executor.executor.parallel:closing loop
[10.393s] DEBUG:colcon.colcon_parallel_executor.executor.parallel:loop closed
[10.396s] DEBUG:colcon.colcon_parallel_executor.executor.parallel:run_until_complete finished with '0'
[10.397s] DEBUG:colcon.colcon_core.event_reactor:joining thread
[10.439s] INFO:colcon.colcon_core.plugin_system:Skipping extension 'colcon_notification.desktop_notification.notify_send': Could not find 'notify-send'
[10.439s] INFO:colcon.colcon_core.plugin_system:Skipping extension 'colcon_notification.desktop_notification.terminal_notifier': Not used on non-Darwin systems
[10.440s] INFO:colcon.colcon_core.plugin_system:Skipping extension 'colcon_notification.desktop_notification.win32': Not used on non-Windows systems
[10.440s] INFO:colcon.colcon_notification.desktop_notification:Sending desktop notification using 'notify2'
[10.487s] DEBUG:colcon.colcon_notification.desktop_notification.notify2:Failed to initialize notify2: org.freedesktop.DBus.Error.ServiceUnknown: The name org.freedesktop.Notifications was not provided by any .service files
[10.488s] DEBUG:colcon.colcon_core.event_reactor:joined thread
[10.495s] INFO:colcon.colcon_core.shell:Creating prefix script '/home/ubuntu/turtlebot4_ws/install/local_setup.ps1'
[10.502s] INFO:colcon.colcon_core.shell:Creating prefix util module '/home/ubuntu/turtlebot4_ws/install/_local_setup_util_ps1.py'
[10.509s] INFO:colcon.colcon_core.shell:Creating prefix chain script '/home/ubuntu/turtlebot4_ws/install/setup.ps1'
[10.522s] INFO:colcon.colcon_core.shell:Creating prefix script '/home/ubuntu/turtlebot4_ws/install/local_setup.sh'
[10.526s] INFO:colcon.colcon_core.shell:Creating prefix util module '/home/ubuntu/turtlebot4_ws/install/_local_setup_util_sh.py'
[10.529s] INFO:colcon.colcon_core.shell:Creating prefix chain script '/home/ubuntu/turtlebot4_ws/install/setup.sh'
[10.541s] INFO:colcon.colcon_core.shell:Creating prefix script '/home/ubuntu/turtlebot4_ws/install/local_setup.bash'
[10.546s] INFO:colcon.colcon_core.shell:Creating prefix chain script '/home/ubuntu/turtlebot4_ws/install/setup.bash'
[10.558s] INFO:colcon.colcon_core.shell:Creating prefix script '/home/ubuntu/turtlebot4_ws/install/local_setup.zsh'
[10.562s] INFO:colcon.colcon_core.shell:Creating prefix chain script '/home/ubuntu/turtlebot4_ws/install/setup.zsh'
