[1.583s] DEBUG:colcon:Command line arguments: ['/usr/bin/colcon', 'build', '--symlink-install', '--packages-select', 'Lab2_ConnerC_Package']
[1.583s] DEBUG:colcon:Parsed command line arguments: Namespace(log_base=None, log_level=None, verb_name='build', build_base='build', install_base='install', merge_install=False, symlink_install=True, test_result_base=None, continue_on_error=False, executor='parallel', parallel_workers=4, event_handlers=None, ignore_user_meta=False, metas=['./colcon.meta'], base_paths=['.'], packages_ignore=None, packages_ignore_regex=None, paths=None, packages_up_to=None, packages_up_to_regex=None, packages_above=None, packages_above_and_dependencies=None, packages_above_depth=None, packages_select_by_dep=None, packages_skip_by_dep=None, packages_skip_up_to=None, packages_select_build_failed=False, packages_skip_build_finished=False, packages_select_test_failures=False, packages_skip_test_passed=False, packages_select=['Lab2_ConnerC_Package'], packages_skip=None, packages_select_regex=None, packages_skip_regex=None, packages_start=None, packages_end=None, allow_overriding=[], cmake_args=None, cmake_target=None, cmake_target_skip_unavailable=False, cmake_clean_cache=False, cmake_clean_first=False, cmake_force_configure=False, ament_cmake_args=None, catkin_cmake_args=None, catkin_skip_building_tests=False, verb_parser=<colcon_defaults.argument_parser.defaults.DefaultArgumentsDecorator object at 0xffffbc614d00>, verb_extension=<colcon_core.verb.build.BuildVerb object at 0xffffbce85de0>, main=<bound method BuildVerb.main of <colcon_core.verb.build.BuildVerb object at 0xffffbce85de0>>)
[1.743s] Level 1:colcon.colcon_core.package_discovery:discover_packages(colcon_meta) check parameters
[1.744s] Level 1:colcon.colcon_core.package_discovery:discover_packages(recursive) check parameters
[1.744s] Level 1:colcon.colcon_core.package_discovery:discover_packages(ignore) check parameters
[1.744s] Level 1:colcon.colcon_core.package_discovery:discover_packages(path) check parameters
[1.744s] Level 1:colcon.colcon_core.package_discovery:discover_packages(colcon_meta) discover
[1.745s] Level 1:colcon.colcon_core.package_discovery:discover_packages(recursive) discover
[1.745s] INFO:colcon.colcon_core.package_discovery:Crawling recursively for packages in '/home/ubuntu/turtlebot4_ws/src'
[1.746s] Level 1:colcon.colcon_core.package_identification:_identify(.) by extensions ['ignore', 'ignore_ament_install']
[1.746s] Level 1:colcon.colcon_core.package_identification:_identify(.) by extension 'ignore'
[1.747s] Level 1:colcon.colcon_core.package_identification:_identify(.) by extension 'ignore_ament_install'
[1.747s] Level 1:colcon.colcon_core.package_identification:_identify(.) by extensions ['colcon_pkg']
[1.747s] Level 1:colcon.colcon_core.package_identification:_identify(.) by extension 'colcon_pkg'
[1.747s] Level 1:colcon.colcon_core.package_identification:_identify(.) by extensions ['colcon_meta']
[1.748s] Level 1:colcon.colcon_core.package_identification:_identify(.) by extension 'colcon_meta'
[1.748s] Level 1:colcon.colcon_core.package_identification:_identify(.) by extensions ['ros']
[1.748s] Level 1:colcon.colcon_core.package_identification:_identify(.) by extension 'ros'
[1.799s] Level 1:colcon.colcon_core.package_identification:_identify(.) by extensions ['cmake', 'python']
[1.800s] Level 1:colcon.colcon_core.package_identification:_identify(.) by extension 'cmake'
[1.800s] Level 1:colcon.colcon_core.package_identification:_identify(.) by extension 'python'
[1.800s] Level 1:colcon.colcon_core.package_identification:_identify(.) by extensions ['python_setup_py']
[1.800s] Level 1:colcon.colcon_core.package_identification:_identify(.) by extension 'python_setup_py'
[1.801s] Level 1:colcon.colcon_core.package_identification:_identify(Lab1_ConnerC_Package) by extensions ['ignore', 'ignore_ament_install']
[1.802s] Level 1:colcon.colcon_core.package_identification:_identify(Lab1_ConnerC_Package) by extension 'ignore'
[1.802s] Level 1:colcon.colcon_core.package_identification:_identify(Lab1_ConnerC_Package) by extension 'ignore_ament_install'
[1.803s] Level 1:colcon.colcon_core.package_identification:_identify(Lab1_ConnerC_Package) by extensions ['colcon_pkg']
[1.803s] Level 1:colcon.colcon_core.package_identification:_identify(Lab1_ConnerC_Package) by extension 'colcon_pkg'
[1.803s] Level 1:colcon.colcon_core.package_identification:_identify(Lab1_ConnerC_Package) by extensions ['colcon_meta']
[1.803s] Level 1:colcon.colcon_core.package_identification:_identify(Lab1_ConnerC_Package) by extension 'colcon_meta'
[1.804s] Level 1:colcon.colcon_core.package_identification:_identify(Lab1_ConnerC_Package) by extensions ['ros']
[1.804s] Level 1:colcon.colcon_core.package_identification:_identify(Lab1_ConnerC_Package) by extension 'ros'
[1.815s] DEBUG:colcon.colcon_core.package_identification:Package 'Lab1_ConnerC_Package' with type 'ros.ament_python' and name 'Lab1_ConnerC_Package'
[1.815s] Level 1:colcon.colcon_core.package_identification:_identify(Lab1_DerrickS_Package) by extensions ['ignore', 'ignore_ament_install']
[1.816s] Level 1:colcon.colcon_core.package_identification:_identify(Lab1_DerrickS_Package) by extension 'ignore'
[1.816s] Level 1:colcon.colcon_core.package_identification:_identify(Lab1_DerrickS_Package) by extension 'ignore_ament_install'
[1.817s] Level 1:colcon.colcon_core.package_identification:_identify(Lab1_DerrickS_Package) by extensions ['colcon_pkg']
[1.817s] Level 1:colcon.colcon_core.package_identification:_identify(Lab1_DerrickS_Package) by extension 'colcon_pkg'
[1.817s] Level 1:colcon.colcon_core.package_identification:_identify(Lab1_DerrickS_Package) by extensions ['colcon_meta']
[1.817s] Level 1:colcon.colcon_core.package_identification:_identify(Lab1_DerrickS_Package) by extension 'colcon_meta'
[1.818s] Level 1:colcon.colcon_core.package_identification:_identify(Lab1_DerrickS_Package) by extensions ['ros']
[1.818s] Level 1:colcon.colcon_core.package_identification:_identify(Lab1_DerrickS_Package) by extension 'ros'
[1.821s] DEBUG:colcon.colcon_core.package_identification:Package 'Lab1_DerrickS_Package' with type 'ros.ament_python' and name 'Lab1_DerrickS_Package'
[1.822s] Level 1:colcon.colcon_core.package_identification:_identify(Lab2_ConnerC_Package) by extensions ['ignore', 'ignore_ament_install']
[1.823s] Level 1:colcon.colcon_core.package_identification:_identify(Lab2_ConnerC_Package) by extension 'ignore'
[1.823s] Level 1:colcon.colcon_core.package_identification:_identify(Lab2_ConnerC_Package) by extension 'ignore_ament_install'
[1.823s] Level 1:colcon.colcon_core.package_identification:_identify(Lab2_ConnerC_Package) by extensions ['colcon_pkg']
[1.824s] Level 1:colcon.colcon_core.package_identification:_identify(Lab2_ConnerC_Package) by extension 'colcon_pkg'
[1.824s] Level 1:colcon.colcon_core.package_identification:_identify(Lab2_ConnerC_Package) by extensions ['colcon_meta']
[1.824s] Level 1:colcon.colcon_core.package_identification:_identify(Lab2_ConnerC_Package) by extension 'colcon_meta'
[1.824s] Level 1:colcon.colcon_core.package_identification:_identify(Lab2_ConnerC_Package) by extensions ['ros']
[1.825s] Level 1:colcon.colcon_core.package_identification:_identify(Lab2_ConnerC_Package) by extension 'ros'
[1.827s] DEBUG:colcon.colcon_core.package_identification:Package 'Lab2_ConnerC_Package' with type 'ros.ament_python' and name 'Lab2_ConnerC_Package'
[1.828s] Level 1:colcon.colcon_core.package_identification:_identify(build) by extensions ['ignore', 'ignore_ament_install']
[1.829s] Level 1:colcon.colcon_core.package_identification:_identify(build) by extension 'ignore'
[1.829s] Level 1:colcon.colcon_core.package_identification:_identify(build) ignored
[1.830s] Level 1:colcon.colcon_core.package_identification:_identify(install) by extensions ['ignore', 'ignore_ament_install']
[1.830s] Level 1:colcon.colcon_core.package_identification:_identify(install) by extension 'ignore'
[1.830s] Level 1:colcon.colcon_core.package_identification:_identify(install) ignored
[1.831s] Level 1:colcon.colcon_core.package_identification:_identify(log) by extensions ['ignore', 'ignore_ament_install']
[1.831s] Level 1:colcon.colcon_core.package_identification:_identify(log) by extension 'ignore'
[1.831s] Level 1:colcon.colcon_core.package_identification:_identify(log) ignored
[1.832s] Level 1:colcon.colcon_core.package_identification:_identify(turtlebot4_python_tutorials) by extensions ['ignore', 'ignore_ament_install']
[1.832s] Level 1:colcon.colcon_core.package_identification:_identify(turtlebot4_python_tutorials) by extension 'ignore'
[1.832s] Level 1:colcon.colcon_core.package_identification:_identify(turtlebot4_python_tutorials) by extension 'ignore_ament_install'
[1.833s] Level 1:colcon.colcon_core.package_identification:_identify(turtlebot4_python_tutorials) by extensions ['colcon_pkg']
[1.833s] Level 1:colcon.colcon_core.package_identification:_identify(turtlebot4_python_tutorials) by extension 'colcon_pkg'
[1.833s] Level 1:colcon.colcon_core.package_identification:_identify(turtlebot4_python_tutorials) by extensions ['colcon_meta']
[1.833s] Level 1:colcon.colcon_core.package_identification:_identify(turtlebot4_python_tutorials) by extension 'colcon_meta'
[1.833s] Level 1:colcon.colcon_core.package_identification:_identify(turtlebot4_python_tutorials) by extensions ['ros']
[1.833s] Level 1:colcon.colcon_core.package_identification:_identify(turtlebot4_python_tutorials) by extension 'ros'
[1.835s] DEBUG:colcon.colcon_core.package_identification:Package 'turtlebot4_python_tutorials' with type 'ros.ament_python' and name 'turtlebot4_python_tutorials'
[1.836s] Level 1:colcon.colcon_core.package_identification:_identify(turtlebot4_python_tutorials_Conner_Carriere) by extensions ['ignore', 'ignore_ament_install']
[1.836s] Level 1:colcon.colcon_core.package_identification:_identify(turtlebot4_python_tutorials_Conner_Carriere) by extension 'ignore'
[1.837s] Level 1:colcon.colcon_core.package_identification:_identify(turtlebot4_python_tutorials_Conner_Carriere) by extension 'ignore_ament_install'
[1.838s] Level 1:colcon.colcon_core.package_identification:_identify(turtlebot4_python_tutorials_Conner_Carriere) by extensions ['colcon_pkg']
[1.838s] Level 1:colcon.colcon_core.package_identification:_identify(turtlebot4_python_tutorials_Conner_Carriere) by extension 'colcon_pkg'
[1.838s] Level 1:colcon.colcon_core.package_identification:_identify(turtlebot4_python_tutorials_Conner_Carriere) by extensions ['colcon_meta']
[1.838s] Level 1:colcon.colcon_core.package_identification:_identify(turtlebot4_python_tutorials_Conner_Carriere) by extension 'colcon_meta'
[1.839s] Level 1:colcon.colcon_core.package_identification:_identify(turtlebot4_python_tutorials_Conner_Carriere) by extensions ['ros']
[1.839s] Level 1:colcon.colcon_core.package_identification:_identify(turtlebot4_python_tutorials_Conner_Carriere) by extension 'ros'
[1.842s] DEBUG:colcon.colcon_core.package_identification:Package 'turtlebot4_python_tutorials_Conner_Carriere' with type 'ros.ament_python' and name 'turtlebot4_python_tutorials_Conner_Carriere'
[1.842s] Level 1:colcon.colcon_core.package_discovery:discover_packages(recursive) using defaults
[1.843s] Level 1:colcon.colcon_core.package_discovery:discover_packages(ignore) discover
[1.843s] Level 1:colcon.colcon_core.package_discovery:discover_packages(ignore) using defaults
[1.843s] Level 1:colcon.colcon_core.package_discovery:discover_packages(path) discover
[1.843s] Level 1:colcon.colcon_core.package_discovery:discover_packages(path) using defaults
[1.951s] INFO:colcon.colcon_core.package_selection:Skipping not selected package 'Lab1_ConnerC_Package' in 'Lab1_ConnerC_Package'
[1.951s] INFO:colcon.colcon_core.package_selection:Skipping not selected package 'Lab1_DerrickS_Package' in 'Lab1_DerrickS_Package'
[1.951s] INFO:colcon.colcon_core.package_selection:Skipping not selected package 'turtlebot4_python_tutorials' in 'turtlebot4_python_tutorials'
[1.951s] INFO:colcon.colcon_core.package_selection:Skipping not selected package 'turtlebot4_python_tutorials_Conner_Carriere' in 'turtlebot4_python_tutorials_Conner_Carriere'
[1.954s] Level 1:colcon.colcon_core.package_discovery:discover_packages(prefix_path) check parameters
[1.955s] Level 1:colcon.colcon_core.package_discovery:discover_packages(prefix_path) discover
[1.968s] DEBUG:colcon.colcon_installed_package_information.package_discovery:Found 2 installed packages in /home/ubuntu/turtlebot4_ws/install
[1.981s] DEBUG:colcon.colcon_installed_package_information.package_discovery:Found 313 installed packages in /opt/ros/humble
[1.989s] Level 1:colcon.colcon_core.package_discovery:discover_packages(prefix_path) using defaults
[2.283s] Level 5:colcon.colcon_core.verb:set package 'Lab2_ConnerC_Package' build argument 'cmake_args' from command line to 'None'
[2.283s] Level 5:colcon.colcon_core.verb:set package 'Lab2_ConnerC_Package' build argument 'cmake_target' from command line to 'None'
[2.283s] Level 5:colcon.colcon_core.verb:set package 'Lab2_ConnerC_Package' build argument 'cmake_target_skip_unavailable' from command line to 'False'
[2.283s] Level 5:colcon.colcon_core.verb:set package 'Lab2_ConnerC_Package' build argument 'cmake_clean_cache' from command line to 'False'
[2.283s] Level 5:colcon.colcon_core.verb:set package 'Lab2_ConnerC_Package' build argument 'cmake_clean_first' from command line to 'False'
[2.283s] Level 5:colcon.colcon_core.verb:set package 'Lab2_ConnerC_Package' build argument 'cmake_force_configure' from command line to 'False'
[2.283s] Level 5:colcon.colcon_core.verb:set package 'Lab2_ConnerC_Package' build argument 'ament_cmake_args' from command line to 'None'
[2.283s] Level 5:colcon.colcon_core.verb:set package 'Lab2_ConnerC_Package' build argument 'catkin_cmake_args' from command line to 'None'
[2.284s] Level 5:colcon.colcon_core.verb:set package 'Lab2_ConnerC_Package' build argument 'catkin_skip_building_tests' from command line to 'False'
[2.284s] DEBUG:colcon.colcon_core.verb:Building package 'Lab2_ConnerC_Package' with the following arguments: {'ament_cmake_args': None, 'build_base': '/home/ubuntu/turtlebot4_ws/src/build/Lab2_ConnerC_Package', 'catkin_cmake_args': None, 'catkin_skip_building_tests': False, 'cmake_args': None, 'cmake_clean_cache': False, 'cmake_clean_first': False, 'cmake_force_configure': False, 'cmake_target': None, 'cmake_target_skip_unavailable': False, 'install_base': '/home/ubuntu/turtlebot4_ws/src/install/Lab2_ConnerC_Package', 'merge_install': False, 'path': '/home/ubuntu/turtlebot4_ws/src/Lab2_ConnerC_Package', 'symlink_install': True, 'test_result_base': None}
[2.287s] INFO:colcon.colcon_core.executor:Executing jobs using 'parallel' executor
[2.303s] DEBUG:colcon.colcon_parallel_executor.executor.parallel:run_until_complete
[2.305s] INFO:colcon.colcon_ros.task.ament_python.build:Building ROS package in '/home/ubuntu/turtlebot4_ws/src/Lab2_ConnerC_Package' with build type 'ament_python'
[2.306s] Level 1:colcon.colcon_core.shell:create_environment_hook('Lab2_ConnerC_Package', 'ament_prefix_path')
[2.328s] INFO:colcon.colcon_core.plugin_system:Skipping extension 'colcon_core.shell.bat': Not used on non-Windows systems
[2.329s] INFO:colcon.colcon_core.shell:Creating environment hook '/home/ubuntu/turtlebot4_ws/src/install/Lab2_ConnerC_Package/share/Lab2_ConnerC_Package/hook/ament_prefix_path.ps1'
[2.332s] INFO:colcon.colcon_core.shell:Creating environment descriptor '/home/ubuntu/turtlebot4_ws/src/install/Lab2_ConnerC_Package/share/Lab2_ConnerC_Package/hook/ament_prefix_path.dsv'
[2.336s] INFO:colcon.colcon_core.shell:Creating environment hook '/home/ubuntu/turtlebot4_ws/src/install/Lab2_ConnerC_Package/share/Lab2_ConnerC_Package/hook/ament_prefix_path.sh'
[2.345s] INFO:colcon.colcon_core.shell:Skip shell extension 'powershell' for command environment: Not usable outside of PowerShell
[2.345s] DEBUG:colcon.colcon_core.shell:Skip shell extension 'dsv' for command environment
[3.715s] INFO:colcon.colcon_core.task.python.build:Building Python package in '/home/ubuntu/turtlebot4_ws/src/Lab2_ConnerC_Package'
[3.721s] INFO:colcon.colcon_core.shell:Skip shell extension 'powershell' for command environment: Not usable outside of PowerShell
[3.721s] DEBUG:colcon.colcon_core.shell:Skip shell extension 'dsv' for command environment
[5.719s] DEBUG:colcon.colcon_core.event_handler.log_command:Invoking command in '/home/ubuntu/turtlebot4_ws/src/build/Lab2_ConnerC_Package': PYTHONPATH=/home/ubuntu/turtlebot4_ws/src/build/Lab2_ConnerC_Package/prefix_override:/home/ubuntu/turtlebot4_ws/src/install/Lab2_ConnerC_Package/lib/python3.10/site-packages:${PYTHONPATH} /usr/bin/python3 setup.py develop --editable --build-directory /home/ubuntu/turtlebot4_ws/src/build/Lab2_ConnerC_Package/build --no-deps install_data
[8.180s] Level 1:colcon.colcon_core.shell:create_environment_hook('Lab2_ConnerC_Package', 'pythonpath_develop')
[8.187s] INFO:colcon.colcon_core.shell:Creating environment hook '/home/ubuntu/turtlebot4_ws/src/build/Lab2_ConnerC_Package/share/Lab2_ConnerC_Package/hook/pythonpath_develop.ps1'
[8.188s] DEBUG:colcon.colcon_core.event_handler.log_command:Invoked command in '/home/ubuntu/turtlebot4_ws/src/build/Lab2_ConnerC_Package' returned '0': PYTHONPATH=/home/ubuntu/turtlebot4_ws/src/build/Lab2_ConnerC_Package/prefix_override:/home/ubuntu/turtlebot4_ws/src/install/Lab2_ConnerC_Package/lib/python3.10/site-packages:${PYTHONPATH} /usr/bin/python3 setup.py develop --editable --build-directory /home/ubuntu/turtlebot4_ws/src/build/Lab2_ConnerC_Package/build --no-deps install_data
[8.191s] INFO:colcon.colcon_core.shell:Creating environment descriptor '/home/ubuntu/turtlebot4_ws/src/build/Lab2_ConnerC_Package/share/Lab2_ConnerC_Package/hook/pythonpath_develop.dsv'
[8.195s] INFO:colcon.colcon_core.shell:Creating environment hook '/home/ubuntu/turtlebot4_ws/src/build/Lab2_ConnerC_Package/share/Lab2_ConnerC_Package/hook/pythonpath_develop.sh'
[8.234s] Level 1:colcon.colcon_core.environment:checking '/home/ubuntu/turtlebot4_ws/src/install/Lab2_ConnerC_Package' for CMake module files
[8.237s] Level 1:colcon.colcon_core.environment:checking '/home/ubuntu/turtlebot4_ws/src/install/Lab2_ConnerC_Package' for CMake config files
[8.241s] Level 1:colcon.colcon_core.environment:checking '/home/ubuntu/turtlebot4_ws/src/install/Lab2_ConnerC_Package/lib'
[8.242s] Level 1:colcon.colcon_core.environment:checking '/home/ubuntu/turtlebot4_ws/src/install/Lab2_ConnerC_Package/bin'
[8.243s] Level 1:colcon.colcon_core.environment:checking '/home/ubuntu/turtlebot4_ws/src/install/Lab2_ConnerC_Package/lib/pkgconfig/Lab2_ConnerC_Package.pc'
[8.244s] Level 1:colcon.colcon_core.environment:checking '/home/ubuntu/turtlebot4_ws/src/install/Lab2_ConnerC_Package/lib/python3.10/site-packages'
[8.245s] Level 1:colcon.colcon_core.shell:create_environment_hook('Lab2_ConnerC_Package', 'pythonpath')
[8.250s] INFO:colcon.colcon_core.shell:Creating environment hook '/home/ubuntu/turtlebot4_ws/src/install/Lab2_ConnerC_Package/share/Lab2_ConnerC_Package/hook/pythonpath.ps1'
[8.252s] INFO:colcon.colcon_core.shell:Creating environment descriptor '/home/ubuntu/turtlebot4_ws/src/install/Lab2_ConnerC_Package/share/Lab2_ConnerC_Package/hook/pythonpath.dsv'
[8.255s] INFO:colcon.colcon_core.shell:Creating environment hook '/home/ubuntu/turtlebot4_ws/src/install/Lab2_ConnerC_Package/share/Lab2_ConnerC_Package/hook/pythonpath.sh'
[8.259s] Level 1:colcon.colcon_core.environment:checking '/home/ubuntu/turtlebot4_ws/src/install/Lab2_ConnerC_Package/bin'
[8.260s] Level 1:colcon.colcon_core.environment:create_environment_scripts_only(Lab2_ConnerC_Package)
[8.265s] INFO:colcon.colcon_core.shell:Creating package script '/home/ubuntu/turtlebot4_ws/src/install/Lab2_ConnerC_Package/share/Lab2_ConnerC_Package/package.ps1'
[8.270s] INFO:colcon.colcon_core.shell:Creating package descriptor '/home/ubuntu/turtlebot4_ws/src/install/Lab2_ConnerC_Package/share/Lab2_ConnerC_Package/package.dsv'
[8.274s] INFO:colcon.colcon_core.shell:Creating package script '/home/ubuntu/turtlebot4_ws/src/install/Lab2_ConnerC_Package/share/Lab2_ConnerC_Package/package.sh'
[8.279s] INFO:colcon.colcon_core.shell:Creating package script '/home/ubuntu/turtlebot4_ws/src/install/Lab2_ConnerC_Package/share/Lab2_ConnerC_Package/package.bash'
[8.283s] INFO:colcon.colcon_core.shell:Creating package script '/home/ubuntu/turtlebot4_ws/src/install/Lab2_ConnerC_Package/share/Lab2_ConnerC_Package/package.zsh'
[8.287s] Level 1:colcon.colcon_core.environment:create_file_with_runtime_dependencies(/home/ubuntu/turtlebot4_ws/src/install/Lab2_ConnerC_Package/share/colcon-core/packages/Lab2_ConnerC_Package)
[8.292s] DEBUG:colcon.colcon_parallel_executor.executor.parallel:closing loop
[8.293s] DEBUG:colcon.colcon_parallel_executor.executor.parallel:loop closed
[8.293s] DEBUG:colcon.colcon_parallel_executor.executor.parallel:run_until_complete finished with '0'
[8.293s] DEBUG:colcon.colcon_core.event_reactor:joining thread
[8.323s] INFO:colcon.colcon_core.plugin_system:Skipping extension 'colcon_notification.desktop_notification.notify_send': Could not find 'notify-send'
[8.323s] INFO:colcon.colcon_core.plugin_system:Skipping extension 'colcon_notification.desktop_notification.terminal_notifier': Not used on non-Darwin systems
[8.324s] INFO:colcon.colcon_core.plugin_system:Skipping extension 'colcon_notification.desktop_notification.win32': Not used on non-Windows systems
[8.325s] INFO:colcon.colcon_notification.desktop_notification:Sending desktop notification using 'notify2'
[8.330s] DEBUG:colcon.colcon_notification.desktop_notification.notify2:Failed to initialize notify2: org.freedesktop.DBus.Error.ServiceUnknown: The name org.freedesktop.Notifications was not provided by any .service files
[8.331s] DEBUG:colcon.colcon_core.event_reactor:joined thread
[8.338s] INFO:colcon.colcon_core.shell:Creating prefix script '/home/ubuntu/turtlebot4_ws/src/install/local_setup.ps1'
[8.342s] INFO:colcon.colcon_core.shell:Creating prefix util module '/home/ubuntu/turtlebot4_ws/src/install/_local_setup_util_ps1.py'
[8.349s] INFO:colcon.colcon_core.shell:Creating prefix chain script '/home/ubuntu/turtlebot4_ws/src/install/setup.ps1'
[8.356s] INFO:colcon.colcon_core.shell:Creating prefix script '/home/ubuntu/turtlebot4_ws/src/install/local_setup.sh'
[8.360s] INFO:colcon.colcon_core.shell:Creating prefix util module '/home/ubuntu/turtlebot4_ws/src/install/_local_setup_util_sh.py'
[8.363s] INFO:colcon.colcon_core.shell:Creating prefix chain script '/home/ubuntu/turtlebot4_ws/src/install/setup.sh'
[8.372s] INFO:colcon.colcon_core.shell:Creating prefix script '/home/ubuntu/turtlebot4_ws/src/install/local_setup.bash'
[8.375s] INFO:colcon.colcon_core.shell:Creating prefix chain script '/home/ubuntu/turtlebot4_ws/src/install/setup.bash'
[8.382s] INFO:colcon.colcon_core.shell:Creating prefix script '/home/ubuntu/turtlebot4_ws/src/install/local_setup.zsh'
[8.386s] INFO:colcon.colcon_core.shell:Creating prefix chain script '/home/ubuntu/turtlebot4_ws/src/install/setup.zsh'
