[4.787s] Invoking command in '/home/ubuntu/turtlebot4_ws/build/turtlebot4_python_tutorials': PYTHONPATH=/home/ubuntu/turtlebot4_ws/build/turtlebot4_python_tutorials/prefix_override:/home/ubuntu/turtlebot4_ws/install/turtlebot4_python_tutorials/lib/python3.10/site-packages:${PYTHONPATH} /usr/bin/python3 setup.py develop --editable --build-directory /home/ubuntu/turtlebot4_ws/build/turtlebot4_python_tutorials/build --no-deps install_data
[6.228s] running develop
[6.230s] /usr/lib/python3/dist-packages/setuptools/command/easy_install.py:158: EasyInstallDeprecationWarning: easy_install command is deprecated. Use build and pip and other standards-based tools.
[6.232s]   warnings.warn(
[6.239s] /usr/lib/python3/dist-packages/setuptools/command/install.py:34: SetuptoolsDeprecationWarning: setup.py install is deprecated. Use build and pip and other standards-based tools.
[6.239s]   warnings.warn(
[6.593s] /usr/lib/python3/dist-packages/pkg_resources/__init__.py:116: PkgResourcesDeprecationWarning: 1.16.0-unknown is an invalid version and will not be supported in a future release
[6.595s]   warnings.warn(
[6.603s] /usr/lib/python3/dist-packages/pkg_resources/__init__.py:116: PkgResourcesDeprecationWarning: 1.1build1 is an invalid version and will not be supported in a future release
[6.604s]   warnings.warn(
[6.609s] /usr/lib/python3/dist-packages/pkg_resources/__init__.py:116: PkgResourcesDeprecationWarning: 0.1.43ubuntu1 is an invalid version and will not be supported in a future release
[6.610s]   warnings.warn(
[7.232s] running egg_info
[7.234s] writing turtlebot4_python_tutorials.egg-info/PKG-INFO
[7.238s] writing dependency_links to turtlebot4_python_tutorials.egg-info/dependency_links.txt
[7.240s] writing entry points to turtlebot4_python_tutorials.egg-info/entry_points.txt
[7.241s] writing requirements to turtlebot4_python_tutorials.egg-info/requires.txt
[7.244s] writing top-level names to turtlebot4_python_tutorials.egg-info/top_level.txt
[7.255s] reading manifest file 'turtlebot4_python_tutorials.egg-info/SOURCES.txt'
[7.257s] writing manifest file 'turtlebot4_python_tutorials.egg-info/SOURCES.txt'
[7.264s] running build_ext
[7.265s] Creating /home/ubuntu/turtlebot4_ws/install/turtlebot4_python_tutorials/lib/python3.10/site-packages/turtlebot4-python-tutorials.egg-link (link to .)
[7.271s] Installing turtlebot4_first_python_node script to /home/ubuntu/turtlebot4_ws/install/turtlebot4_python_tutorials/lib/turtlebot4_python_tutorials
[7.276s] 
[7.279s] Installed /home/ubuntu/turtlebot4_ws/build/turtlebot4_python_tutorials
[7.281s] running install_data
[7.556s] Invoked command in '/home/ubuntu/turtlebot4_ws/build/turtlebot4_python_tutorials' returned '0': PYTHONPATH=/home/ubuntu/turtlebot4_ws/build/turtlebot4_python_tutorials/prefix_override:/home/ubuntu/turtlebot4_ws/install/turtlebot4_python_tutorials/lib/python3.10/site-packages:${PYTHONPATH} /usr/bin/python3 setup.py develop --editable --build-directory /home/ubuntu/turtlebot4_ws/build/turtlebot4_python_tutorials/build --no-deps install_data
