[4.898s] Invoking command in '/home/ubuntu/turtlebot4_ws/build/turtlebot4_python_tutorials': PYTHONPATH=/home/ubuntu/turtlebot4_ws/build/turtlebot4_python_tutorials/prefix_override:/home/ubuntu/turtlebot4_ws/install/turtlebot4_python_tutorials/lib/python3.10/site-packages:${PYTHONPATH} /usr/bin/python3 setup.py develop --editable --build-directory /home/ubuntu/turtlebot4_ws/build/turtlebot4_python_tutorials/build --no-deps install_data
[6.378s] running develop
[6.382s] /usr/lib/python3/dist-packages/setuptools/command/easy_install.py:158: EasyInstallDeprecationWarning: easy_install command is deprecated. Use build and pip and other standards-based tools.
[6.383s]   warnings.warn(
[6.387s] /usr/lib/python3/dist-packages/setuptools/command/install.py:34: SetuptoolsDeprecationWarning: setup.py install is deprecated. Use build and pip and other standards-based tools.
[6.387s]   warnings.warn(
[6.742s] /usr/lib/python3/dist-packages/pkg_resources/__init__.py:116: PkgResourcesDeprecationWarning: 1.16.0-unknown is an invalid version and will not be supported in a future release
[6.742s]   warnings.warn(
[6.748s] /usr/lib/python3/dist-packages/pkg_resources/__init__.py:116: PkgResourcesDeprecationWarning: 1.1build1 is an invalid version and will not be supported in a future release
[6.749s]   warnings.warn(
[6.750s] /usr/lib/python3/dist-packages/pkg_resources/__init__.py:116: PkgResourcesDeprecationWarning: 0.1.43ubuntu1 is an invalid version and will not be supported in a future release
[6.750s]   warnings.warn(
[7.373s] running egg_info
[7.374s] writing turtlebot4_python_tutorials.egg-info/PKG-INFO
[7.375s] writing dependency_links to turtlebot4_python_tutorials.egg-info/dependency_links.txt
[7.376s] writing entry points to turtlebot4_python_tutorials.egg-info/entry_points.txt
[7.377s] writing requirements to turtlebot4_python_tutorials.egg-info/requires.txt
[7.378s] writing top-level names to turtlebot4_python_tutorials.egg-info/top_level.txt
[7.386s] reading manifest file 'turtlebot4_python_tutorials.egg-info/SOURCES.txt'
[7.392s] writing manifest file 'turtlebot4_python_tutorials.egg-info/SOURCES.txt'
[7.398s] running build_ext
[7.399s] Creating /home/ubuntu/turtlebot4_ws/install/turtlebot4_python_tutorials/lib/python3.10/site-packages/turtlebot4-python-tutorials.egg-link (link to .)
[7.403s] Installing turtlebot4_first_python_node script to /home/ubuntu/turtlebot4_ws/install/turtlebot4_python_tutorials/lib/turtlebot4_python_tutorials
[7.404s] 
[7.405s] Installed /home/ubuntu/turtlebot4_ws/build/turtlebot4_python_tutorials
[7.406s] running install_data
[7.622s] Invoked command in '/home/ubuntu/turtlebot4_ws/build/turtlebot4_python_tutorials' returned '0': PYTHONPATH=/home/ubuntu/turtlebot4_ws/build/turtlebot4_python_tutorials/prefix_override:/home/ubuntu/turtlebot4_ws/install/turtlebot4_python_tutorials/lib/python3.10/site-packages:${PYTHONPATH} /usr/bin/python3 setup.py develop --editable --build-directory /home/ubuntu/turtlebot4_ws/build/turtlebot4_python_tutorials/build --no-deps install_data
