running develop
running egg_info
creating ianp_lidar_lab.egg-info
writing ianp_lidar_lab.egg-info/PKG-INFO
writing dependency_links to ianp_lidar_lab.egg-info/dependency_links.txt
writing entry points to ianp_lidar_lab.egg-info/entry_points.txt
writing requirements to ianp_lidar_lab.egg-info/requires.txt
writing top-level names to ianp_lidar_lab.egg-info/top_level.txt
writing manifest file 'ianp_lidar_lab.egg-info/SOURCES.txt'
reading manifest file 'ianp_lidar_lab.egg-info/SOURCES.txt'
writing manifest file 'ianp_lidar_lab.egg-info/SOURCES.txt'
running build_ext
Creating /home/ubuntu/turtlebot4_ws/install/ianp_lidar_lab/lib/python3.10/site-packages/ianp-lidar-lab.egg-link (link to .)
Installing ianp_lidar_node script to /home/ubuntu/turtlebot4_ws/install/ianp_lidar_lab/lib/ianp_lidar_lab

Installed /home/ubuntu/turtlebot4_ws/build/ianp_lidar_lab
running install_data
creating /home/ubuntu/turtlebot4_ws/install/ianp_lidar_lab/share/ament_index
creating /home/ubuntu/turtlebot4_ws/install/ianp_lidar_lab/share/ament_index/resource_index
creating /home/ubuntu/turtlebot4_ws/install/ianp_lidar_lab/share/ament_index/resource_index/packages
copying resource/ianp_lidar_lab -> /home/ubuntu/turtlebot4_ws/install/ianp_lidar_lab/share/ament_index/resource_index/packages
copying package.xml -> /home/ubuntu/turtlebot4_ws/install/ianp_lidar_lab/share/ianp_lidar_lab
