[3.860s] Invoking command in '/home/ubuntu/turtlebot4_ws/build/ianp_lidar_lab': PYTHONPATH=/home/ubuntu/turtlebot4_ws/build/ianp_lidar_lab/prefix_override:/home/ubuntu/turtlebot4_ws/install/ianp_lidar_lab/lib/python3.10/site-packages:${PYTHONPATH} /usr/bin/python3 setup.py develop --editable --build-directory /home/ubuntu/turtlebot4_ws/build/ianp_lidar_lab/build --no-deps install_data
[5.313s] running develop
[5.318s] /usr/lib/python3/dist-packages/setuptools/command/easy_install.py:158: EasyInstallDeprecationWarning: easy_install command is deprecated. Use build and pip and other standards-based tools.
[5.319s]   warnings.warn(
[5.326s] /usr/lib/python3/dist-packages/setuptools/command/install.py:34: SetuptoolsDeprecationWarning: setup.py install is deprecated. Use build and pip and other standards-based tools.
[5.327s]   warnings.warn(
[5.708s] /usr/lib/python3/dist-packages/pkg_resources/__init__.py:116: PkgResourcesDeprecationWarning: 1.16.0-unknown is an invalid version and will not be supported in a future release
[5.709s]   warnings.warn(
[5.710s] /usr/lib/python3/dist-packages/pkg_resources/__init__.py:116: PkgResourcesDeprecationWarning: 1.1build1 is an invalid version and will not be supported in a future release
[5.711s]   warnings.warn(
[5.712s] /usr/lib/python3/dist-packages/pkg_resources/__init__.py:116: PkgResourcesDeprecationWarning: 0.1.43ubuntu1 is an invalid version and will not be supported in a future release
[5.712s]   warnings.warn(
[6.348s] running egg_info
[6.349s] creating ianp_lidar_lab.egg-info
[6.350s] writing ianp_lidar_lab.egg-info/PKG-INFO
[6.351s] writing dependency_links to ianp_lidar_lab.egg-info/dependency_links.txt
[6.352s] writing entry points to ianp_lidar_lab.egg-info/entry_points.txt
[6.353s] writing requirements to ianp_lidar_lab.egg-info/requires.txt
[6.353s] writing top-level names to ianp_lidar_lab.egg-info/top_level.txt
[6.354s] writing manifest file 'ianp_lidar_lab.egg-info/SOURCES.txt'
[6.362s] reading manifest file 'ianp_lidar_lab.egg-info/SOURCES.txt'
[6.369s] writing manifest file 'ianp_lidar_lab.egg-info/SOURCES.txt'
[6.377s] running build_ext
[6.378s] Creating /home/ubuntu/turtlebot4_ws/install/ianp_lidar_lab/lib/python3.10/site-packages/ianp-lidar-lab.egg-link (link to .)
[6.381s] Installing ianp_lidar_node script to /home/ubuntu/turtlebot4_ws/install/ianp_lidar_lab/lib/ianp_lidar_lab
[6.386s] 
[6.392s] Installed /home/ubuntu/turtlebot4_ws/build/ianp_lidar_lab
[6.393s] running install_data
[6.395s] creating /home/ubuntu/turtlebot4_ws/install/ianp_lidar_lab/share/ament_index
[6.403s] creating /home/ubuntu/turtlebot4_ws/install/ianp_lidar_lab/share/ament_index/resource_index
[6.406s] creating /home/ubuntu/turtlebot4_ws/install/ianp_lidar_lab/share/ament_index/resource_index/packages
[6.408s] copying resource/ianp_lidar_lab -> /home/ubuntu/turtlebot4_ws/install/ianp_lidar_lab/share/ament_index/resource_index/packages
[6.410s] copying package.xml -> /home/ubuntu/turtlebot4_ws/install/ianp_lidar_lab/share/ianp_lidar_lab
[6.550s] Invoked command in '/home/ubuntu/turtlebot4_ws/build/ianp_lidar_lab' returned '0': PYTHONPATH=/home/ubuntu/turtlebot4_ws/build/ianp_lidar_lab/prefix_override:/home/ubuntu/turtlebot4_ws/install/ianp_lidar_lab/lib/python3.10/site-packages:${PYTHONPATH} /usr/bin/python3 setup.py develop --editable --build-directory /home/ubuntu/turtlebot4_ws/build/ianp_lidar_lab/build --no-deps install_data
