[3.180s] Invoking command in '/home/ubuntu/turtlebot4_ws/build/turtlebot4_python_tutorials': PYTHONPATH=/home/ubuntu/turtlebot4_ws/build/turtlebot4_python_tutorials/prefix_override:/home/ubuntu/turtlebot4_ws/install/turtlebot4_python_tutorials/lib/python3.10/site-packages:${PYTHONPATH} /usr/bin/python3 setup.py develop --editable --build-directory /home/ubuntu/turtlebot4_ws/build/turtlebot4_python_tutorials/build --no-deps install_data
[4.382s] running develop
[4.387s] /usr/lib/python3/dist-packages/setuptools/command/easy_install.py:158: EasyInstallDeprecationWarning: easy_install command is deprecated. Use build and pip and other standards-based tools.
[4.387s]   warnings.warn(
[4.394s] /usr/lib/python3/dist-packages/setuptools/command/install.py:34: SetuptoolsDeprecationWarning: setup.py install is deprecated. Use build and pip and other standards-based tools.
[4.394s]   warnings.warn(
[4.680s] /usr/lib/python3/dist-packages/pkg_resources/__init__.py:116: PkgResourcesDeprecationWarning: 1.16.0-unknown is an invalid version and will not be supported in a future release
[4.680s]   warnings.warn(
[4.681s] /usr/lib/python3/dist-packages/pkg_resources/__init__.py:116: PkgResourcesDeprecationWarning: 1.1build1 is an invalid version and will not be supported in a future release
[4.682s]   warnings.warn(
[4.682s] /usr/lib/python3/dist-packages/pkg_resources/__init__.py:116: PkgResourcesDeprecationWarning: 0.1.43ubuntu1 is an invalid version and will not be supported in a future release
[4.683s]   warnings.warn(
[5.197s] running egg_info
[5.197s] creating turtlebot4_python_tutorials.egg-info
[5.198s] writing turtlebot4_python_tutorials.egg-info/PKG-INFO
[5.199s] writing dependency_links to turtlebot4_python_tutorials.egg-info/dependency_links.txt
[5.200s] writing entry points to turtlebot4_python_tutorials.egg-info/entry_points.txt
[5.200s] writing requirements to turtlebot4_python_tutorials.egg-info/requires.txt
[5.201s] writing top-level names to turtlebot4_python_tutorials.egg-info/top_level.txt
[5.202s] writing manifest file 'turtlebot4_python_tutorials.egg-info/SOURCES.txt'
[5.209s] reading manifest file 'turtlebot4_python_tutorials.egg-info/SOURCES.txt'
[5.212s] writing manifest file 'turtlebot4_python_tutorials.egg-info/SOURCES.txt'
[5.217s] running build_ext
[5.218s] Creating /home/ubuntu/turtlebot4_ws/install/turtlebot4_python_tutorials/lib/python3.10/site-packages/turtlebot4-python-tutorials.egg-link (link to .)
[5.222s] Installing turtlebot4_first_python_node script to /home/ubuntu/turtlebot4_ws/install/turtlebot4_python_tutorials/lib/turtlebot4_python_tutorials
[5.223s] 
[5.224s] Installed /home/ubuntu/turtlebot4_ws/build/turtlebot4_python_tutorials
[5.224s] running install_data
[5.225s] creating /home/ubuntu/turtlebot4_ws/install/turtlebot4_python_tutorials/share/ament_index
[5.225s] creating /home/ubuntu/turtlebot4_ws/install/turtlebot4_python_tutorials/share/ament_index/resource_index
[5.226s] creating /home/ubuntu/turtlebot4_ws/install/turtlebot4_python_tutorials/share/ament_index/resource_index/packages
[5.227s] copying resource/turtlebot4_python_tutorials -> /home/ubuntu/turtlebot4_ws/install/turtlebot4_python_tutorials/share/ament_index/resource_index/packages
[5.228s] copying package.xml -> /home/ubuntu/turtlebot4_ws/install/turtlebot4_python_tutorials/share/turtlebot4_python_tutorials
[5.380s] Invoked command in '/home/ubuntu/turtlebot4_ws/build/turtlebot4_python_tutorials' returned '0': PYTHONPATH=/home/ubuntu/turtlebot4_ws/build/turtlebot4_python_tutorials/prefix_override:/home/ubuntu/turtlebot4_ws/install/turtlebot4_python_tutorials/lib/python3.10/site-packages:${PYTHONPATH} /usr/bin/python3 setup.py develop --editable --build-directory /home/ubuntu/turtlebot4_ws/build/turtlebot4_python_tutorials/build --no-deps install_data
