[1.690s] DEBUG:colcon:Command line arguments: ['/usr/bin/colcon', 'build', '--symlink-install', '--packages-select', 'CC_LidarCollect']
[1.691s] DEBUG:colcon:Parsed command line arguments: Namespace(log_base=None, log_level=None, verb_name='build', build_base='build', install_base='install', merge_install=False, symlink_install=True, test_result_base=None, continue_on_error=False, executor='parallel', parallel_workers=4, event_handlers=None, ignore_user_meta=False, metas=['./colcon.meta'], base_paths=['.'], packages_ignore=None, packages_ignore_regex=None, paths=None, packages_up_to=None, packages_up_to_regex=None, packages_above=None, packages_above_and_dependencies=None, packages_above_depth=None, packages_select_by_dep=None, packages_skip_by_dep=None, packages_skip_up_to=None, packages_select_build_failed=False, packages_skip_build_finished=False, packages_select_test_failures=False, packages_skip_test_passed=False, packages_select=['CC_LidarCollect'], packages_skip=None, packages_select_regex=None, packages_skip_regex=None, packages_start=None, packages_end=None, allow_overriding=[], cmake_args=None, cmake_target=None, cmake_target_skip_unavailable=False, cmake_clean_cache=False, cmake_clean_first=False, cmake_force_configure=False, ament_cmake_args=None, catkin_cmake_args=None, catkin_skip_building_tests=False, verb_parser=<colcon_defaults.argument_parser.defaults.DefaultArgumentsDecorator object at 0xffff8302a020>, verb_extension=<colcon_core.verb.build.BuildVerb object at 0xffff838989d0>, main=<bound method BuildVerb.main of <colcon_core.verb.build.BuildVerb object at 0xffff838989d0>>)
[1.863s] Level 1:colcon.colcon_core.package_discovery:discover_packages(colcon_meta) check parameters
[1.864s] Level 1:colcon.colcon_core.package_discovery:discover_packages(recursive) check parameters
[1.865s] Level 1:colcon.colcon_core.package_discovery:discover_packages(ignore) check parameters
[1.866s] Level 1:colcon.colcon_core.package_discovery:discover_packages(path) check parameters
[1.867s] Level 1:colcon.colcon_core.package_discovery:discover_packages(colcon_meta) discover
[1.868s] Level 1:colcon.colcon_core.package_discovery:discover_packages(recursive) discover
[1.870s] INFO:colcon.colcon_core.package_discovery:Crawling recursively for packages in '/home/ubuntu/turtlebot4_ws'
[1.871s] Level 1:colcon.colcon_core.package_identification:_identify(.) by extensions ['ignore', 'ignore_ament_install']
[1.872s] Level 1:colcon.colcon_core.package_identification:_identify(.) by extension 'ignore'
[1.874s] Level 1:colcon.colcon_core.package_identification:_identify(.) by extension 'ignore_ament_install'
[1.875s] Level 1:colcon.colcon_core.package_identification:_identify(.) by extensions ['colcon_pkg']
[1.876s] Level 1:colcon.colcon_core.package_identification:_identify(.) by extension 'colcon_pkg'
[1.878s] Level 1:colcon.colcon_core.package_identification:_identify(.) by extensions ['colcon_meta']
[1.879s] Level 1:colcon.colcon_core.package_identification:_identify(.) by extension 'colcon_meta'
[1.880s] Level 1:colcon.colcon_core.package_identification:_identify(.) by extensions ['ros']
[1.881s] Level 1:colcon.colcon_core.package_identification:_identify(.) by extension 'ros'
[1.936s] Level 1:colcon.colcon_core.package_identification:_identify(.) by extensions ['cmake', 'python']
[1.937s] Level 1:colcon.colcon_core.package_identification:_identify(.) by extension 'cmake'
[1.938s] Level 1:colcon.colcon_core.package_identification:_identify(.) by extension 'python'
[1.940s] Level 1:colcon.colcon_core.package_identification:_identify(.) by extensions ['python_setup_py']
[1.941s] Level 1:colcon.colcon_core.package_identification:_identify(.) by extension 'python_setup_py'
[1.942s] Level 1:colcon.colcon_core.package_identification:_identify(build) by extensions ['ignore', 'ignore_ament_install']
[1.944s] Level 1:colcon.colcon_core.package_identification:_identify(build) by extension 'ignore'
[1.946s] Level 1:colcon.colcon_core.package_identification:_identify(build) ignored
[1.948s] Level 1:colcon.colcon_core.package_identification:_identify(install) by extensions ['ignore', 'ignore_ament_install']
[1.949s] Level 1:colcon.colcon_core.package_identification:_identify(install) by extension 'ignore'
[1.950s] Level 1:colcon.colcon_core.package_identification:_identify(install) ignored
[1.951s] Level 1:colcon.colcon_core.package_identification:_identify(log) by extensions ['ignore', 'ignore_ament_install']
[1.953s] Level 1:colcon.colcon_core.package_identification:_identify(log) by extension 'ignore'
[1.954s] Level 1:colcon.colcon_core.package_identification:_identify(log) ignored
[1.956s] Level 1:colcon.colcon_core.package_identification:_identify(src) by extensions ['ignore', 'ignore_ament_install']
[1.957s] Level 1:colcon.colcon_core.package_identification:_identify(src) by extension 'ignore'
[1.958s] Level 1:colcon.colcon_core.package_identification:_identify(src) by extension 'ignore_ament_install'
[1.959s] Level 1:colcon.colcon_core.package_identification:_identify(src) by extensions ['colcon_pkg']
[1.961s] Level 1:colcon.colcon_core.package_identification:_identify(src) by extension 'colcon_pkg'
[1.962s] Level 1:colcon.colcon_core.package_identification:_identify(src) by extensions ['colcon_meta']
[1.962s] Level 1:colcon.colcon_core.package_identification:_identify(src) by extension 'colcon_meta'
[1.963s] Level 1:colcon.colcon_core.package_identification:_identify(src) by extensions ['ros']
[1.964s] Level 1:colcon.colcon_core.package_identification:_identify(src) by extension 'ros'
[1.965s] Level 1:colcon.colcon_core.package_identification:_identify(src) by extensions ['cmake', 'python']
[1.966s] Level 1:colcon.colcon_core.package_identification:_identify(src) by extension 'cmake'
[1.968s] Level 1:colcon.colcon_core.package_identification:_identify(src) by extension 'python'
[1.969s] Level 1:colcon.colcon_core.package_identification:_identify(src) by extensions ['python_setup_py']
[1.970s] Level 1:colcon.colcon_core.package_identification:_identify(src) by extension 'python_setup_py'
[1.972s] Level 1:colcon.colcon_core.package_identification:_identify(src/CC_Lab1) by extensions ['ignore', 'ignore_ament_install']
[1.973s] Level 1:colcon.colcon_core.package_identification:_identify(src/CC_Lab1) by extension 'ignore'
[1.974s] Level 1:colcon.colcon_core.package_identification:_identify(src/CC_Lab1) by extension 'ignore_ament_install'
[1.976s] Level 1:colcon.colcon_core.package_identification:_identify(src/CC_Lab1) by extensions ['colcon_pkg']
[1.977s] Level 1:colcon.colcon_core.package_identification:_identify(src/CC_Lab1) by extension 'colcon_pkg'
[1.978s] Level 1:colcon.colcon_core.package_identification:_identify(src/CC_Lab1) by extensions ['colcon_meta']
[1.979s] Level 1:colcon.colcon_core.package_identification:_identify(src/CC_Lab1) by extension 'colcon_meta'
[1.980s] Level 1:colcon.colcon_core.package_identification:_identify(src/CC_Lab1) by extensions ['ros']
[1.981s] Level 1:colcon.colcon_core.package_identification:_identify(src/CC_Lab1) by extension 'ros'
[1.992s] DEBUG:colcon.colcon_core.package_identification:Package 'src/CC_Lab1' with type 'ros.ament_python' and name 'CC_Lab1'
[1.994s] Level 1:colcon.colcon_core.package_identification:_identify(src/CC_Lab2) by extensions ['ignore', 'ignore_ament_install']
[1.995s] Level 1:colcon.colcon_core.package_identification:_identify(src/CC_Lab2) by extension 'ignore'
[1.996s] Level 1:colcon.colcon_core.package_identification:_identify(src/CC_Lab2) by extension 'ignore_ament_install'
[1.997s] Level 1:colcon.colcon_core.package_identification:_identify(src/CC_Lab2) by extensions ['colcon_pkg']
[1.998s] Level 1:colcon.colcon_core.package_identification:_identify(src/CC_Lab2) by extension 'colcon_pkg'
[1.999s] Level 1:colcon.colcon_core.package_identification:_identify(src/CC_Lab2) by extensions ['colcon_meta']
[2.000s] Level 1:colcon.colcon_core.package_identification:_identify(src/CC_Lab2) by extension 'colcon_meta'
[2.001s] Level 1:colcon.colcon_core.package_identification:_identify(src/CC_Lab2) by extensions ['ros']
[2.002s] Level 1:colcon.colcon_core.package_identification:_identify(src/CC_Lab2) by extension 'ros'
[2.006s] DEBUG:colcon.colcon_core.package_identification:Package 'src/CC_Lab2' with type 'ros.ament_python' and name 'CC_Lab2'
[2.008s] Level 1:colcon.colcon_core.package_identification:_identify(src/CC_LidarCollect) by extensions ['ignore', 'ignore_ament_install']
[2.010s] Level 1:colcon.colcon_core.package_identification:_identify(src/CC_LidarCollect) by extension 'ignore'
[2.011s] Level 1:colcon.colcon_core.package_identification:_identify(src/CC_LidarCollect) by extension 'ignore_ament_install'
[2.013s] Level 1:colcon.colcon_core.package_identification:_identify(src/CC_LidarCollect) by extensions ['colcon_pkg']
[2.014s] Level 1:colcon.colcon_core.package_identification:_identify(src/CC_LidarCollect) by extension 'colcon_pkg'
[2.015s] Level 1:colcon.colcon_core.package_identification:_identify(src/CC_LidarCollect) by extensions ['colcon_meta']
[2.016s] Level 1:colcon.colcon_core.package_identification:_identify(src/CC_LidarCollect) by extension 'colcon_meta'
[2.018s] Level 1:colcon.colcon_core.package_identification:_identify(src/CC_LidarCollect) by extensions ['ros']
[2.019s] Level 1:colcon.colcon_core.package_identification:_identify(src/CC_LidarCollect) by extension 'ros'
[2.023s] DEBUG:colcon.colcon_core.package_identification:Package 'src/CC_LidarCollect' with type 'ros.ament_python' and name 'CC_LidarCollect'
[2.024s] Level 1:colcon.colcon_core.package_identification:_identify(src/Lab1_DerrickS_Package) by extensions ['ignore', 'ignore_ament_install']
[2.026s] Level 1:colcon.colcon_core.package_identification:_identify(src/Lab1_DerrickS_Package) by extension 'ignore'
[2.027s] Level 1:colcon.colcon_core.package_identification:_identify(src/Lab1_DerrickS_Package) by extension 'ignore_ament_install'
[2.028s] Level 1:colcon.colcon_core.package_identification:_identify(src/Lab1_DerrickS_Package) by extensions ['colcon_pkg']
[2.029s] Level 1:colcon.colcon_core.package_identification:_identify(src/Lab1_DerrickS_Package) by extension 'colcon_pkg'
[2.030s] Level 1:colcon.colcon_core.package_identification:_identify(src/Lab1_DerrickS_Package) by extensions ['colcon_meta']
[2.031s] Level 1:colcon.colcon_core.package_identification:_identify(src/Lab1_DerrickS_Package) by extension 'colcon_meta'
[2.033s] Level 1:colcon.colcon_core.package_identification:_identify(src/Lab1_DerrickS_Package) by extensions ['ros']
[2.034s] Level 1:colcon.colcon_core.package_identification:_identify(src/Lab1_DerrickS_Package) by extension 'ros'
[2.038s] DEBUG:colcon.colcon_core.package_identification:Package 'src/Lab1_DerrickS_Package' with type 'ros.ament_python' and name 'Lab1_DerrickS_Package'
[2.039s] Level 1:colcon.colcon_core.package_identification:_identify(src/Lab1_IanP_Package_temp) by extensions ['ignore', 'ignore_ament_install']
[2.041s] Level 1:colcon.colcon_core.package_identification:_identify(src/Lab1_IanP_Package_temp) by extension 'ignore'
[2.042s] Level 1:colcon.colcon_core.package_identification:_identify(src/Lab1_IanP_Package_temp) by extension 'ignore_ament_install'
[2.043s] Level 1:colcon.colcon_core.package_identification:_identify(src/Lab1_IanP_Package_temp) by extensions ['colcon_pkg']
[2.044s] Level 1:colcon.colcon_core.package_identification:_identify(src/Lab1_IanP_Package_temp) by extension 'colcon_pkg'
[2.045s] Level 1:colcon.colcon_core.package_identification:_identify(src/Lab1_IanP_Package_temp) by extensions ['colcon_meta']
[2.046s] Level 1:colcon.colcon_core.package_identification:_identify(src/Lab1_IanP_Package_temp) by extension 'colcon_meta'
[2.047s] Level 1:colcon.colcon_core.package_identification:_identify(src/Lab1_IanP_Package_temp) by extensions ['ros']
[2.048s] Level 1:colcon.colcon_core.package_identification:_identify(src/Lab1_IanP_Package_temp) by extension 'ros'
[2.052s] DEBUG:colcon.colcon_core.package_identification:Package 'src/Lab1_IanP_Package_temp' with type 'ros.ament_python' and name 'turtlebot4_python_tutorials'
[2.053s] Level 1:colcon.colcon_core.package_identification:_identify(src/build) by extensions ['ignore', 'ignore_ament_install']
[2.055s] Level 1:colcon.colcon_core.package_identification:_identify(src/build) by extension 'ignore'
[2.056s] Level 1:colcon.colcon_core.package_identification:_identify(src/build) ignored
[2.057s] Level 1:colcon.colcon_core.package_identification:_identify(src/install) by extensions ['ignore', 'ignore_ament_install']
[2.059s] Level 1:colcon.colcon_core.package_identification:_identify(src/install) by extension 'ignore'
[2.060s] Level 1:colcon.colcon_core.package_identification:_identify(src/install) ignored
[2.061s] Level 1:colcon.colcon_core.package_identification:_identify(src/lab1_ian_package) by extensions ['ignore', 'ignore_ament_install']
[2.062s] Level 1:colcon.colcon_core.package_identification:_identify(src/lab1_ian_package) by extension 'ignore'
[2.064s] Level 1:colcon.colcon_core.package_identification:_identify(src/lab1_ian_package) by extension 'ignore_ament_install'
[2.065s] Level 1:colcon.colcon_core.package_identification:_identify(src/lab1_ian_package) by extensions ['colcon_pkg']
[2.066s] Level 1:colcon.colcon_core.package_identification:_identify(src/lab1_ian_package) by extension 'colcon_pkg'
[2.067s] Level 1:colcon.colcon_core.package_identification:_identify(src/lab1_ian_package) by extensions ['colcon_meta']
[2.069s] Level 1:colcon.colcon_core.package_identification:_identify(src/lab1_ian_package) by extension 'colcon_meta'
[2.070s] Level 1:colcon.colcon_core.package_identification:_identify(src/lab1_ian_package) by extensions ['ros']
[2.071s] Level 1:colcon.colcon_core.package_identification:_identify(src/lab1_ian_package) by extension 'ros'
[2.075s] DEBUG:colcon.colcon_core.package_identification:Package 'src/lab1_ian_package' with type 'ros.ament_python' and name 'turtlebot4_python_tutorials'
[2.078s] Level 1:colcon.colcon_core.package_identification:_identify(src/log) by extensions ['ignore', 'ignore_ament_install']
[2.079s] Level 1:colcon.colcon_core.package_identification:_identify(src/log) by extension 'ignore'
[2.080s] Level 1:colcon.colcon_core.package_identification:_identify(src/log) ignored
[2.082s] Level 1:colcon.colcon_core.package_identification:_identify(src/turtlebot4_python_tutorials) by extensions ['ignore', 'ignore_ament_install']
[2.084s] Level 1:colcon.colcon_core.package_identification:_identify(src/turtlebot4_python_tutorials) by extension 'ignore'
[2.085s] Level 1:colcon.colcon_core.package_identification:_identify(src/turtlebot4_python_tutorials) by extension 'ignore_ament_install'
[2.086s] Level 1:colcon.colcon_core.package_identification:_identify(src/turtlebot4_python_tutorials) by extensions ['colcon_pkg']
[2.087s] Level 1:colcon.colcon_core.package_identification:_identify(src/turtlebot4_python_tutorials) by extension 'colcon_pkg'
[2.089s] Level 1:colcon.colcon_core.package_identification:_identify(src/turtlebot4_python_tutorials) by extensions ['colcon_meta']
[2.090s] Level 1:colcon.colcon_core.package_identification:_identify(src/turtlebot4_python_tutorials) by extension 'colcon_meta'
[2.091s] Level 1:colcon.colcon_core.package_identification:_identify(src/turtlebot4_python_tutorials) by extensions ['ros']
[2.092s] Level 1:colcon.colcon_core.package_identification:_identify(src/turtlebot4_python_tutorials) by extension 'ros'
[2.095s] DEBUG:colcon.colcon_core.package_identification:Package 'src/turtlebot4_python_tutorials' with type 'ros.ament_python' and name 'turtlebot4_python_tutorials'
[2.097s] Level 1:colcon.colcon_core.package_discovery:discover_packages(recursive) using defaults
[2.098s] Level 1:colcon.colcon_core.package_discovery:discover_packages(ignore) discover
[2.099s] Level 1:colcon.colcon_core.package_discovery:discover_packages(ignore) using defaults
[2.100s] Level 1:colcon.colcon_core.package_discovery:discover_packages(path) discover
[2.101s] Level 1:colcon.colcon_core.package_discovery:discover_packages(path) using defaults
[2.229s] INFO:colcon.colcon_core.package_selection:Skipping not selected package 'CC_Lab1' in 'src/CC_Lab1'
[2.230s] INFO:colcon.colcon_core.package_selection:Skipping not selected package 'CC_Lab2' in 'src/CC_Lab2'
[2.231s] INFO:colcon.colcon_core.package_selection:Skipping not selected package 'Lab1_DerrickS_Package' in 'src/Lab1_DerrickS_Package'
[2.232s] INFO:colcon.colcon_core.package_selection:Skipping not selected package 'turtlebot4_python_tutorials' in 'src/Lab1_IanP_Package_temp'
[2.233s] INFO:colcon.colcon_core.package_selection:Skipping not selected package 'turtlebot4_python_tutorials' in 'src/lab1_ian_package'
[2.235s] INFO:colcon.colcon_core.package_selection:Skipping not selected package 'turtlebot4_python_tutorials' in 'src/turtlebot4_python_tutorials'
[2.239s] Level 1:colcon.colcon_core.package_discovery:discover_packages(prefix_path) check parameters
[2.240s] Level 1:colcon.colcon_core.package_discovery:discover_packages(prefix_path) discover
[2.258s] DEBUG:colcon.colcon_installed_package_information.package_discovery:Found 5 installed packages in /home/ubuntu/turtlebot4_ws/install
[2.273s] DEBUG:colcon.colcon_installed_package_information.package_discovery:Found 313 installed packages in /opt/ros/humble
[2.282s] Level 1:colcon.colcon_core.package_discovery:discover_packages(prefix_path) using defaults
[2.596s] Level 5:colcon.colcon_core.verb:set package 'CC_LidarCollect' build argument 'cmake_args' from command line to 'None'
[2.597s] Level 5:colcon.colcon_core.verb:set package 'CC_LidarCollect' build argument 'cmake_target' from command line to 'None'
[2.598s] Level 5:colcon.colcon_core.verb:set package 'CC_LidarCollect' build argument 'cmake_target_skip_unavailable' from command line to 'False'
[2.599s] Level 5:colcon.colcon_core.verb:set package 'CC_LidarCollect' build argument 'cmake_clean_cache' from command line to 'False'
[2.600s] Level 5:colcon.colcon_core.verb:set package 'CC_LidarCollect' build argument 'cmake_clean_first' from command line to 'False'
[2.601s] Level 5:colcon.colcon_core.verb:set package 'CC_LidarCollect' build argument 'cmake_force_configure' from command line to 'False'
[2.601s] Level 5:colcon.colcon_core.verb:set package 'CC_LidarCollect' build argument 'ament_cmake_args' from command line to 'None'
[2.602s] Level 5:colcon.colcon_core.verb:set package 'CC_LidarCollect' build argument 'catkin_cmake_args' from command line to 'None'
[2.603s] Level 5:colcon.colcon_core.verb:set package 'CC_LidarCollect' build argument 'catkin_skip_building_tests' from command line to 'False'
[2.604s] DEBUG:colcon.colcon_core.verb:Building package 'CC_LidarCollect' with the following arguments: {'ament_cmake_args': None, 'build_base': '/home/ubuntu/turtlebot4_ws/build/CC_LidarCollect', 'catkin_cmake_args': None, 'catkin_skip_building_tests': False, 'cmake_args': None, 'cmake_clean_cache': False, 'cmake_clean_first': False, 'cmake_force_configure': False, 'cmake_target': None, 'cmake_target_skip_unavailable': False, 'install_base': '/home/ubuntu/turtlebot4_ws/install/CC_LidarCollect', 'merge_install': False, 'path': '/home/ubuntu/turtlebot4_ws/src/CC_LidarCollect', 'symlink_install': True, 'test_result_base': None}
[2.608s] INFO:colcon.colcon_core.executor:Executing jobs using 'parallel' executor
[2.631s] DEBUG:colcon.colcon_parallel_executor.executor.parallel:run_until_complete
[2.632s] INFO:colcon.colcon_ros.task.ament_python.build:Building ROS package in '/home/ubuntu/turtlebot4_ws/src/CC_LidarCollect' with build type 'ament_python'
[2.636s] Level 1:colcon.colcon_core.shell:create_environment_hook('CC_LidarCollect', 'ament_prefix_path')
[2.657s] INFO:colcon.colcon_core.plugin_system:Skipping extension 'colcon_core.shell.bat': Not used on non-Windows systems
[2.660s] INFO:colcon.colcon_core.shell:Creating environment hook '/home/ubuntu/turtlebot4_ws/install/CC_LidarCollect/share/CC_LidarCollect/hook/ament_prefix_path.ps1'
[2.669s] INFO:colcon.colcon_core.shell:Creating environment descriptor '/home/ubuntu/turtlebot4_ws/install/CC_LidarCollect/share/CC_LidarCollect/hook/ament_prefix_path.dsv'
[2.674s] INFO:colcon.colcon_core.shell:Creating environment hook '/home/ubuntu/turtlebot4_ws/install/CC_LidarCollect/share/CC_LidarCollect/hook/ament_prefix_path.sh'
[2.685s] INFO:colcon.colcon_core.shell:Skip shell extension 'powershell' for command environment: Not usable outside of PowerShell
[2.687s] DEBUG:colcon.colcon_core.shell:Skip shell extension 'dsv' for command environment
[4.185s] INFO:colcon.colcon_core.task.python.build:Building Python package in '/home/ubuntu/turtlebot4_ws/src/CC_LidarCollect'
[4.191s] INFO:colcon.colcon_core.shell:Skip shell extension 'powershell' for command environment: Not usable outside of PowerShell
[4.191s] DEBUG:colcon.colcon_core.shell:Skip shell extension 'dsv' for command environment
[6.184s] DEBUG:colcon.colcon_core.event_handler.log_command:Invoking command in '/home/ubuntu/turtlebot4_ws/build/CC_LidarCollect': PYTHONPATH=/home/ubuntu/turtlebot4_ws/build/CC_LidarCollect/prefix_override:/home/ubuntu/turtlebot4_ws/install/CC_LidarCollect/lib/python3.10/site-packages:${PYTHONPATH} /usr/bin/python3 setup.py develop --editable --build-directory /home/ubuntu/turtlebot4_ws/build/CC_LidarCollect/build --no-deps install_data
[8.777s] Level 1:colcon.colcon_core.shell:create_environment_hook('CC_LidarCollect', 'pythonpath_develop')
[8.782s] INFO:colcon.colcon_core.shell:Creating environment hook '/home/ubuntu/turtlebot4_ws/build/CC_LidarCollect/share/CC_LidarCollect/hook/pythonpath_develop.ps1'
[8.785s] DEBUG:colcon.colcon_core.event_handler.log_command:Invoked command in '/home/ubuntu/turtlebot4_ws/build/CC_LidarCollect' returned '0': PYTHONPATH=/home/ubuntu/turtlebot4_ws/build/CC_LidarCollect/prefix_override:/home/ubuntu/turtlebot4_ws/install/CC_LidarCollect/lib/python3.10/site-packages:${PYTHONPATH} /usr/bin/python3 setup.py develop --editable --build-directory /home/ubuntu/turtlebot4_ws/build/CC_LidarCollect/build --no-deps install_data
[8.788s] INFO:colcon.colcon_core.shell:Creating environment descriptor '/home/ubuntu/turtlebot4_ws/build/CC_LidarCollect/share/CC_LidarCollect/hook/pythonpath_develop.dsv'
[8.792s] INFO:colcon.colcon_core.shell:Creating environment hook '/home/ubuntu/turtlebot4_ws/build/CC_LidarCollect/share/CC_LidarCollect/hook/pythonpath_develop.sh'
[8.819s] Level 1:colcon.colcon_core.environment:checking '/home/ubuntu/turtlebot4_ws/install/CC_LidarCollect' for CMake module files
[8.822s] Level 1:colcon.colcon_core.environment:checking '/home/ubuntu/turtlebot4_ws/install/CC_LidarCollect' for CMake config files
[8.825s] Level 1:colcon.colcon_core.environment:checking '/home/ubuntu/turtlebot4_ws/install/CC_LidarCollect/lib'
[8.827s] Level 1:colcon.colcon_core.environment:checking '/home/ubuntu/turtlebot4_ws/install/CC_LidarCollect/bin'
[8.827s] Level 1:colcon.colcon_core.environment:checking '/home/ubuntu/turtlebot4_ws/install/CC_LidarCollect/lib/pkgconfig/CC_LidarCollect.pc'
[8.828s] Level 1:colcon.colcon_core.environment:checking '/home/ubuntu/turtlebot4_ws/install/CC_LidarCollect/lib/python3.10/site-packages'
[8.829s] Level 1:colcon.colcon_core.shell:create_environment_hook('CC_LidarCollect', 'pythonpath')
[8.835s] INFO:colcon.colcon_core.shell:Creating environment hook '/home/ubuntu/turtlebot4_ws/install/CC_LidarCollect/share/CC_LidarCollect/hook/pythonpath.ps1'
[8.837s] INFO:colcon.colcon_core.shell:Creating environment descriptor '/home/ubuntu/turtlebot4_ws/install/CC_LidarCollect/share/CC_LidarCollect/hook/pythonpath.dsv'
[8.840s] INFO:colcon.colcon_core.shell:Creating environment hook '/home/ubuntu/turtlebot4_ws/install/CC_LidarCollect/share/CC_LidarCollect/hook/pythonpath.sh'
[8.843s] Level 1:colcon.colcon_core.environment:checking '/home/ubuntu/turtlebot4_ws/install/CC_LidarCollect/bin'
[8.843s] Level 1:colcon.colcon_core.environment:create_environment_scripts_only(CC_LidarCollect)
[8.849s] INFO:colcon.colcon_core.shell:Creating package script '/home/ubuntu/turtlebot4_ws/install/CC_LidarCollect/share/CC_LidarCollect/package.ps1'
[8.854s] INFO:colcon.colcon_core.shell:Creating package descriptor '/home/ubuntu/turtlebot4_ws/install/CC_LidarCollect/share/CC_LidarCollect/package.dsv'
[8.857s] INFO:colcon.colcon_core.shell:Creating package script '/home/ubuntu/turtlebot4_ws/install/CC_LidarCollect/share/CC_LidarCollect/package.sh'
[8.861s] INFO:colcon.colcon_core.shell:Creating package script '/home/ubuntu/turtlebot4_ws/install/CC_LidarCollect/share/CC_LidarCollect/package.bash'
[8.865s] INFO:colcon.colcon_core.shell:Creating package script '/home/ubuntu/turtlebot4_ws/install/CC_LidarCollect/share/CC_LidarCollect/package.zsh'
[8.868s] Level 1:colcon.colcon_core.environment:create_file_with_runtime_dependencies(/home/ubuntu/turtlebot4_ws/install/CC_LidarCollect/share/colcon-core/packages/CC_LidarCollect)
[8.875s] DEBUG:colcon.colcon_parallel_executor.executor.parallel:closing loop
[8.876s] DEBUG:colcon.colcon_parallel_executor.executor.parallel:loop closed
[8.876s] DEBUG:colcon.colcon_parallel_executor.executor.parallel:run_until_complete finished with '0'
[8.877s] DEBUG:colcon.colcon_core.event_reactor:joining thread
[8.903s] INFO:colcon.colcon_core.plugin_system:Skipping extension 'colcon_notification.desktop_notification.notify_send': Could not find 'notify-send'
[8.904s] INFO:colcon.colcon_core.plugin_system:Skipping extension 'colcon_notification.desktop_notification.terminal_notifier': Not used on non-Darwin systems
[8.904s] INFO:colcon.colcon_core.plugin_system:Skipping extension 'colcon_notification.desktop_notification.win32': Not used on non-Windows systems
[8.904s] INFO:colcon.colcon_notification.desktop_notification:Sending desktop notification using 'notify2'
[8.911s] DEBUG:colcon.colcon_notification.desktop_notification.notify2:Failed to initialize notify2: org.freedesktop.DBus.Error.ServiceUnknown: The name org.freedesktop.Notifications was not provided by any .service files
[8.912s] DEBUG:colcon.colcon_core.event_reactor:joined thread
[8.918s] INFO:colcon.colcon_core.shell:Creating prefix script '/home/ubuntu/turtlebot4_ws/install/local_setup.ps1'
[8.923s] INFO:colcon.colcon_core.shell:Creating prefix util module '/home/ubuntu/turtlebot4_ws/install/_local_setup_util_ps1.py'
[8.929s] INFO:colcon.colcon_core.shell:Creating prefix chain script '/home/ubuntu/turtlebot4_ws/install/setup.ps1'
[8.937s] INFO:colcon.colcon_core.shell:Creating prefix script '/home/ubuntu/turtlebot4_ws/install/local_setup.sh'
[8.940s] INFO:colcon.colcon_core.shell:Creating prefix util module '/home/ubuntu/turtlebot4_ws/install/_local_setup_util_sh.py'
[8.943s] INFO:colcon.colcon_core.shell:Creating prefix chain script '/home/ubuntu/turtlebot4_ws/install/setup.sh'
[8.951s] INFO:colcon.colcon_core.shell:Creating prefix script '/home/ubuntu/turtlebot4_ws/install/local_setup.bash'
[8.955s] INFO:colcon.colcon_core.shell:Creating prefix chain script '/home/ubuntu/turtlebot4_ws/install/setup.bash'
[8.961s] INFO:colcon.colcon_core.shell:Creating prefix script '/home/ubuntu/turtlebot4_ws/install/local_setup.zsh'
[8.965s] INFO:colcon.colcon_core.shell:Creating prefix chain script '/home/ubuntu/turtlebot4_ws/install/setup.zsh'
