[1.576s] DEBUG:colcon:Command line arguments: ['/usr/bin/colcon', 'build', '--symlink-install', '--packages-select', 'CC_Lab1']
[1.577s] DEBUG:colcon:Parsed command line arguments: Namespace(log_base=None, log_level=None, verb_name='build', build_base='build', install_base='install', merge_install=False, symlink_install=True, test_result_base=None, continue_on_error=False, executor='parallel', parallel_workers=4, event_handlers=None, ignore_user_meta=False, metas=['./colcon.meta'], base_paths=['.'], packages_ignore=None, packages_ignore_regex=None, paths=None, packages_up_to=None, packages_up_to_regex=None, packages_above=None, packages_above_and_dependencies=None, packages_above_depth=None, packages_select_by_dep=None, packages_skip_by_dep=None, packages_skip_up_to=None, packages_select_build_failed=False, packages_skip_build_finished=False, packages_select_test_failures=False, packages_skip_test_passed=False, packages_select=['CC_Lab1'], packages_skip=None, packages_select_regex=None, packages_skip_regex=None, packages_start=None, packages_end=None, allow_overriding=[], cmake_args=None, cmake_target=None, cmake_target_skip_unavailable=False, cmake_clean_cache=False, cmake_clean_first=False, cmake_force_configure=False, ament_cmake_args=None, catkin_cmake_args=None, catkin_skip_building_tests=False, verb_parser=<colcon_defaults.argument_parser.defaults.DefaultArgumentsDecorator object at 0xffffad4213f0>, verb_extension=<colcon_core.verb.build.BuildVerb object at 0xffffadc95300>, main=<bound method BuildVerb.main of <colcon_core.verb.build.BuildVerb object at 0xffffadc95300>>)
[1.737s] Level 1:colcon.colcon_core.package_discovery:discover_packages(colcon_meta) check parameters
[1.737s] Level 1:colcon.colcon_core.package_discovery:discover_packages(recursive) check parameters
[1.738s] Level 1:colcon.colcon_core.package_discovery:discover_packages(ignore) check parameters
[1.738s] Level 1:colcon.colcon_core.package_discovery:discover_packages(path) check parameters
[1.738s] Level 1:colcon.colcon_core.package_discovery:discover_packages(colcon_meta) discover
[1.738s] Level 1:colcon.colcon_core.package_discovery:discover_packages(recursive) discover
[1.739s] INFO:colcon.colcon_core.package_discovery:Crawling recursively for packages in '/home/ubuntu/turtlebot4_ws'
[1.739s] Level 1:colcon.colcon_core.package_identification:_identify(.) by extensions ['ignore', 'ignore_ament_install']
[1.740s] Level 1:colcon.colcon_core.package_identification:_identify(.) by extension 'ignore'
[1.740s] Level 1:colcon.colcon_core.package_identification:_identify(.) by extension 'ignore_ament_install'
[1.740s] Level 1:colcon.colcon_core.package_identification:_identify(.) by extensions ['colcon_pkg']
[1.740s] Level 1:colcon.colcon_core.package_identification:_identify(.) by extension 'colcon_pkg'
[1.740s] Level 1:colcon.colcon_core.package_identification:_identify(.) by extensions ['colcon_meta']
[1.741s] Level 1:colcon.colcon_core.package_identification:_identify(.) by extension 'colcon_meta'
[1.741s] Level 1:colcon.colcon_core.package_identification:_identify(.) by extensions ['ros']
[1.741s] Level 1:colcon.colcon_core.package_identification:_identify(.) by extension 'ros'
[1.794s] Level 1:colcon.colcon_core.package_identification:_identify(.) by extensions ['cmake', 'python']
[1.795s] Level 1:colcon.colcon_core.package_identification:_identify(.) by extension 'cmake'
[1.795s] Level 1:colcon.colcon_core.package_identification:_identify(.) by extension 'python'
[1.795s] Level 1:colcon.colcon_core.package_identification:_identify(.) by extensions ['python_setup_py']
[1.796s] Level 1:colcon.colcon_core.package_identification:_identify(.) by extension 'python_setup_py'
[1.797s] Level 1:colcon.colcon_core.package_identification:_identify(build) by extensions ['ignore', 'ignore_ament_install']
[1.798s] Level 1:colcon.colcon_core.package_identification:_identify(build) by extension 'ignore'
[1.799s] Level 1:colcon.colcon_core.package_identification:_identify(build) ignored
[1.800s] Level 1:colcon.colcon_core.package_identification:_identify(install) by extensions ['ignore', 'ignore_ament_install']
[1.800s] Level 1:colcon.colcon_core.package_identification:_identify(install) by extension 'ignore'
[1.801s] Level 1:colcon.colcon_core.package_identification:_identify(install) ignored
[1.802s] Level 1:colcon.colcon_core.package_identification:_identify(log) by extensions ['ignore', 'ignore_ament_install']
[1.802s] Level 1:colcon.colcon_core.package_identification:_identify(log) by extension 'ignore'
[1.803s] Level 1:colcon.colcon_core.package_identification:_identify(log) ignored
[1.803s] Level 1:colcon.colcon_core.package_identification:_identify(src) by extensions ['ignore', 'ignore_ament_install']
[1.804s] Level 1:colcon.colcon_core.package_identification:_identify(src) by extension 'ignore'
[1.804s] Level 1:colcon.colcon_core.package_identification:_identify(src) by extension 'ignore_ament_install'
[1.804s] Level 1:colcon.colcon_core.package_identification:_identify(src) by extensions ['colcon_pkg']
[1.805s] Level 1:colcon.colcon_core.package_identification:_identify(src) by extension 'colcon_pkg'
[1.805s] Level 1:colcon.colcon_core.package_identification:_identify(src) by extensions ['colcon_meta']
[1.805s] Level 1:colcon.colcon_core.package_identification:_identify(src) by extension 'colcon_meta'
[1.805s] Level 1:colcon.colcon_core.package_identification:_identify(src) by extensions ['ros']
[1.805s] Level 1:colcon.colcon_core.package_identification:_identify(src) by extension 'ros'
[1.806s] Level 1:colcon.colcon_core.package_identification:_identify(src) by extensions ['cmake', 'python']
[1.806s] Level 1:colcon.colcon_core.package_identification:_identify(src) by extension 'cmake'
[1.806s] Level 1:colcon.colcon_core.package_identification:_identify(src) by extension 'python'
[1.806s] Level 1:colcon.colcon_core.package_identification:_identify(src) by extensions ['python_setup_py']
[1.806s] Level 1:colcon.colcon_core.package_identification:_identify(src) by extension 'python_setup_py'
[1.807s] Level 1:colcon.colcon_core.package_identification:_identify(src/CC_Lab1) by extensions ['ignore', 'ignore_ament_install']
[1.807s] Level 1:colcon.colcon_core.package_identification:_identify(src/CC_Lab1) by extension 'ignore'
[1.808s] Level 1:colcon.colcon_core.package_identification:_identify(src/CC_Lab1) by extension 'ignore_ament_install'
[1.808s] Level 1:colcon.colcon_core.package_identification:_identify(src/CC_Lab1) by extensions ['colcon_pkg']
[1.809s] Level 1:colcon.colcon_core.package_identification:_identify(src/CC_Lab1) by extension 'colcon_pkg'
[1.809s] Level 1:colcon.colcon_core.package_identification:_identify(src/CC_Lab1) by extensions ['colcon_meta']
[1.809s] Level 1:colcon.colcon_core.package_identification:_identify(src/CC_Lab1) by extension 'colcon_meta'
[1.810s] Level 1:colcon.colcon_core.package_identification:_identify(src/CC_Lab1) by extensions ['ros']
[1.810s] Level 1:colcon.colcon_core.package_identification:_identify(src/CC_Lab1) by extension 'ros'
[1.821s] DEBUG:colcon.colcon_core.package_identification:Package 'src/CC_Lab1' with type 'ros.ament_python' and name 'CC_Lab1'
[1.822s] Level 1:colcon.colcon_core.package_identification:_identify(src/CC_Lab2) by extensions ['ignore', 'ignore_ament_install']
[1.823s] Level 1:colcon.colcon_core.package_identification:_identify(src/CC_Lab2) by extension 'ignore'
[1.823s] Level 1:colcon.colcon_core.package_identification:_identify(src/CC_Lab2) by extension 'ignore_ament_install'
[1.824s] Level 1:colcon.colcon_core.package_identification:_identify(src/CC_Lab2) by extensions ['colcon_pkg']
[1.825s] Level 1:colcon.colcon_core.package_identification:_identify(src/CC_Lab2) by extension 'colcon_pkg'
[1.825s] Level 1:colcon.colcon_core.package_identification:_identify(src/CC_Lab2) by extensions ['colcon_meta']
[1.825s] Level 1:colcon.colcon_core.package_identification:_identify(src/CC_Lab2) by extension 'colcon_meta'
[1.826s] Level 1:colcon.colcon_core.package_identification:_identify(src/CC_Lab2) by extensions ['ros']
[1.826s] Level 1:colcon.colcon_core.package_identification:_identify(src/CC_Lab2) by extension 'ros'
[1.829s] DEBUG:colcon.colcon_core.package_identification:Package 'src/CC_Lab2' with type 'ros.ament_python' and name 'CC_Lab2'
[1.830s] Level 1:colcon.colcon_core.package_identification:_identify(src/Lab1_ConnerC_Package) by extensions ['ignore', 'ignore_ament_install']
[1.831s] Level 1:colcon.colcon_core.package_identification:_identify(src/Lab1_ConnerC_Package) by extension 'ignore'
[1.831s] Level 1:colcon.colcon_core.package_identification:_identify(src/Lab1_ConnerC_Package) by extension 'ignore_ament_install'
[1.832s] Level 1:colcon.colcon_core.package_identification:_identify(src/Lab1_ConnerC_Package) by extensions ['colcon_pkg']
[1.832s] Level 1:colcon.colcon_core.package_identification:_identify(src/Lab1_ConnerC_Package) by extension 'colcon_pkg'
[1.832s] Level 1:colcon.colcon_core.package_identification:_identify(src/Lab1_ConnerC_Package) by extensions ['colcon_meta']
[1.832s] Level 1:colcon.colcon_core.package_identification:_identify(src/Lab1_ConnerC_Package) by extension 'colcon_meta'
[1.833s] Level 1:colcon.colcon_core.package_identification:_identify(src/Lab1_ConnerC_Package) by extensions ['ros']
[1.833s] Level 1:colcon.colcon_core.package_identification:_identify(src/Lab1_ConnerC_Package) by extension 'ros'
[1.836s] DEBUG:colcon.colcon_core.package_identification:Package 'src/Lab1_ConnerC_Package' with type 'ros.ament_python' and name 'Lab1_ConnerC_Package'
[1.836s] Level 1:colcon.colcon_core.package_identification:_identify(src/Lab1_DerrickS_Package) by extensions ['ignore', 'ignore_ament_install']
[1.837s] Level 1:colcon.colcon_core.package_identification:_identify(src/Lab1_DerrickS_Package) by extension 'ignore'
[1.837s] Level 1:colcon.colcon_core.package_identification:_identify(src/Lab1_DerrickS_Package) by extension 'ignore_ament_install'
[1.838s] Level 1:colcon.colcon_core.package_identification:_identify(src/Lab1_DerrickS_Package) by extensions ['colcon_pkg']
[1.838s] Level 1:colcon.colcon_core.package_identification:_identify(src/Lab1_DerrickS_Package) by extension 'colcon_pkg'
[1.838s] Level 1:colcon.colcon_core.package_identification:_identify(src/Lab1_DerrickS_Package) by extensions ['colcon_meta']
[1.838s] Level 1:colcon.colcon_core.package_identification:_identify(src/Lab1_DerrickS_Package) by extension 'colcon_meta'
[1.838s] Level 1:colcon.colcon_core.package_identification:_identify(src/Lab1_DerrickS_Package) by extensions ['ros']
[1.839s] Level 1:colcon.colcon_core.package_identification:_identify(src/Lab1_DerrickS_Package) by extension 'ros'
[1.842s] DEBUG:colcon.colcon_core.package_identification:Package 'src/Lab1_DerrickS_Package' with type 'ros.ament_python' and name 'Lab1_DerrickS_Package'
[1.843s] Level 1:colcon.colcon_core.package_identification:_identify(src/Lab1_IanP_Package_temp) by extensions ['ignore', 'ignore_ament_install']
[1.843s] Level 1:colcon.colcon_core.package_identification:_identify(src/Lab1_IanP_Package_temp) by extension 'ignore'
[1.844s] Level 1:colcon.colcon_core.package_identification:_identify(src/Lab1_IanP_Package_temp) by extension 'ignore_ament_install'
[1.844s] Level 1:colcon.colcon_core.package_identification:_identify(src/Lab1_IanP_Package_temp) by extensions ['colcon_pkg']
[1.845s] Level 1:colcon.colcon_core.package_identification:_identify(src/Lab1_IanP_Package_temp) by extension 'colcon_pkg'
[1.845s] Level 1:colcon.colcon_core.package_identification:_identify(src/Lab1_IanP_Package_temp) by extensions ['colcon_meta']
[1.845s] Level 1:colcon.colcon_core.package_identification:_identify(src/Lab1_IanP_Package_temp) by extension 'colcon_meta'
[1.846s] Level 1:colcon.colcon_core.package_identification:_identify(src/Lab1_IanP_Package_temp) by extensions ['ros']
[1.846s] Level 1:colcon.colcon_core.package_identification:_identify(src/Lab1_IanP_Package_temp) by extension 'ros'
[1.849s] DEBUG:colcon.colcon_core.package_identification:Package 'src/Lab1_IanP_Package_temp' with type 'ros.ament_python' and name 'turtlebot4_python_tutorials'
[1.849s] Level 1:colcon.colcon_core.package_identification:_identify(src/Lab2_ConnerC_Package) by extensions ['ignore', 'ignore_ament_install']
[1.850s] Level 1:colcon.colcon_core.package_identification:_identify(src/Lab2_ConnerC_Package) by extension 'ignore'
[1.850s] Level 1:colcon.colcon_core.package_identification:_identify(src/Lab2_ConnerC_Package) by extension 'ignore_ament_install'
[1.850s] Level 1:colcon.colcon_core.package_identification:_identify(src/Lab2_ConnerC_Package) by extensions ['colcon_pkg']
[1.851s] Level 1:colcon.colcon_core.package_identification:_identify(src/Lab2_ConnerC_Package) by extension 'colcon_pkg'
[1.851s] Level 1:colcon.colcon_core.package_identification:_identify(src/Lab2_ConnerC_Package) by extensions ['colcon_meta']
[1.851s] Level 1:colcon.colcon_core.package_identification:_identify(src/Lab2_ConnerC_Package) by extension 'colcon_meta'
[1.852s] Level 1:colcon.colcon_core.package_identification:_identify(src/Lab2_ConnerC_Package) by extensions ['ros']
[1.852s] Level 1:colcon.colcon_core.package_identification:_identify(src/Lab2_ConnerC_Package) by extension 'ros'
[1.855s] DEBUG:colcon.colcon_core.package_identification:Package 'src/Lab2_ConnerC_Package' with type 'ros.ament_python' and name 'Lab2_ConnerC_Package'
[1.856s] Level 1:colcon.colcon_core.package_identification:_identify(src/build) by extensions ['ignore', 'ignore_ament_install']
[1.856s] Level 1:colcon.colcon_core.package_identification:_identify(src/build) by extension 'ignore'
[1.856s] Level 1:colcon.colcon_core.package_identification:_identify(src/build) ignored
[1.857s] Level 1:colcon.colcon_core.package_identification:_identify(src/install) by extensions ['ignore', 'ignore_ament_install']
[1.858s] Level 1:colcon.colcon_core.package_identification:_identify(src/install) by extension 'ignore'
[1.858s] Level 1:colcon.colcon_core.package_identification:_identify(src/install) ignored
[1.859s] Level 1:colcon.colcon_core.package_identification:_identify(src/lab1_ian_package) by extensions ['ignore', 'ignore_ament_install']
[1.859s] Level 1:colcon.colcon_core.package_identification:_identify(src/lab1_ian_package) by extension 'ignore'
[1.860s] Level 1:colcon.colcon_core.package_identification:_identify(src/lab1_ian_package) by extension 'ignore_ament_install'
[1.860s] Level 1:colcon.colcon_core.package_identification:_identify(src/lab1_ian_package) by extensions ['colcon_pkg']
[1.860s] Level 1:colcon.colcon_core.package_identification:_identify(src/lab1_ian_package) by extension 'colcon_pkg'
[1.861s] Level 1:colcon.colcon_core.package_identification:_identify(src/lab1_ian_package) by extensions ['colcon_meta']
[1.861s] Level 1:colcon.colcon_core.package_identification:_identify(src/lab1_ian_package) by extension 'colcon_meta'
[1.862s] Level 1:colcon.colcon_core.package_identification:_identify(src/lab1_ian_package) by extensions ['ros']
[1.862s] Level 1:colcon.colcon_core.package_identification:_identify(src/lab1_ian_package) by extension 'ros'
[1.865s] DEBUG:colcon.colcon_core.package_identification:Package 'src/lab1_ian_package' with type 'ros.ament_python' and name 'turtlebot4_python_tutorials'
[1.866s] Level 1:colcon.colcon_core.package_identification:_identify(src/log) by extensions ['ignore', 'ignore_ament_install']
[1.866s] Level 1:colcon.colcon_core.package_identification:_identify(src/log) by extension 'ignore'
[1.867s] Level 1:colcon.colcon_core.package_identification:_identify(src/log) ignored
[1.867s] Level 1:colcon.colcon_core.package_identification:_identify(src/turtlebot4_python_tutorials) by extensions ['ignore', 'ignore_ament_install']
[1.867s] Level 1:colcon.colcon_core.package_identification:_identify(src/turtlebot4_python_tutorials) by extension 'ignore'
[1.868s] Level 1:colcon.colcon_core.package_identification:_identify(src/turtlebot4_python_tutorials) by extension 'ignore_ament_install'
[1.868s] Level 1:colcon.colcon_core.package_identification:_identify(src/turtlebot4_python_tutorials) by extensions ['colcon_pkg']
[1.869s] Level 1:colcon.colcon_core.package_identification:_identify(src/turtlebot4_python_tutorials) by extension 'colcon_pkg'
[1.869s] Level 1:colcon.colcon_core.package_identification:_identify(src/turtlebot4_python_tutorials) by extensions ['colcon_meta']
[1.870s] Level 1:colcon.colcon_core.package_identification:_identify(src/turtlebot4_python_tutorials) by extension 'colcon_meta'
[1.870s] Level 1:colcon.colcon_core.package_identification:_identify(src/turtlebot4_python_tutorials) by extensions ['ros']
[1.870s] Level 1:colcon.colcon_core.package_identification:_identify(src/turtlebot4_python_tutorials) by extension 'ros'
[1.872s] DEBUG:colcon.colcon_core.package_identification:Package 'src/turtlebot4_python_tutorials' with type 'ros.ament_python' and name 'turtlebot4_python_tutorials'
[1.874s] Level 1:colcon.colcon_core.package_identification:_identify(src/turtlebot4_python_tutorials_Conner_Carriere) by extensions ['ignore', 'ignore_ament_install']
[1.874s] Level 1:colcon.colcon_core.package_identification:_identify(src/turtlebot4_python_tutorials_Conner_Carriere) by extension 'ignore'
[1.875s] Level 1:colcon.colcon_core.package_identification:_identify(src/turtlebot4_python_tutorials_Conner_Carriere) by extension 'ignore_ament_install'
[1.875s] Level 1:colcon.colcon_core.package_identification:_identify(src/turtlebot4_python_tutorials_Conner_Carriere) by extensions ['colcon_pkg']
[1.876s] Level 1:colcon.colcon_core.package_identification:_identify(src/turtlebot4_python_tutorials_Conner_Carriere) by extension 'colcon_pkg'
[1.876s] Level 1:colcon.colcon_core.package_identification:_identify(src/turtlebot4_python_tutorials_Conner_Carriere) by extensions ['colcon_meta']
[1.876s] Level 1:colcon.colcon_core.package_identification:_identify(src/turtlebot4_python_tutorials_Conner_Carriere) by extension 'colcon_meta'
[1.876s] Level 1:colcon.colcon_core.package_identification:_identify(src/turtlebot4_python_tutorials_Conner_Carriere) by extensions ['ros']
[1.877s] Level 1:colcon.colcon_core.package_identification:_identify(src/turtlebot4_python_tutorials_Conner_Carriere) by extension 'ros'
[1.880s] DEBUG:colcon.colcon_core.package_identification:Package 'src/turtlebot4_python_tutorials_Conner_Carriere' with type 'ros.ament_python' and name 'turtlebot4_python_tutorials_Conner_Carriere'
[1.880s] Level 1:colcon.colcon_core.package_discovery:discover_packages(recursive) using defaults
[1.881s] Level 1:colcon.colcon_core.package_discovery:discover_packages(ignore) discover
[1.881s] Level 1:colcon.colcon_core.package_discovery:discover_packages(ignore) using defaults
[1.881s] Level 1:colcon.colcon_core.package_discovery:discover_packages(path) discover
[1.881s] Level 1:colcon.colcon_core.package_discovery:discover_packages(path) using defaults
[1.993s] INFO:colcon.colcon_core.package_selection:Skipping not selected package 'CC_Lab2' in 'src/CC_Lab2'
[1.994s] INFO:colcon.colcon_core.package_selection:Skipping not selected package 'Lab1_ConnerC_Package' in 'src/Lab1_ConnerC_Package'
[1.994s] INFO:colcon.colcon_core.package_selection:Skipping not selected package 'Lab1_DerrickS_Package' in 'src/Lab1_DerrickS_Package'
[1.994s] INFO:colcon.colcon_core.package_selection:Skipping not selected package 'Lab2_ConnerC_Package' in 'src/Lab2_ConnerC_Package'
[1.994s] INFO:colcon.colcon_core.package_selection:Skipping not selected package 'turtlebot4_python_tutorials' in 'src/Lab1_IanP_Package_temp'
[1.994s] INFO:colcon.colcon_core.package_selection:Skipping not selected package 'turtlebot4_python_tutorials' in 'src/lab1_ian_package'
[1.994s] INFO:colcon.colcon_core.package_selection:Skipping not selected package 'turtlebot4_python_tutorials' in 'src/turtlebot4_python_tutorials'
[1.994s] INFO:colcon.colcon_core.package_selection:Skipping not selected package 'turtlebot4_python_tutorials_Conner_Carriere' in 'src/turtlebot4_python_tutorials_Conner_Carriere'
[1.998s] Level 1:colcon.colcon_core.package_discovery:discover_packages(prefix_path) check parameters
[1.998s] Level 1:colcon.colcon_core.package_discovery:discover_packages(prefix_path) discover
[2.012s] DEBUG:colcon.colcon_installed_package_information.package_discovery:Found 3 installed packages in /home/ubuntu/turtlebot4_ws/install
[2.024s] DEBUG:colcon.colcon_installed_package_information.package_discovery:Found 313 installed packages in /opt/ros/humble
[2.032s] Level 1:colcon.colcon_core.package_discovery:discover_packages(prefix_path) using defaults
[2.323s] Level 5:colcon.colcon_core.verb:set package 'CC_Lab1' build argument 'cmake_args' from command line to 'None'
[2.323s] Level 5:colcon.colcon_core.verb:set package 'CC_Lab1' build argument 'cmake_target' from command line to 'None'
[2.324s] Level 5:colcon.colcon_core.verb:set package 'CC_Lab1' build argument 'cmake_target_skip_unavailable' from command line to 'False'
[2.324s] Level 5:colcon.colcon_core.verb:set package 'CC_Lab1' build argument 'cmake_clean_cache' from command line to 'False'
[2.324s] Level 5:colcon.colcon_core.verb:set package 'CC_Lab1' build argument 'cmake_clean_first' from command line to 'False'
[2.325s] Level 5:colcon.colcon_core.verb:set package 'CC_Lab1' build argument 'cmake_force_configure' from command line to 'False'
[2.325s] Level 5:colcon.colcon_core.verb:set package 'CC_Lab1' build argument 'ament_cmake_args' from command line to 'None'
[2.325s] Level 5:colcon.colcon_core.verb:set package 'CC_Lab1' build argument 'catkin_cmake_args' from command line to 'None'
[2.325s] Level 5:colcon.colcon_core.verb:set package 'CC_Lab1' build argument 'catkin_skip_building_tests' from command line to 'False'
[2.325s] DEBUG:colcon.colcon_core.verb:Building package 'CC_Lab1' with the following arguments: {'ament_cmake_args': None, 'build_base': '/home/ubuntu/turtlebot4_ws/build/CC_Lab1', 'catkin_cmake_args': None, 'catkin_skip_building_tests': False, 'cmake_args': None, 'cmake_clean_cache': False, 'cmake_clean_first': False, 'cmake_force_configure': False, 'cmake_target': None, 'cmake_target_skip_unavailable': False, 'install_base': '/home/ubuntu/turtlebot4_ws/install/CC_Lab1', 'merge_install': False, 'path': '/home/ubuntu/turtlebot4_ws/src/CC_Lab1', 'symlink_install': True, 'test_result_base': None}
[2.329s] INFO:colcon.colcon_core.executor:Executing jobs using 'parallel' executor
[2.346s] DEBUG:colcon.colcon_parallel_executor.executor.parallel:run_until_complete
[2.348s] INFO:colcon.colcon_ros.task.ament_python.build:Building ROS package in '/home/ubuntu/turtlebot4_ws/src/CC_Lab1' with build type 'ament_python'
[2.349s] Level 1:colcon.colcon_core.shell:create_environment_hook('CC_Lab1', 'ament_prefix_path')
[2.372s] INFO:colcon.colcon_core.plugin_system:Skipping extension 'colcon_core.shell.bat': Not used on non-Windows systems
[2.374s] INFO:colcon.colcon_core.shell:Creating environment hook '/home/ubuntu/turtlebot4_ws/install/CC_Lab1/share/CC_Lab1/hook/ament_prefix_path.ps1'
[2.377s] INFO:colcon.colcon_core.shell:Creating environment descriptor '/home/ubuntu/turtlebot4_ws/install/CC_Lab1/share/CC_Lab1/hook/ament_prefix_path.dsv'
[2.379s] INFO:colcon.colcon_core.shell:Creating environment hook '/home/ubuntu/turtlebot4_ws/install/CC_Lab1/share/CC_Lab1/hook/ament_prefix_path.sh'
[2.387s] INFO:colcon.colcon_core.shell:Skip shell extension 'powershell' for command environment: Not usable outside of PowerShell
[2.387s] DEBUG:colcon.colcon_core.shell:Skip shell extension 'dsv' for command environment
[3.755s] INFO:colcon.colcon_core.task.python.build:Building Python package in '/home/ubuntu/turtlebot4_ws/src/CC_Lab1'
[3.761s] INFO:colcon.colcon_core.shell:Skip shell extension 'powershell' for command environment: Not usable outside of PowerShell
[3.762s] DEBUG:colcon.colcon_core.shell:Skip shell extension 'dsv' for command environment
[5.719s] DEBUG:colcon.colcon_core.event_handler.log_command:Invoking command in '/home/ubuntu/turtlebot4_ws/build/CC_Lab1': PYTHONPATH=/home/ubuntu/turtlebot4_ws/build/CC_Lab1/prefix_override:/home/ubuntu/turtlebot4_ws/install/CC_Lab1/lib/python3.10/site-packages:${PYTHONPATH} /usr/bin/python3 setup.py develop --editable --build-directory /home/ubuntu/turtlebot4_ws/build/CC_Lab1/build --no-deps install_data
[8.120s] Level 1:colcon.colcon_core.shell:create_environment_hook('CC_Lab1', 'pythonpath_develop')
[8.127s] INFO:colcon.colcon_core.shell:Creating environment hook '/home/ubuntu/turtlebot4_ws/build/CC_Lab1/share/CC_Lab1/hook/pythonpath_develop.ps1'
[8.130s] DEBUG:colcon.colcon_core.event_handler.log_command:Invoked command in '/home/ubuntu/turtlebot4_ws/build/CC_Lab1' returned '0': PYTHONPATH=/home/ubuntu/turtlebot4_ws/build/CC_Lab1/prefix_override:/home/ubuntu/turtlebot4_ws/install/CC_Lab1/lib/python3.10/site-packages:${PYTHONPATH} /usr/bin/python3 setup.py develop --editable --build-directory /home/ubuntu/turtlebot4_ws/build/CC_Lab1/build --no-deps install_data
[8.132s] INFO:colcon.colcon_core.shell:Creating environment descriptor '/home/ubuntu/turtlebot4_ws/build/CC_Lab1/share/CC_Lab1/hook/pythonpath_develop.dsv'
[8.134s] INFO:colcon.colcon_core.shell:Creating environment hook '/home/ubuntu/turtlebot4_ws/build/CC_Lab1/share/CC_Lab1/hook/pythonpath_develop.sh'
[8.159s] Level 1:colcon.colcon_core.environment:checking '/home/ubuntu/turtlebot4_ws/install/CC_Lab1' for CMake module files
[8.162s] Level 1:colcon.colcon_core.environment:checking '/home/ubuntu/turtlebot4_ws/install/CC_Lab1' for CMake config files
[8.166s] Level 1:colcon.colcon_core.environment:checking '/home/ubuntu/turtlebot4_ws/install/CC_Lab1/lib'
[8.167s] Level 1:colcon.colcon_core.environment:checking '/home/ubuntu/turtlebot4_ws/install/CC_Lab1/bin'
[8.167s] Level 1:colcon.colcon_core.environment:checking '/home/ubuntu/turtlebot4_ws/install/CC_Lab1/lib/pkgconfig/CC_Lab1.pc'
[8.168s] Level 1:colcon.colcon_core.environment:checking '/home/ubuntu/turtlebot4_ws/install/CC_Lab1/lib/python3.10/site-packages'
[8.169s] Level 1:colcon.colcon_core.shell:create_environment_hook('CC_Lab1', 'pythonpath')
[8.174s] INFO:colcon.colcon_core.shell:Creating environment hook '/home/ubuntu/turtlebot4_ws/install/CC_Lab1/share/CC_Lab1/hook/pythonpath.ps1'
[8.175s] INFO:colcon.colcon_core.shell:Creating environment descriptor '/home/ubuntu/turtlebot4_ws/install/CC_Lab1/share/CC_Lab1/hook/pythonpath.dsv'
[8.177s] INFO:colcon.colcon_core.shell:Creating environment hook '/home/ubuntu/turtlebot4_ws/install/CC_Lab1/share/CC_Lab1/hook/pythonpath.sh'
[8.180s] Level 1:colcon.colcon_core.environment:checking '/home/ubuntu/turtlebot4_ws/install/CC_Lab1/bin'
[8.180s] Level 1:colcon.colcon_core.environment:create_environment_scripts_only(CC_Lab1)
[8.187s] INFO:colcon.colcon_core.shell:Creating package script '/home/ubuntu/turtlebot4_ws/install/CC_Lab1/share/CC_Lab1/package.ps1'
[8.191s] INFO:colcon.colcon_core.shell:Creating package descriptor '/home/ubuntu/turtlebot4_ws/install/CC_Lab1/share/CC_Lab1/package.dsv'
[8.194s] INFO:colcon.colcon_core.shell:Creating package script '/home/ubuntu/turtlebot4_ws/install/CC_Lab1/share/CC_Lab1/package.sh'
[8.199s] INFO:colcon.colcon_core.shell:Creating package script '/home/ubuntu/turtlebot4_ws/install/CC_Lab1/share/CC_Lab1/package.bash'
[8.202s] INFO:colcon.colcon_core.shell:Creating package script '/home/ubuntu/turtlebot4_ws/install/CC_Lab1/share/CC_Lab1/package.zsh'
[8.205s] Level 1:colcon.colcon_core.environment:create_file_with_runtime_dependencies(/home/ubuntu/turtlebot4_ws/install/CC_Lab1/share/colcon-core/packages/CC_Lab1)
[8.207s] DEBUG:colcon.colcon_parallel_executor.executor.parallel:closing loop
[8.208s] DEBUG:colcon.colcon_parallel_executor.executor.parallel:loop closed
[8.209s] DEBUG:colcon.colcon_parallel_executor.executor.parallel:run_until_complete finished with '0'
[8.209s] DEBUG:colcon.colcon_core.event_reactor:joining thread
[8.236s] INFO:colcon.colcon_core.plugin_system:Skipping extension 'colcon_notification.desktop_notification.notify_send': Could not find 'notify-send'
[8.237s] INFO:colcon.colcon_core.plugin_system:Skipping extension 'colcon_notification.desktop_notification.terminal_notifier': Not used on non-Darwin systems
[8.237s] INFO:colcon.colcon_core.plugin_system:Skipping extension 'colcon_notification.desktop_notification.win32': Not used on non-Windows systems
[8.238s] INFO:colcon.colcon_notification.desktop_notification:Sending desktop notification using 'notify2'
[8.242s] DEBUG:colcon.colcon_notification.desktop_notification.notify2:Failed to initialize notify2: org.freedesktop.DBus.Error.ServiceUnknown: The name org.freedesktop.Notifications was not provided by any .service files
[8.242s] DEBUG:colcon.colcon_core.event_reactor:joined thread
[8.248s] INFO:colcon.colcon_core.shell:Creating prefix script '/home/ubuntu/turtlebot4_ws/install/local_setup.ps1'
[8.253s] INFO:colcon.colcon_core.shell:Creating prefix util module '/home/ubuntu/turtlebot4_ws/install/_local_setup_util_ps1.py'
[8.259s] INFO:colcon.colcon_core.shell:Creating prefix chain script '/home/ubuntu/turtlebot4_ws/install/setup.ps1'
[8.266s] INFO:colcon.colcon_core.shell:Creating prefix script '/home/ubuntu/turtlebot4_ws/install/local_setup.sh'
[8.269s] INFO:colcon.colcon_core.shell:Creating prefix util module '/home/ubuntu/turtlebot4_ws/install/_local_setup_util_sh.py'
[8.272s] INFO:colcon.colcon_core.shell:Creating prefix chain script '/home/ubuntu/turtlebot4_ws/install/setup.sh'
[8.281s] INFO:colcon.colcon_core.shell:Creating prefix script '/home/ubuntu/turtlebot4_ws/install/local_setup.bash'
[8.283s] INFO:colcon.colcon_core.shell:Creating prefix chain script '/home/ubuntu/turtlebot4_ws/install/setup.bash'
[8.291s] INFO:colcon.colcon_core.shell:Creating prefix script '/home/ubuntu/turtlebot4_ws/install/local_setup.zsh'
[8.294s] INFO:colcon.colcon_core.shell:Creating prefix chain script '/home/ubuntu/turtlebot4_ws/install/setup.zsh'
