running develop
running egg_info
creating turtlebot4_python_examples.egg-info
writing turtlebot4_python_examples.egg-info/PKG-INFO
writing dependency_links to turtlebot4_python_examples.egg-info/dependency_links.txt
writing entry points to turtlebot4_python_examples.egg-info/entry_points.txt
writing requirements to turtlebot4_python_examples.egg-info/requires.txt
writing top-level names to turtlebot4_python_examples.egg-info/top_level.txt
writing manifest file 'turtlebot4_python_examples.egg-info/SOURCES.txt'
reading manifest file 'turtlebot4_python_examples.egg-info/SOURCES.txt'
writing manifest file 'turtlebot4_python_examples.egg-info/SOURCES.txt'
running build_ext
Creating /home/ubuntu/turtlebot4_ws/install/turtlebot4_python_examples/lib/python3.10/site-packages/turtlebot4-python-examples.egg-link (link to .)
Installing followbot script to /home/ubuntu/turtlebot4_ws/install/turtlebot4_python_examples/lib/turtlebot4_python_examples

Installed /home/ubuntu/turtlebot4_ws/build/turtlebot4_python_examples
running install_data
creating /home/ubuntu/turtlebot4_ws/install/turtlebot4_python_examples/share/ament_index
creating /home/ubuntu/turtlebot4_ws/install/turtlebot4_python_examples/share/ament_index/resource_index
creating /home/ubuntu/turtlebot4_ws/install/turtlebot4_python_examples/share/ament_index/resource_index/packages
copying resource/turtlebot4_python_examples -> /home/ubuntu/turtlebot4_ws/install/turtlebot4_python_examples/share/ament_index/resource_index/packages
copying package.xml -> /home/ubuntu/turtlebot4_ws/install/turtlebot4_python_examples/share/turtlebot4_python_examples
creating /home/ubuntu/turtlebot4_ws/install/turtlebot4_python_examples/share/turtlebot4_python_examples/launch
copying launch/followbot.launch.py -> /home/ubuntu/turtlebot4_ws/install/turtlebot4_python_examples/share/turtlebot4_python_examples/launch
