[4.741s] Invoking command in '/home/ubuntu/turtlebot4_ws/build/turtlebot4_python_tutorials_Conner_Carriere': PYTHONPATH=/home/ubuntu/turtlebot4_ws/build/turtlebot4_python_tutorials_Conner_Carriere/prefix_override:/home/ubuntu/turtlebot4_ws/install/turtlebot4_python_tutorials_Conner_Carriere/lib/python3.10/site-packages:${PYTHONPATH} /usr/bin/python3 setup.py develop --editable --build-directory /home/ubuntu/turtlebot4_ws/build/turtlebot4_python_tutorials_Conner_Carriere/build --no-deps install_data
[6.199s] running develop
[6.206s] /usr/lib/python3/dist-packages/setuptools/command/easy_install.py:158: EasyInstallDeprecationWarning: easy_install command is deprecated. Use build and pip and other standards-based tools.
[6.207s]   warnings.warn(
[6.212s] /usr/lib/python3/dist-packages/setuptools/command/install.py:34: SetuptoolsDeprecationWarning: setup.py install is deprecated. Use build and pip and other standards-based tools.
[6.213s]   warnings.warn(
[6.558s] /usr/lib/python3/dist-packages/pkg_resources/__init__.py:116: PkgResourcesDeprecationWarning: 1.16.0-unknown is an invalid version and will not be supported in a future release
[6.558s]   warnings.warn(
[6.563s] /usr/lib/python3/dist-packages/pkg_resources/__init__.py:116: PkgResourcesDeprecationWarning: 1.1build1 is an invalid version and will not be supported in a future release
[6.564s]   warnings.warn(
[6.564s] /usr/lib/python3/dist-packages/pkg_resources/__init__.py:116: PkgResourcesDeprecationWarning: 0.1.43ubuntu1 is an invalid version and will not be supported in a future release
[6.565s]   warnings.warn(
[7.223s] running egg_info
[7.225s] writing turtlebot4_python_tutorials_Conner_Carriere.egg-info/PKG-INFO
[7.230s] writing dependency_links to turtlebot4_python_tutorials_Conner_Carriere.egg-info/dependency_links.txt
[7.232s] writing entry points to turtlebot4_python_tutorials_Conner_Carriere.egg-info/entry_points.txt
[7.232s] writing requirements to turtlebot4_python_tutorials_Conner_Carriere.egg-info/requires.txt
[7.244s] writing top-level names to turtlebot4_python_tutorials_Conner_Carriere.egg-info/top_level.txt
[7.244s] reading manifest file 'turtlebot4_python_tutorials_Conner_Carriere.egg-info/SOURCES.txt'
[7.245s] writing manifest file 'turtlebot4_python_tutorials_Conner_Carriere.egg-info/SOURCES.txt'
[7.254s] running build_ext
[7.255s] Creating /home/ubuntu/turtlebot4_ws/install/turtlebot4_python_tutorials_Conner_Carriere/lib/python3.10/site-packages/turtlebot4-python-tutorials-Conner-Carriere.egg-link (link to .)
[7.264s] Installing turtlebot4_first_python_node script to /home/ubuntu/turtlebot4_ws/install/turtlebot4_python_tutorials_Conner_Carriere/lib/turtlebot4_python_tutorials_Conner_Carriere
[7.268s] Installing turtlebot4_undock_node script to /home/ubuntu/turtlebot4_ws/install/turtlebot4_python_tutorials_Conner_Carriere/lib/turtlebot4_python_tutorials_Conner_Carriere
[7.285s] Installing turtlebot4_wander_node script to /home/ubuntu/turtlebot4_ws/install/turtlebot4_python_tutorials_Conner_Carriere/lib/turtlebot4_python_tutorials_Conner_Carriere
[7.287s] 
[7.289s] Installed /home/ubuntu/turtlebot4_ws/build/turtlebot4_python_tutorials_Conner_Carriere
[7.306s] running install_data
[7.590s] Invoked command in '/home/ubuntu/turtlebot4_ws/build/turtlebot4_python_tutorials_Conner_Carriere' returned '0': PYTHONPATH=/home/ubuntu/turtlebot4_ws/build/turtlebot4_python_tutorials_Conner_Carriere/prefix_override:/home/ubuntu/turtlebot4_ws/install/turtlebot4_python_tutorials_Conner_Carriere/lib/python3.10/site-packages:${PYTHONPATH} /usr/bin/python3 setup.py develop --editable --build-directory /home/ubuntu/turtlebot4_ws/build/turtlebot4_python_tutorials_Conner_Carriere/build --no-deps install_data
