running develop
running egg_info
creating CC_Lab2.egg-info
writing CC_Lab2.egg-info/PKG-INFO
writing dependency_links to CC_Lab2.egg-info/dependency_links.txt
writing entry points to CC_Lab2.egg-info/entry_points.txt
writing requirements to CC_Lab2.egg-info/requires.txt
writing top-level names to CC_Lab2.egg-info/top_level.txt
writing manifest file 'CC_Lab2.egg-info/SOURCES.txt'
reading manifest file 'CC_Lab2.egg-info/SOURCES.txt'
writing manifest file 'CC_Lab2.egg-info/SOURCES.txt'
running build_ext
Creating /home/ubuntu/turtlebot4_ws/install/CC_Lab2/lib/python3.10/site-packages/CC-Lab2.egg-link (link to .)
Installing CC_Lab2_LidarData script to /home/ubuntu/turtlebot4_ws/install/CC_Lab2/lib/CC_Lab2

Installed /home/ubuntu/turtlebot4_ws/build/CC_Lab2
running install_data
creating /home/ubuntu/turtlebot4_ws/install/CC_Lab2/share/ament_index
creating /home/ubuntu/turtlebot4_ws/install/CC_Lab2/share/ament_index/resource_index
creating /home/ubuntu/turtlebot4_ws/install/CC_Lab2/share/ament_index/resource_index/packages
copying resource/CC_Lab2 -> /home/ubuntu/turtlebot4_ws/install/CC_Lab2/share/ament_index/resource_index/packages
copying package.xml -> /home/ubuntu/turtlebot4_ws/install/CC_Lab2/share/CC_Lab2
