[3.372s] Invoking command in '/home/ubuntu/turtlebot4_ws/build/CC_Lab2': PYTHONPATH=/home/ubuntu/turtlebot4_ws/build/CC_Lab2/prefix_override:/home/ubuntu/turtlebot4_ws/install/CC_Lab2/lib/python3.10/site-packages:${PYTHONPATH} /usr/bin/python3 setup.py develop --editable --build-directory /home/ubuntu/turtlebot4_ws/build/CC_Lab2/build --no-deps install_data
[4.707s] running develop
[4.709s] /usr/lib/python3/dist-packages/setuptools/command/easy_install.py:158: EasyInstallDeprecationWarning: easy_install command is deprecated. Use build and pip and other standards-based tools.
[4.710s]   warnings.warn(
[4.715s] /usr/lib/python3/dist-packages/setuptools/command/install.py:34: SetuptoolsDeprecationWarning: setup.py install is deprecated. Use build and pip and other standards-based tools.
[4.716s]   warnings.warn(
[5.037s] /usr/lib/python3/dist-packages/pkg_resources/__init__.py:116: PkgResourcesDeprecationWarning: 1.16.0-unknown is an invalid version and will not be supported in a future release
[5.038s]   warnings.warn(
[5.040s] /usr/lib/python3/dist-packages/pkg_resources/__init__.py:116: PkgResourcesDeprecationWarning: 1.1build1 is an invalid version and will not be supported in a future release
[5.041s]   warnings.warn(
[5.041s] /usr/lib/python3/dist-packages/pkg_resources/__init__.py:116: PkgResourcesDeprecationWarning: 0.1.43ubuntu1 is an invalid version and will not be supported in a future release
[5.042s]   warnings.warn(
[5.620s] running egg_info
[5.621s] creating CC_Lab2.egg-info
[5.622s] writing CC_Lab2.egg-info/PKG-INFO
[5.623s] writing dependency_links to CC_Lab2.egg-info/dependency_links.txt
[5.624s] writing entry points to CC_Lab2.egg-info/entry_points.txt
[5.625s] writing requirements to CC_Lab2.egg-info/requires.txt
[5.626s] writing top-level names to CC_Lab2.egg-info/top_level.txt
[5.626s] writing manifest file 'CC_Lab2.egg-info/SOURCES.txt'
[5.635s] reading manifest file 'CC_Lab2.egg-info/SOURCES.txt'
[5.638s] writing manifest file 'CC_Lab2.egg-info/SOURCES.txt'
[5.645s] running build_ext
[5.646s] Creating /home/ubuntu/turtlebot4_ws/install/CC_Lab2/lib/python3.10/site-packages/CC-Lab2.egg-link (link to .)
[5.651s] Installing CC_Lab2_LidarData script to /home/ubuntu/turtlebot4_ws/install/CC_Lab2/lib/CC_Lab2
[5.655s] 
[5.656s] Installed /home/ubuntu/turtlebot4_ws/build/CC_Lab2
[5.661s] running install_data
[5.663s] creating /home/ubuntu/turtlebot4_ws/install/CC_Lab2/share/ament_index
[5.664s] creating /home/ubuntu/turtlebot4_ws/install/CC_Lab2/share/ament_index/resource_index
[5.666s] creating /home/ubuntu/turtlebot4_ws/install/CC_Lab2/share/ament_index/resource_index/packages
[5.668s] copying resource/CC_Lab2 -> /home/ubuntu/turtlebot4_ws/install/CC_Lab2/share/ament_index/resource_index/packages
[5.671s] copying package.xml -> /home/ubuntu/turtlebot4_ws/install/CC_Lab2/share/CC_Lab2
[5.818s] Invoked command in '/home/ubuntu/turtlebot4_ws/build/CC_Lab2' returned '0': PYTHONPATH=/home/ubuntu/turtlebot4_ws/build/CC_Lab2/prefix_override:/home/ubuntu/turtlebot4_ws/install/CC_Lab2/lib/python3.10/site-packages:${PYTHONPATH} /usr/bin/python3 setup.py develop --editable --build-directory /home/ubuntu/turtlebot4_ws/build/CC_Lab2/build --no-deps install_data
