[2.981s] Invoking command in '/home/ubuntu/turtlebot4_ws/build/turtlebot4_python_tutorials': PYTHONPATH=/home/ubuntu/turtlebot4_ws/build/turtlebot4_python_tutorials/prefix_override:/home/ubuntu/turtlebot4_ws/install/turtlebot4_python_tutorials/lib/python3.10/site-packages:${PYTHONPATH} /usr/bin/python3 setup.py develop --editable --build-directory /home/ubuntu/turtlebot4_ws/build/turtlebot4_python_tutorials/build --no-deps install_data
[4.196s] running develop
[4.198s] /usr/lib/python3/dist-packages/setuptools/command/easy_install.py:158: EasyInstallDeprecationWarning: easy_install command is deprecated. Use build and pip and other standards-based tools.
[4.199s]   warnings.warn(
[4.206s] /usr/lib/python3/dist-packages/setuptools/command/install.py:34: SetuptoolsDeprecationWarning: setup.py install is deprecated. Use build and pip and other standards-based tools.
[4.210s]   warnings.warn(
[4.498s] /usr/lib/python3/dist-packages/pkg_resources/__init__.py:116: PkgResourcesDeprecationWarning: 1.16.0-unknown is an invalid version and will not be supported in a future release
[4.499s]   warnings.warn(
[4.499s] /usr/lib/python3/dist-packages/pkg_resources/__init__.py:116: PkgResourcesDeprecationWarning: 1.1build1 is an invalid version and will not be supported in a future release
[4.500s]   warnings.warn(
[4.500s] /usr/lib/python3/dist-packages/pkg_resources/__init__.py:116: PkgResourcesDeprecationWarning: 0.1.43ubuntu1 is an invalid version and will not be supported in a future release
[4.501s]   warnings.warn(
[4.996s] running egg_info
[4.997s] writing turtlebot4_python_tutorials.egg-info/PKG-INFO
[4.999s] writing dependency_links to turtlebot4_python_tutorials.egg-info/dependency_links.txt
[4.999s] writing entry points to turtlebot4_python_tutorials.egg-info/entry_points.txt
[5.000s] writing requirements to turtlebot4_python_tutorials.egg-info/requires.txt
[5.001s] writing top-level names to turtlebot4_python_tutorials.egg-info/top_level.txt
[5.009s] reading manifest file 'turtlebot4_python_tutorials.egg-info/SOURCES.txt'
[5.012s] writing manifest file 'turtlebot4_python_tutorials.egg-info/SOURCES.txt'
[5.019s] running build_ext
[5.019s] Creating /home/ubuntu/turtlebot4_ws/install/turtlebot4_python_tutorials/lib/python3.10/site-packages/turtlebot4-python-tutorials.egg-link (link to .)
[5.023s] Installing turtlebot4_first_python_node script to /home/ubuntu/turtlebot4_ws/install/turtlebot4_python_tutorials/lib/turtlebot4_python_tutorials
[5.025s] 
[5.025s] Installed /home/ubuntu/turtlebot4_ws/build/turtlebot4_python_tutorials
[5.026s] running install_data
[5.026s] copying package.xml -> /home/ubuntu/turtlebot4_ws/install/turtlebot4_python_tutorials/share/turtlebot4_python_tutorials
[5.183s] Invoked command in '/home/ubuntu/turtlebot4_ws/build/turtlebot4_python_tutorials' returned '0': PYTHONPATH=/home/ubuntu/turtlebot4_ws/build/turtlebot4_python_tutorials/prefix_override:/home/ubuntu/turtlebot4_ws/install/turtlebot4_python_tutorials/lib/python3.10/site-packages:${PYTHONPATH} /usr/bin/python3 setup.py develop --editable --build-directory /home/ubuntu/turtlebot4_ws/build/turtlebot4_python_tutorials/build --no-deps install_data
