[1.630s] DEBUG:colcon:Command line arguments: ['/usr/bin/colcon', 'build', '--symlink-install', '--packages-select', 'Lab1_IanP_Package']
[1.631s] DEBUG:colcon:Parsed command line arguments: Namespace(log_base=None, log_level=None, verb_name='build', build_base='build', install_base='install', merge_install=False, symlink_install=True, test_result_base=None, continue_on_error=False, executor='parallel', parallel_workers=4, event_handlers=None, ignore_user_meta=False, metas=['./colcon.meta'], base_paths=['.'], packages_ignore=None, packages_ignore_regex=None, paths=None, packages_up_to=None, packages_up_to_regex=None, packages_above=None, packages_above_and_dependencies=None, packages_above_depth=None, packages_select_by_dep=None, packages_skip_by_dep=None, packages_skip_up_to=None, packages_select_build_failed=False, packages_skip_build_finished=False, packages_select_test_failures=False, packages_skip_test_passed=False, packages_select=['Lab1_IanP_Package'], packages_skip=None, packages_select_regex=None, packages_skip_regex=None, packages_start=None, packages_end=None, allow_overriding=[], cmake_args=None, cmake_target=None, cmake_target_skip_unavailable=False, cmake_clean_cache=False, cmake_clean_first=False, cmake_force_configure=False, ament_cmake_args=None, catkin_cmake_args=None, catkin_skip_building_tests=False, verb_parser=<colcon_defaults.argument_parser.defaults.DefaultArgumentsDecorator object at 0xffffac7015d0>, verb_extension=<colcon_core.verb.build.BuildVerb object at 0xffffac833700>, main=<bound method BuildVerb.main of <colcon_core.verb.build.BuildVerb object at 0xffffac833700>>)
[1.803s] Level 1:colcon.colcon_core.package_discovery:discover_packages(colcon_meta) check parameters
[1.804s] Level 1:colcon.colcon_core.package_discovery:discover_packages(recursive) check parameters
[1.804s] Level 1:colcon.colcon_core.package_discovery:discover_packages(ignore) check parameters
[1.804s] Level 1:colcon.colcon_core.package_discovery:discover_packages(path) check parameters
[1.804s] Level 1:colcon.colcon_core.package_discovery:discover_packages(colcon_meta) discover
[1.805s] Level 1:colcon.colcon_core.package_discovery:discover_packages(recursive) discover
[1.805s] INFO:colcon.colcon_core.package_discovery:Crawling recursively for packages in '/home/ubuntu/turtlebot4_ws'
[1.806s] Level 1:colcon.colcon_core.package_identification:_identify(.) by extensions ['ignore', 'ignore_ament_install']
[1.806s] Level 1:colcon.colcon_core.package_identification:_identify(.) by extension 'ignore'
[1.807s] Level 1:colcon.colcon_core.package_identification:_identify(.) by extension 'ignore_ament_install'
[1.807s] Level 1:colcon.colcon_core.package_identification:_identify(.) by extensions ['colcon_pkg']
[1.807s] Level 1:colcon.colcon_core.package_identification:_identify(.) by extension 'colcon_pkg'
[1.808s] Level 1:colcon.colcon_core.package_identification:_identify(.) by extensions ['colcon_meta']
[1.808s] Level 1:colcon.colcon_core.package_identification:_identify(.) by extension 'colcon_meta'
[1.808s] Level 1:colcon.colcon_core.package_identification:_identify(.) by extensions ['ros']
[1.808s] Level 1:colcon.colcon_core.package_identification:_identify(.) by extension 'ros'
[1.864s] Level 1:colcon.colcon_core.package_identification:_identify(.) by extensions ['cmake', 'python']
[1.865s] Level 1:colcon.colcon_core.package_identification:_identify(.) by extension 'cmake'
[1.865s] Level 1:colcon.colcon_core.package_identification:_identify(.) by extension 'python'
[1.866s] Level 1:colcon.colcon_core.package_identification:_identify(.) by extensions ['python_setup_py']
[1.866s] Level 1:colcon.colcon_core.package_identification:_identify(.) by extension 'python_setup_py'
[1.867s] Level 1:colcon.colcon_core.package_identification:_identify(build) by extensions ['ignore', 'ignore_ament_install']
[1.868s] Level 1:colcon.colcon_core.package_identification:_identify(build) by extension 'ignore'
[1.868s] Level 1:colcon.colcon_core.package_identification:_identify(build) ignored
[1.869s] Level 1:colcon.colcon_core.package_identification:_identify(install) by extensions ['ignore', 'ignore_ament_install']
[1.870s] Level 1:colcon.colcon_core.package_identification:_identify(install) by extension 'ignore'
[1.871s] Level 1:colcon.colcon_core.package_identification:_identify(install) ignored
[1.871s] Level 1:colcon.colcon_core.package_identification:_identify(log) by extensions ['ignore', 'ignore_ament_install']
[1.872s] Level 1:colcon.colcon_core.package_identification:_identify(log) by extension 'ignore'
[1.872s] Level 1:colcon.colcon_core.package_identification:_identify(log) ignored
[1.873s] Level 1:colcon.colcon_core.package_identification:_identify(src) by extensions ['ignore', 'ignore_ament_install']
[1.874s] Level 1:colcon.colcon_core.package_identification:_identify(src) by extension 'ignore'
[1.874s] Level 1:colcon.colcon_core.package_identification:_identify(src) by extension 'ignore_ament_install'
[1.874s] Level 1:colcon.colcon_core.package_identification:_identify(src) by extensions ['colcon_pkg']
[1.874s] Level 1:colcon.colcon_core.package_identification:_identify(src) by extension 'colcon_pkg'
[1.875s] Level 1:colcon.colcon_core.package_identification:_identify(src) by extensions ['colcon_meta']
[1.875s] Level 1:colcon.colcon_core.package_identification:_identify(src) by extension 'colcon_meta'
[1.875s] Level 1:colcon.colcon_core.package_identification:_identify(src) by extensions ['ros']
[1.876s] Level 1:colcon.colcon_core.package_identification:_identify(src) by extension 'ros'
[1.876s] Level 1:colcon.colcon_core.package_identification:_identify(src) by extensions ['cmake', 'python']
[1.876s] Level 1:colcon.colcon_core.package_identification:_identify(src) by extension 'cmake'
[1.877s] Level 1:colcon.colcon_core.package_identification:_identify(src) by extension 'python'
[1.877s] Level 1:colcon.colcon_core.package_identification:_identify(src) by extensions ['python_setup_py']
[1.877s] Level 1:colcon.colcon_core.package_identification:_identify(src) by extension 'python_setup_py'
[1.879s] Level 1:colcon.colcon_core.package_identification:_identify(src/Lab1_ConnerC_Package) by extensions ['ignore', 'ignore_ament_install']
[1.879s] Level 1:colcon.colcon_core.package_identification:_identify(src/Lab1_ConnerC_Package) by extension 'ignore'
[1.880s] Level 1:colcon.colcon_core.package_identification:_identify(src/Lab1_ConnerC_Package) by extension 'ignore_ament_install'
[1.880s] Level 1:colcon.colcon_core.package_identification:_identify(src/Lab1_ConnerC_Package) by extensions ['colcon_pkg']
[1.881s] Level 1:colcon.colcon_core.package_identification:_identify(src/Lab1_ConnerC_Package) by extension 'colcon_pkg'
[1.881s] Level 1:colcon.colcon_core.package_identification:_identify(src/Lab1_ConnerC_Package) by extensions ['colcon_meta']
[1.881s] Level 1:colcon.colcon_core.package_identification:_identify(src/Lab1_ConnerC_Package) by extension 'colcon_meta'
[1.882s] Level 1:colcon.colcon_core.package_identification:_identify(src/Lab1_ConnerC_Package) by extensions ['ros']
[1.882s] Level 1:colcon.colcon_core.package_identification:_identify(src/Lab1_ConnerC_Package) by extension 'ros'
[1.893s] DEBUG:colcon.colcon_core.package_identification:Package 'src/Lab1_ConnerC_Package' with type 'ros.ament_python' and name 'Lab1_ConnerC_Package'
[1.894s] Level 1:colcon.colcon_core.package_identification:_identify(src/Lab1_DerrickS_Package) by extensions ['ignore', 'ignore_ament_install']
[1.894s] Level 1:colcon.colcon_core.package_identification:_identify(src/Lab1_DerrickS_Package) by extension 'ignore'
[1.895s] Level 1:colcon.colcon_core.package_identification:_identify(src/Lab1_DerrickS_Package) by extension 'ignore_ament_install'
[1.895s] Level 1:colcon.colcon_core.package_identification:_identify(src/Lab1_DerrickS_Package) by extensions ['colcon_pkg']
[1.896s] Level 1:colcon.colcon_core.package_identification:_identify(src/Lab1_DerrickS_Package) by extension 'colcon_pkg'
[1.896s] Level 1:colcon.colcon_core.package_identification:_identify(src/Lab1_DerrickS_Package) by extensions ['colcon_meta']
[1.896s] Level 1:colcon.colcon_core.package_identification:_identify(src/Lab1_DerrickS_Package) by extension 'colcon_meta'
[1.897s] Level 1:colcon.colcon_core.package_identification:_identify(src/Lab1_DerrickS_Package) by extensions ['ros']
[1.897s] Level 1:colcon.colcon_core.package_identification:_identify(src/Lab1_DerrickS_Package) by extension 'ros'
[1.901s] DEBUG:colcon.colcon_core.package_identification:Package 'src/Lab1_DerrickS_Package' with type 'ros.ament_python' and name 'Lab1_DerrickS_Package'
[1.902s] Level 1:colcon.colcon_core.package_identification:_identify(src/Lab1_IanP_Package) by extensions ['ignore', 'ignore_ament_install']
[1.902s] Level 1:colcon.colcon_core.package_identification:_identify(src/Lab1_IanP_Package) by extension 'ignore'
[1.903s] Level 1:colcon.colcon_core.package_identification:_identify(src/Lab1_IanP_Package) by extension 'ignore_ament_install'
[1.903s] Level 1:colcon.colcon_core.package_identification:_identify(src/Lab1_IanP_Package) by extensions ['colcon_pkg']
[1.903s] Level 1:colcon.colcon_core.package_identification:_identify(src/Lab1_IanP_Package) by extension 'colcon_pkg'
[1.904s] Level 1:colcon.colcon_core.package_identification:_identify(src/Lab1_IanP_Package) by extensions ['colcon_meta']
[1.904s] Level 1:colcon.colcon_core.package_identification:_identify(src/Lab1_IanP_Package) by extension 'colcon_meta'
[1.904s] Level 1:colcon.colcon_core.package_identification:_identify(src/Lab1_IanP_Package) by extensions ['ros']
[1.904s] Level 1:colcon.colcon_core.package_identification:_identify(src/Lab1_IanP_Package) by extension 'ros'
[1.907s] DEBUG:colcon.colcon_core.package_identification:Package 'src/Lab1_IanP_Package' with type 'ros.ament_python' and name 'turtlebot4_python_tutorials'
[1.908s] Level 1:colcon.colcon_core.package_identification:_identify(src/Lab2_ConnerC_Package) by extensions ['ignore', 'ignore_ament_install']
[1.908s] Level 1:colcon.colcon_core.package_identification:_identify(src/Lab2_ConnerC_Package) by extension 'ignore'
[1.909s] Level 1:colcon.colcon_core.package_identification:_identify(src/Lab2_ConnerC_Package) by extension 'ignore_ament_install'
[1.909s] Level 1:colcon.colcon_core.package_identification:_identify(src/Lab2_ConnerC_Package) by extensions ['colcon_pkg']
[1.910s] Level 1:colcon.colcon_core.package_identification:_identify(src/Lab2_ConnerC_Package) by extension 'colcon_pkg'
[1.910s] Level 1:colcon.colcon_core.package_identification:_identify(src/Lab2_ConnerC_Package) by extensions ['colcon_meta']
[1.911s] Level 1:colcon.colcon_core.package_identification:_identify(src/Lab2_ConnerC_Package) by extension 'colcon_meta'
[1.911s] Level 1:colcon.colcon_core.package_identification:_identify(src/Lab2_ConnerC_Package) by extensions ['ros']
[1.912s] Level 1:colcon.colcon_core.package_identification:_identify(src/Lab2_ConnerC_Package) by extension 'ros'
[1.915s] DEBUG:colcon.colcon_core.package_identification:Package 'src/Lab2_ConnerC_Package' with type 'ros.ament_python' and name 'Lab2_ConnerC_Package'
[1.916s] Level 1:colcon.colcon_core.package_identification:_identify(src/build) by extensions ['ignore', 'ignore_ament_install']
[1.917s] Level 1:colcon.colcon_core.package_identification:_identify(src/build) by extension 'ignore'
[1.918s] Level 1:colcon.colcon_core.package_identification:_identify(src/build) ignored
[1.919s] Level 1:colcon.colcon_core.package_identification:_identify(src/install) by extensions ['ignore', 'ignore_ament_install']
[1.919s] Level 1:colcon.colcon_core.package_identification:_identify(src/install) by extension 'ignore'
[1.920s] Level 1:colcon.colcon_core.package_identification:_identify(src/install) ignored
[1.921s] Level 1:colcon.colcon_core.package_identification:_identify(src/log) by extensions ['ignore', 'ignore_ament_install']
[1.921s] Level 1:colcon.colcon_core.package_identification:_identify(src/log) by extension 'ignore'
[1.921s] Level 1:colcon.colcon_core.package_identification:_identify(src/log) ignored
[1.922s] Level 1:colcon.colcon_core.package_identification:_identify(src/turtlebot4_python_tutorials) by extensions ['ignore', 'ignore_ament_install']
[1.923s] Level 1:colcon.colcon_core.package_identification:_identify(src/turtlebot4_python_tutorials) by extension 'ignore'
[1.923s] Level 1:colcon.colcon_core.package_identification:_identify(src/turtlebot4_python_tutorials) by extension 'ignore_ament_install'
[1.924s] Level 1:colcon.colcon_core.package_identification:_identify(src/turtlebot4_python_tutorials) by extensions ['colcon_pkg']
[1.924s] Level 1:colcon.colcon_core.package_identification:_identify(src/turtlebot4_python_tutorials) by extension 'colcon_pkg'
[1.925s] Level 1:colcon.colcon_core.package_identification:_identify(src/turtlebot4_python_tutorials) by extensions ['colcon_meta']
[1.925s] Level 1:colcon.colcon_core.package_identification:_identify(src/turtlebot4_python_tutorials) by extension 'colcon_meta'
[1.926s] Level 1:colcon.colcon_core.package_identification:_identify(src/turtlebot4_python_tutorials) by extensions ['ros']
[1.926s] Level 1:colcon.colcon_core.package_identification:_identify(src/turtlebot4_python_tutorials) by extension 'ros'
[1.928s] DEBUG:colcon.colcon_core.package_identification:Package 'src/turtlebot4_python_tutorials' with type 'ros.ament_python' and name 'turtlebot4_python_tutorials'
[1.930s] Level 1:colcon.colcon_core.package_identification:_identify(src/turtlebot4_python_tutorials_Conner_Carriere) by extensions ['ignore', 'ignore_ament_install']
[1.930s] Level 1:colcon.colcon_core.package_identification:_identify(src/turtlebot4_python_tutorials_Conner_Carriere) by extension 'ignore'
[1.931s] Level 1:colcon.colcon_core.package_identification:_identify(src/turtlebot4_python_tutorials_Conner_Carriere) by extension 'ignore_ament_install'
[1.931s] Level 1:colcon.colcon_core.package_identification:_identify(src/turtlebot4_python_tutorials_Conner_Carriere) by extensions ['colcon_pkg']
[1.932s] Level 1:colcon.colcon_core.package_identification:_identify(src/turtlebot4_python_tutorials_Conner_Carriere) by extension 'colcon_pkg'
[1.932s] Level 1:colcon.colcon_core.package_identification:_identify(src/turtlebot4_python_tutorials_Conner_Carriere) by extensions ['colcon_meta']
[1.933s] Level 1:colcon.colcon_core.package_identification:_identify(src/turtlebot4_python_tutorials_Conner_Carriere) by extension 'colcon_meta'
[1.933s] Level 1:colcon.colcon_core.package_identification:_identify(src/turtlebot4_python_tutorials_Conner_Carriere) by extensions ['ros']
[1.933s] Level 1:colcon.colcon_core.package_identification:_identify(src/turtlebot4_python_tutorials_Conner_Carriere) by extension 'ros'
[1.937s] DEBUG:colcon.colcon_core.package_identification:Package 'src/turtlebot4_python_tutorials_Conner_Carriere' with type 'ros.ament_python' and name 'turtlebot4_python_tutorials_Conner_Carriere'
[1.938s] Level 1:colcon.colcon_core.package_discovery:discover_packages(recursive) using defaults
[1.938s] Level 1:colcon.colcon_core.package_discovery:discover_packages(ignore) discover
[1.939s] Level 1:colcon.colcon_core.package_discovery:discover_packages(ignore) using defaults
[1.939s] Level 1:colcon.colcon_core.package_discovery:discover_packages(path) discover
[1.939s] Level 1:colcon.colcon_core.package_discovery:discover_packages(path) using defaults
[1.945s] WARNING:colcon.colcon_core.package_selection:ignoring unknown package 'Lab1_IanP_Package' in --packages-select
[2.051s] INFO:colcon.colcon_core.package_selection:Skipping not selected package 'Lab1_ConnerC_Package' in 'src/Lab1_ConnerC_Package'
[2.051s] INFO:colcon.colcon_core.package_selection:Skipping not selected package 'Lab1_DerrickS_Package' in 'src/Lab1_DerrickS_Package'
[2.052s] INFO:colcon.colcon_core.package_selection:Skipping not selected package 'Lab2_ConnerC_Package' in 'src/Lab2_ConnerC_Package'
[2.052s] INFO:colcon.colcon_core.package_selection:Skipping not selected package 'turtlebot4_python_tutorials' in 'src/turtlebot4_python_tutorials'
[2.052s] INFO:colcon.colcon_core.package_selection:Skipping not selected package 'turtlebot4_python_tutorials' in 'src/Lab1_IanP_Package'
[2.052s] INFO:colcon.colcon_core.package_selection:Skipping not selected package 'turtlebot4_python_tutorials_Conner_Carriere' in 'src/turtlebot4_python_tutorials_Conner_Carriere'
[2.056s] Level 1:colcon.colcon_core.package_discovery:discover_packages(prefix_path) check parameters
[2.056s] Level 1:colcon.colcon_core.package_discovery:discover_packages(prefix_path) discover
[2.070s] DEBUG:colcon.colcon_installed_package_information.package_discovery:Found 3 installed packages in /home/ubuntu/turtlebot4_ws/install
[2.083s] DEBUG:colcon.colcon_installed_package_information.package_discovery:Found 313 installed packages in /opt/ros/humble
[2.091s] Level 1:colcon.colcon_core.package_discovery:discover_packages(prefix_path) using defaults
[2.402s] INFO:colcon.colcon_core.executor:Executing jobs using 'parallel' executor
[2.416s] DEBUG:colcon.colcon_parallel_executor.executor.parallel:run_until_complete
[2.417s] DEBUG:colcon.colcon_parallel_executor.executor.parallel:closing loop
[2.418s] DEBUG:colcon.colcon_parallel_executor.executor.parallel:loop closed
[2.418s] DEBUG:colcon.colcon_parallel_executor.executor.parallel:run_until_complete finished with '0'
[2.419s] DEBUG:colcon.colcon_core.event_reactor:joining thread
[2.444s] INFO:colcon.colcon_core.plugin_system:Skipping extension 'colcon_notification.desktop_notification.notify_send': Could not find 'notify-send'
[2.445s] INFO:colcon.colcon_core.plugin_system:Skipping extension 'colcon_notification.desktop_notification.terminal_notifier': Not used on non-Darwin systems
[2.445s] INFO:colcon.colcon_core.plugin_system:Skipping extension 'colcon_notification.desktop_notification.win32': Not used on non-Windows systems
[2.445s] INFO:colcon.colcon_notification.desktop_notification:Sending desktop notification using 'notify2'
[2.448s] DEBUG:colcon.colcon_notification.desktop_notification.notify2:Failed to initialize notify2: org.freedesktop.DBus.Error.ServiceUnknown: The name org.freedesktop.Notifications was not provided by any .service files
[2.449s] DEBUG:colcon.colcon_core.event_reactor:joined thread
[2.468s] INFO:colcon.colcon_core.plugin_system:Skipping extension 'colcon_core.shell.bat': Not used on non-Windows systems
[2.470s] INFO:colcon.colcon_core.shell:Creating prefix script '/home/ubuntu/turtlebot4_ws/install/local_setup.ps1'
[2.474s] INFO:colcon.colcon_core.shell:Creating prefix util module '/home/ubuntu/turtlebot4_ws/install/_local_setup_util_ps1.py'
[2.482s] INFO:colcon.colcon_core.shell:Creating prefix chain script '/home/ubuntu/turtlebot4_ws/install/setup.ps1'
[2.490s] INFO:colcon.colcon_core.shell:Creating prefix script '/home/ubuntu/turtlebot4_ws/install/local_setup.sh'
[2.493s] INFO:colcon.colcon_core.shell:Creating prefix util module '/home/ubuntu/turtlebot4_ws/install/_local_setup_util_sh.py'
[2.496s] INFO:colcon.colcon_core.shell:Creating prefix chain script '/home/ubuntu/turtlebot4_ws/install/setup.sh'
[2.504s] INFO:colcon.colcon_core.shell:Creating prefix script '/home/ubuntu/turtlebot4_ws/install/local_setup.bash'
[2.506s] INFO:colcon.colcon_core.shell:Creating prefix chain script '/home/ubuntu/turtlebot4_ws/install/setup.bash'
[2.513s] INFO:colcon.colcon_core.shell:Creating prefix script '/home/ubuntu/turtlebot4_ws/install/local_setup.zsh'
[2.516s] INFO:colcon.colcon_core.shell:Creating prefix chain script '/home/ubuntu/turtlebot4_ws/install/setup.zsh'
