running develop
running egg_info
creating CameraCapture.egg-info
writing CameraCapture.egg-info/PKG-INFO
writing dependency_links to CameraCapture.egg-info/dependency_links.txt
writing entry points to CameraCapture.egg-info/entry_points.txt
writing requirements to CameraCapture.egg-info/requires.txt
writing top-level names to CameraCapture.egg-info/top_level.txt
writing manifest file 'CameraCapture.egg-info/SOURCES.txt'
reading manifest file 'CameraCapture.egg-info/SOURCES.txt'
writing manifest file 'CameraCapture.egg-info/SOURCES.txt'
running build_ext
Creating /home/ubuntu/turtlebot4_ws/install/CameraCapture/lib/python3.10/site-packages/CameraCapture.egg-link (link to .)
Installing CameraCaputre script to /home/ubuntu/turtlebot4_ws/install/CameraCapture/lib/CameraCapture

Installed /home/ubuntu/turtlebot4_ws/build/CameraCapture
running install_data
creating /home/ubuntu/turtlebot4_ws/install/CameraCapture/share/ament_index
creating /home/ubuntu/turtlebot4_ws/install/CameraCapture/share/ament_index/resource_index
creating /home/ubuntu/turtlebot4_ws/install/CameraCapture/share/ament_index/resource_index/packages
copying resource/CameraCapture -> /home/ubuntu/turtlebot4_ws/install/CameraCapture/share/ament_index/resource_index/packages
copying package.xml -> /home/ubuntu/turtlebot4_ws/install/CameraCapture/share/CameraCapture
