running develop
/usr/lib/python3/dist-packages/setuptools/command/easy_install.py:158: EasyInstallDeprecationWarning: easy_install command is deprecated. Use build and pip and other standards-based tools.
  warnings.warn(
/usr/lib/python3/dist-packages/setuptools/command/install.py:34: SetuptoolsDeprecationWarning: setup.py install is deprecated. Use build and pip and other standards-based tools.
  warnings.warn(
/usr/lib/python3/dist-packages/pkg_resources/__init__.py:116: PkgResourcesDeprecationWarning: 1.16.0-unknown is an invalid version and will not be supported in a future release
  warnings.warn(
/usr/lib/python3/dist-packages/pkg_resources/__init__.py:116: PkgResourcesDeprecationWarning: 1.1build1 is an invalid version and will not be supported in a future release
  warnings.warn(
/usr/lib/python3/dist-packages/pkg_resources/__init__.py:116: PkgResourcesDeprecationWarning: 0.1.43ubuntu1 is an invalid version and will not be supported in a future release
  warnings.warn(
running egg_info
creating CameraCapture.egg-info
writing CameraCapture.egg-info/PKG-INFO
writing dependency_links to CameraCapture.egg-info/dependency_links.txt
writing entry points to CameraCapture.egg-info/entry_points.txt
writing requirements to CameraCapture.egg-info/requires.txt
writing top-level names to CameraCapture.egg-info/top_level.txt
writing manifest file 'CameraCapture.egg-info/SOURCES.txt'
reading manifest file 'CameraCapture.egg-info/SOURCES.txt'
writing manifest file 'CameraCapture.egg-info/SOURCES.txt'
running build_ext
Creating /home/ubuntu/turtlebot4_ws/install/CameraCapture/lib/python3.10/site-packages/CameraCapture.egg-link (link to .)
Installing CameraCaputre script to /home/ubuntu/turtlebot4_ws/install/CameraCapture/lib/CameraCapture

Installed /home/ubuntu/turtlebot4_ws/build/CameraCapture
running install_data
creating /home/ubuntu/turtlebot4_ws/install/CameraCapture/share/ament_index
creating /home/ubuntu/turtlebot4_ws/install/CameraCapture/share/ament_index/resource_index
creating /home/ubuntu/turtlebot4_ws/install/CameraCapture/share/ament_index/resource_index/packages
copying resource/CameraCapture -> /home/ubuntu/turtlebot4_ws/install/CameraCapture/share/ament_index/resource_index/packages
copying package.xml -> /home/ubuntu/turtlebot4_ws/install/CameraCapture/share/CameraCapture
