[3.763s] Invoking command in '/home/ubuntu/turtlebot4_ws/build/CameraCapture': PYTHONPATH=/home/ubuntu/turtlebot4_ws/build/CameraCapture/prefix_override:/home/ubuntu/turtlebot4_ws/install/CameraCapture/lib/python3.10/site-packages:${PYTHONPATH} /usr/bin/python3 setup.py develop --editable --build-directory /home/ubuntu/turtlebot4_ws/build/CameraCapture/build --no-deps install_data
[5.227s] running develop
[5.232s] /usr/lib/python3/dist-packages/setuptools/command/easy_install.py:158: EasyInstallDeprecationWarning: easy_install command is deprecated. Use build and pip and other standards-based tools.
[5.233s]   warnings.warn(
[5.238s] /usr/lib/python3/dist-packages/setuptools/command/install.py:34: SetuptoolsDeprecationWarning: setup.py install is deprecated. Use build and pip and other standards-based tools.
[5.239s]   warnings.warn(
[5.595s] /usr/lib/python3/dist-packages/pkg_resources/__init__.py:116: PkgResourcesDeprecationWarning: 1.16.0-unknown is an invalid version and will not be supported in a future release
[5.596s]   warnings.warn(
[5.597s] /usr/lib/python3/dist-packages/pkg_resources/__init__.py:116: PkgResourcesDeprecationWarning: 1.1build1 is an invalid version and will not be supported in a future release
[5.597s]   warnings.warn(
[5.598s] /usr/lib/python3/dist-packages/pkg_resources/__init__.py:116: PkgResourcesDeprecationWarning: 0.1.43ubuntu1 is an invalid version and will not be supported in a future release
[5.599s]   warnings.warn(
[6.218s] running egg_info
[6.221s] creating CameraCapture.egg-info
[6.221s] writing CameraCapture.egg-info/PKG-INFO
[6.222s] writing dependency_links to CameraCapture.egg-info/dependency_links.txt
[6.223s] writing entry points to CameraCapture.egg-info/entry_points.txt
[6.223s] writing requirements to CameraCapture.egg-info/requires.txt
[6.224s] writing top-level names to CameraCapture.egg-info/top_level.txt
[6.224s] writing manifest file 'CameraCapture.egg-info/SOURCES.txt'
[6.232s] reading manifest file 'CameraCapture.egg-info/SOURCES.txt'
[6.234s] writing manifest file 'CameraCapture.egg-info/SOURCES.txt'
[6.242s] running build_ext
[6.243s] Creating /home/ubuntu/turtlebot4_ws/install/CameraCapture/lib/python3.10/site-packages/CameraCapture.egg-link (link to .)
[6.248s] Installing CameraCaputre script to /home/ubuntu/turtlebot4_ws/install/CameraCapture/lib/CameraCapture
[6.249s] 
[6.250s] Installed /home/ubuntu/turtlebot4_ws/build/CameraCapture
[6.251s] running install_data
[6.252s] creating /home/ubuntu/turtlebot4_ws/install/CameraCapture/share/ament_index
[6.252s] creating /home/ubuntu/turtlebot4_ws/install/CameraCapture/share/ament_index/resource_index
[6.253s] creating /home/ubuntu/turtlebot4_ws/install/CameraCapture/share/ament_index/resource_index/packages
[6.254s] copying resource/CameraCapture -> /home/ubuntu/turtlebot4_ws/install/CameraCapture/share/ament_index/resource_index/packages
[6.255s] copying package.xml -> /home/ubuntu/turtlebot4_ws/install/CameraCapture/share/CameraCapture
[6.415s] Invoked command in '/home/ubuntu/turtlebot4_ws/build/CameraCapture' returned '0': PYTHONPATH=/home/ubuntu/turtlebot4_ws/build/CameraCapture/prefix_override:/home/ubuntu/turtlebot4_ws/install/CameraCapture/lib/python3.10/site-packages:${PYTHONPATH} /usr/bin/python3 setup.py develop --editable --build-directory /home/ubuntu/turtlebot4_ws/build/CameraCapture/build --no-deps install_data
