running egg_info
writing ../build/Lab2_ConnerC_Package/Lab2_ConnerC_Package.egg-info/PKG-INFO
writing dependency_links to ../build/Lab2_ConnerC_Package/Lab2_ConnerC_Package.egg-info/dependency_links.txt
writing entry points to ../build/Lab2_ConnerC_Package/Lab2_ConnerC_Package.egg-info/entry_points.txt
writing requirements to ../build/Lab2_ConnerC_Package/Lab2_ConnerC_Package.egg-info/requires.txt
writing top-level names to ../build/Lab2_ConnerC_Package/Lab2_ConnerC_Package.egg-info/top_level.txt
reading manifest file '../build/Lab2_ConnerC_Package/Lab2_ConnerC_Package.egg-info/SOURCES.txt'
writing manifest file '../build/Lab2_ConnerC_Package/Lab2_ConnerC_Package.egg-info/SOURCES.txt'
running build
running build_py
copying Lab2_ConnerC_Package/LidarListen.py -> /home/ubuntu/turtlebot4_ws/src/build/Lab2_ConnerC_Package/build/lib/Lab2_ConnerC_Package
running install
/usr/lib/python3/dist-packages/setuptools/command/install.py:34: SetuptoolsDeprecationWarning: setup.py install is deprecated. Use build and pip and other standards-based tools.
  warnings.warn(
running install_lib
copying /home/ubuntu/turtlebot4_ws/src/build/Lab2_ConnerC_Package/build/lib/Lab2_ConnerC_Package/LidarListen.py -> /home/ubuntu/turtlebot4_ws/src/install/Lab2_ConnerC_Package/lib/python3.10/site-packages/Lab2_ConnerC_Package
byte-compiling /home/ubuntu/turtlebot4_ws/src/install/Lab2_ConnerC_Package/lib/python3.10/site-packages/Lab2_ConnerC_Package/LidarListen.py to LidarListen.cpython-310.pyc
running install_data
running install_egg_info
removing '/home/ubuntu/turtlebot4_ws/src/install/Lab2_ConnerC_Package/lib/python3.10/site-packages/Lab2_ConnerC_Package-0.0.0-py3.10.egg-info' (and everything under it)
Copying ../build/Lab2_ConnerC_Package/Lab2_ConnerC_Package.egg-info to /home/ubuntu/turtlebot4_ws/src/install/Lab2_ConnerC_Package/lib/python3.10/site-packages/Lab2_ConnerC_Package-0.0.0-py3.10.egg-info
running install_scripts
Installing LidarListen script to /home/ubuntu/turtlebot4_ws/src/install/Lab2_ConnerC_Package/lib/Lab2_ConnerC_Package
writing list of installed files to '/home/ubuntu/turtlebot4_ws/src/build/Lab2_ConnerC_Package/install.log'
