[6.521s] Invoking command in '/home/ubuntu/turtlebot4_ws/src/build/turtlebot4_python_tutorials': PYTHONPATH=/home/ubuntu/turtlebot4_ws/src/build/turtlebot4_python_tutorials/prefix_override:/home/ubuntu/turtlebot4_ws/src/install/turtlebot4_python_tutorials/lib/python3.10/site-packages:${PYTHONPATH} /usr/bin/python3 setup.py develop --editable --build-directory /home/ubuntu/turtlebot4_ws/src/build/turtlebot4_python_tutorials/build --no-deps install_data
[8.609s] running develop
[8.615s] /usr/lib/python3/dist-packages/setuptools/command/easy_install.py:158: EasyInstallDeprecationWarning: easy_install command is deprecated. Use build and pip and other standards-based tools.
[8.616s]   warnings.warn(
[8.624s] /usr/lib/python3/dist-packages/setuptools/command/install.py:34: SetuptoolsDeprecationWarning: setup.py install is deprecated. Use build and pip and other standards-based tools.
[8.630s]   warnings.warn(
[9.094s] /usr/lib/python3/dist-packages/pkg_resources/__init__.py:116: PkgResourcesDeprecationWarning: 1.16.0-unknown is an invalid version and will not be supported in a future release
[9.096s]   warnings.warn(
[9.100s] /usr/lib/python3/dist-packages/pkg_resources/__init__.py:116: PkgResourcesDeprecationWarning: 1.1build1 is an invalid version and will not be supported in a future release
[9.102s]   warnings.warn(
[9.106s] /usr/lib/python3/dist-packages/pkg_resources/__init__.py:116: PkgResourcesDeprecationWarning: 0.1.43ubuntu1 is an invalid version and will not be supported in a future release
[9.111s]   warnings.warn(
[9.970s] running egg_info
[9.977s] writing turtlebot4_python_tutorials.egg-info/PKG-INFO
[9.982s] writing dependency_links to turtlebot4_python_tutorials.egg-info/dependency_links.txt
[9.988s] writing entry points to turtlebot4_python_tutorials.egg-info/entry_points.txt
[9.992s] writing requirements to turtlebot4_python_tutorials.egg-info/requires.txt
[10.000s] writing top-level names to turtlebot4_python_tutorials.egg-info/top_level.txt
[10.024s] reading manifest file 'turtlebot4_python_tutorials.egg-info/SOURCES.txt'
[10.037s] writing manifest file 'turtlebot4_python_tutorials.egg-info/SOURCES.txt'
[10.058s] running build_ext
[10.065s] Creating /home/ubuntu/turtlebot4_ws/src/install/turtlebot4_python_tutorials/lib/python3.10/site-packages/turtlebot4-python-tutorials.egg-link (link to .)
[10.077s] Installing turtlebot4_first_python_node script to /home/ubuntu/turtlebot4_ws/src/install/turtlebot4_python_tutorials/lib/turtlebot4_python_tutorials
[10.088s] 
[10.091s] Installed /home/ubuntu/turtlebot4_ws/src/build/turtlebot4_python_tutorials
[10.092s] running install_data
[10.489s] Invoked command in '/home/ubuntu/turtlebot4_ws/src/build/turtlebot4_python_tutorials' returned '0': PYTHONPATH=/home/ubuntu/turtlebot4_ws/src/build/turtlebot4_python_tutorials/prefix_override:/home/ubuntu/turtlebot4_ws/src/install/turtlebot4_python_tutorials/lib/python3.10/site-packages:${PYTHONPATH} /usr/bin/python3 setup.py develop --editable --build-directory /home/ubuntu/turtlebot4_ws/src/build/turtlebot4_python_tutorials/build --no-deps install_data
