[1.538s] DEBUG:colcon:Command line arguments: ['/usr/bin/colcon', 'build', '--symlink-install']
[1.538s] DEBUG:colcon:Parsed command line arguments: Namespace(log_base=None, log_level=None, verb_name='build', build_base='build', install_base='install', merge_install=False, symlink_install=True, test_result_base=None, continue_on_error=False, executor='parallel', parallel_workers=4, event_handlers=None, ignore_user_meta=False, metas=['./colcon.meta'], base_paths=['.'], packages_ignore=None, packages_ignore_regex=None, paths=None, packages_up_to=None, packages_up_to_regex=None, packages_above=None, packages_above_and_dependencies=None, packages_above_depth=None, packages_select_by_dep=None, packages_skip_by_dep=None, packages_skip_up_to=None, packages_select_build_failed=False, packages_skip_build_finished=False, packages_select_test_failures=False, packages_skip_test_passed=False, packages_select=None, packages_skip=None, packages_select_regex=None, packages_skip_regex=None, packages_start=None, packages_end=None, allow_overriding=[], cmake_args=None, cmake_target=None, cmake_target_skip_unavailable=False, cmake_clean_cache=False, cmake_clean_first=False, cmake_force_configure=False, ament_cmake_args=None, catkin_cmake_args=None, catkin_skip_building_tests=False, verb_parser=<colcon_defaults.argument_parser.defaults.DefaultArgumentsDecorator object at 0xffffa2a1cc70>, verb_extension=<colcon_core.verb.build.BuildVerb object at 0xffffa3286f20>, main=<bound method BuildVerb.main of <colcon_core.verb.build.BuildVerb object at 0xffffa3286f20>>)
[1.693s] Level 1:colcon.colcon_core.package_discovery:discover_packages(colcon_meta) check parameters
[1.693s] Level 1:colcon.colcon_core.package_discovery:discover_packages(recursive) check parameters
[1.694s] Level 1:colcon.colcon_core.package_discovery:discover_packages(ignore) check parameters
[1.694s] Level 1:colcon.colcon_core.package_discovery:discover_packages(path) check parameters
[1.694s] Level 1:colcon.colcon_core.package_discovery:discover_packages(colcon_meta) discover
[1.694s] Level 1:colcon.colcon_core.package_discovery:discover_packages(recursive) discover
[1.694s] INFO:colcon.colcon_core.package_discovery:Crawling recursively for packages in '/home/ubuntu/turtlebot4_ws/src'
[1.695s] Level 1:colcon.colcon_core.package_identification:_identify(.) by extensions ['ignore', 'ignore_ament_install']
[1.696s] Level 1:colcon.colcon_core.package_identification:_identify(.) by extension 'ignore'
[1.696s] Level 1:colcon.colcon_core.package_identification:_identify(.) by extension 'ignore_ament_install'
[1.697s] Level 1:colcon.colcon_core.package_identification:_identify(.) by extensions ['colcon_pkg']
[1.697s] Level 1:colcon.colcon_core.package_identification:_identify(.) by extension 'colcon_pkg'
[1.697s] Level 1:colcon.colcon_core.package_identification:_identify(.) by extensions ['colcon_meta']
[1.697s] Level 1:colcon.colcon_core.package_identification:_identify(.) by extension 'colcon_meta'
[1.698s] Level 1:colcon.colcon_core.package_identification:_identify(.) by extensions ['ros']
[1.698s] Level 1:colcon.colcon_core.package_identification:_identify(.) by extension 'ros'
[1.749s] Level 1:colcon.colcon_core.package_identification:_identify(.) by extensions ['cmake', 'python']
[1.749s] Level 1:colcon.colcon_core.package_identification:_identify(.) by extension 'cmake'
[1.750s] Level 1:colcon.colcon_core.package_identification:_identify(.) by extension 'python'
[1.750s] Level 1:colcon.colcon_core.package_identification:_identify(.) by extensions ['python_setup_py']
[1.751s] Level 1:colcon.colcon_core.package_identification:_identify(.) by extension 'python_setup_py'
[1.752s] Level 1:colcon.colcon_core.package_identification:_identify(Lab1_ConnerC_Package) by extensions ['ignore', 'ignore_ament_install']
[1.753s] Level 1:colcon.colcon_core.package_identification:_identify(Lab1_ConnerC_Package) by extension 'ignore'
[1.753s] Level 1:colcon.colcon_core.package_identification:_identify(Lab1_ConnerC_Package) by extension 'ignore_ament_install'
[1.754s] Level 1:colcon.colcon_core.package_identification:_identify(Lab1_ConnerC_Package) by extensions ['colcon_pkg']
[1.754s] Level 1:colcon.colcon_core.package_identification:_identify(Lab1_ConnerC_Package) by extension 'colcon_pkg'
[1.754s] Level 1:colcon.colcon_core.package_identification:_identify(Lab1_ConnerC_Package) by extensions ['colcon_meta']
[1.755s] Level 1:colcon.colcon_core.package_identification:_identify(Lab1_ConnerC_Package) by extension 'colcon_meta'
[1.755s] Level 1:colcon.colcon_core.package_identification:_identify(Lab1_ConnerC_Package) by extensions ['ros']
[1.755s] Level 1:colcon.colcon_core.package_identification:_identify(Lab1_ConnerC_Package) by extension 'ros'
[1.765s] DEBUG:colcon.colcon_core.package_identification:Package 'Lab1_ConnerC_Package' with type 'ros.ament_python' and name 'Lab1_ConnerC_Package'
[1.766s] Level 1:colcon.colcon_core.package_identification:_identify(build) by extensions ['ignore', 'ignore_ament_install']
[1.766s] Level 1:colcon.colcon_core.package_identification:_identify(build) by extension 'ignore'
[1.767s] Level 1:colcon.colcon_core.package_identification:_identify(build) ignored
[1.768s] Level 1:colcon.colcon_core.package_identification:_identify(install) by extensions ['ignore', 'ignore_ament_install']
[1.768s] Level 1:colcon.colcon_core.package_identification:_identify(install) by extension 'ignore'
[1.769s] Level 1:colcon.colcon_core.package_identification:_identify(install) ignored
[1.769s] Level 1:colcon.colcon_core.package_identification:_identify(log) by extensions ['ignore', 'ignore_ament_install']
[1.770s] Level 1:colcon.colcon_core.package_identification:_identify(log) by extension 'ignore'
[1.771s] Level 1:colcon.colcon_core.package_identification:_identify(log) ignored
[1.771s] Level 1:colcon.colcon_core.package_identification:_identify(turtlebot4_python_tutorials) by extensions ['ignore', 'ignore_ament_install']
[1.772s] Level 1:colcon.colcon_core.package_identification:_identify(turtlebot4_python_tutorials) by extension 'ignore'
[1.772s] Level 1:colcon.colcon_core.package_identification:_identify(turtlebot4_python_tutorials) by extension 'ignore_ament_install'
[1.772s] Level 1:colcon.colcon_core.package_identification:_identify(turtlebot4_python_tutorials) by extensions ['colcon_pkg']
[1.773s] Level 1:colcon.colcon_core.package_identification:_identify(turtlebot4_python_tutorials) by extension 'colcon_pkg'
[1.773s] Level 1:colcon.colcon_core.package_identification:_identify(turtlebot4_python_tutorials) by extensions ['colcon_meta']
[1.773s] Level 1:colcon.colcon_core.package_identification:_identify(turtlebot4_python_tutorials) by extension 'colcon_meta'
[1.773s] Level 1:colcon.colcon_core.package_identification:_identify(turtlebot4_python_tutorials) by extensions ['ros']
[1.774s] Level 1:colcon.colcon_core.package_identification:_identify(turtlebot4_python_tutorials) by extension 'ros'
[1.776s] DEBUG:colcon.colcon_core.package_identification:Package 'turtlebot4_python_tutorials' with type 'ros.ament_python' and name 'turtlebot4_python_tutorials'
[1.777s] Level 1:colcon.colcon_core.package_identification:_identify(turtlebot4_python_tutorials_Conner_Carriere) by extensions ['ignore', 'ignore_ament_install']
[1.778s] Level 1:colcon.colcon_core.package_identification:_identify(turtlebot4_python_tutorials_Conner_Carriere) by extension 'ignore'
[1.778s] Level 1:colcon.colcon_core.package_identification:_identify(turtlebot4_python_tutorials_Conner_Carriere) by extension 'ignore_ament_install'
[1.778s] Level 1:colcon.colcon_core.package_identification:_identify(turtlebot4_python_tutorials_Conner_Carriere) by extensions ['colcon_pkg']
[1.779s] Level 1:colcon.colcon_core.package_identification:_identify(turtlebot4_python_tutorials_Conner_Carriere) by extension 'colcon_pkg'
[1.779s] Level 1:colcon.colcon_core.package_identification:_identify(turtlebot4_python_tutorials_Conner_Carriere) by extensions ['colcon_meta']
[1.779s] Level 1:colcon.colcon_core.package_identification:_identify(turtlebot4_python_tutorials_Conner_Carriere) by extension 'colcon_meta'
[1.779s] Level 1:colcon.colcon_core.package_identification:_identify(turtlebot4_python_tutorials_Conner_Carriere) by extensions ['ros']
[1.780s] Level 1:colcon.colcon_core.package_identification:_identify(turtlebot4_python_tutorials_Conner_Carriere) by extension 'ros'
[1.783s] DEBUG:colcon.colcon_core.package_identification:Package 'turtlebot4_python_tutorials_Conner_Carriere' with type 'ros.ament_python' and name 'turtlebot4_python_tutorials_Conner_Carriere'
[1.783s] Level 1:colcon.colcon_core.package_discovery:discover_packages(recursive) using defaults
[1.784s] Level 1:colcon.colcon_core.package_discovery:discover_packages(ignore) discover
[1.784s] Level 1:colcon.colcon_core.package_discovery:discover_packages(ignore) using defaults
[1.784s] Level 1:colcon.colcon_core.package_discovery:discover_packages(path) discover
[1.784s] Level 1:colcon.colcon_core.package_discovery:discover_packages(path) using defaults
[1.887s] Level 1:colcon.colcon_core.package_discovery:discover_packages(prefix_path) check parameters
[1.888s] Level 1:colcon.colcon_core.package_discovery:discover_packages(prefix_path) discover
[1.900s] DEBUG:colcon.colcon_installed_package_information.package_discovery:Found 2 installed packages in /home/ubuntu/turtlebot4_ws/install
[1.912s] DEBUG:colcon.colcon_installed_package_information.package_discovery:Found 313 installed packages in /opt/ros/humble
[1.920s] Level 1:colcon.colcon_core.package_discovery:discover_packages(prefix_path) using defaults
[2.205s] Level 5:colcon.colcon_core.verb:set package 'Lab1_ConnerC_Package' build argument 'cmake_args' from command line to 'None'
[2.205s] Level 5:colcon.colcon_core.verb:set package 'Lab1_ConnerC_Package' build argument 'cmake_target' from command line to 'None'
[2.206s] Level 5:colcon.colcon_core.verb:set package 'Lab1_ConnerC_Package' build argument 'cmake_target_skip_unavailable' from command line to 'False'
[2.206s] Level 5:colcon.colcon_core.verb:set package 'Lab1_ConnerC_Package' build argument 'cmake_clean_cache' from command line to 'False'
[2.206s] Level 5:colcon.colcon_core.verb:set package 'Lab1_ConnerC_Package' build argument 'cmake_clean_first' from command line to 'False'
[2.206s] Level 5:colcon.colcon_core.verb:set package 'Lab1_ConnerC_Package' build argument 'cmake_force_configure' from command line to 'False'
[2.206s] Level 5:colcon.colcon_core.verb:set package 'Lab1_ConnerC_Package' build argument 'ament_cmake_args' from command line to 'None'
[2.206s] Level 5:colcon.colcon_core.verb:set package 'Lab1_ConnerC_Package' build argument 'catkin_cmake_args' from command line to 'None'
[2.207s] Level 5:colcon.colcon_core.verb:set package 'Lab1_ConnerC_Package' build argument 'catkin_skip_building_tests' from command line to 'False'
[2.207s] DEBUG:colcon.colcon_core.verb:Building package 'Lab1_ConnerC_Package' with the following arguments: {'ament_cmake_args': None, 'build_base': '/home/ubuntu/turtlebot4_ws/src/build/Lab1_ConnerC_Package', 'catkin_cmake_args': None, 'catkin_skip_building_tests': False, 'cmake_args': None, 'cmake_clean_cache': False, 'cmake_clean_first': False, 'cmake_force_configure': False, 'cmake_target': None, 'cmake_target_skip_unavailable': False, 'install_base': '/home/ubuntu/turtlebot4_ws/src/install/Lab1_ConnerC_Package', 'merge_install': False, 'path': '/home/ubuntu/turtlebot4_ws/src/Lab1_ConnerC_Package', 'symlink_install': True, 'test_result_base': None}
[2.211s] Level 5:colcon.colcon_core.verb:set package 'turtlebot4_python_tutorials' build argument 'cmake_args' from command line to 'None'
[2.211s] Level 5:colcon.colcon_core.verb:set package 'turtlebot4_python_tutorials' build argument 'cmake_target' from command line to 'None'
[2.211s] Level 5:colcon.colcon_core.verb:set package 'turtlebot4_python_tutorials' build argument 'cmake_target_skip_unavailable' from command line to 'False'
[2.212s] Level 5:colcon.colcon_core.verb:set package 'turtlebot4_python_tutorials' build argument 'cmake_clean_cache' from command line to 'False'
[2.212s] Level 5:colcon.colcon_core.verb:set package 'turtlebot4_python_tutorials' build argument 'cmake_clean_first' from command line to 'False'
[2.212s] Level 5:colcon.colcon_core.verb:set package 'turtlebot4_python_tutorials' build argument 'cmake_force_configure' from command line to 'False'
[2.212s] Level 5:colcon.colcon_core.verb:set package 'turtlebot4_python_tutorials' build argument 'ament_cmake_args' from command line to 'None'
[2.212s] Level 5:colcon.colcon_core.verb:set package 'turtlebot4_python_tutorials' build argument 'catkin_cmake_args' from command line to 'None'
[2.212s] Level 5:colcon.colcon_core.verb:set package 'turtlebot4_python_tutorials' build argument 'catkin_skip_building_tests' from command line to 'False'
[2.212s] DEBUG:colcon.colcon_core.verb:Building package 'turtlebot4_python_tutorials' with the following arguments: {'ament_cmake_args': None, 'build_base': '/home/ubuntu/turtlebot4_ws/src/build/turtlebot4_python_tutorials', 'catkin_cmake_args': None, 'catkin_skip_building_tests': False, 'cmake_args': None, 'cmake_clean_cache': False, 'cmake_clean_first': False, 'cmake_force_configure': False, 'cmake_target': None, 'cmake_target_skip_unavailable': False, 'install_base': '/home/ubuntu/turtlebot4_ws/src/install/turtlebot4_python_tutorials', 'merge_install': False, 'path': '/home/ubuntu/turtlebot4_ws/src/turtlebot4_python_tutorials', 'symlink_install': True, 'test_result_base': None}
[2.217s] Level 5:colcon.colcon_core.verb:set package 'turtlebot4_python_tutorials_Conner_Carriere' build argument 'cmake_args' from command line to 'None'
[2.217s] Level 5:colcon.colcon_core.verb:set package 'turtlebot4_python_tutorials_Conner_Carriere' build argument 'cmake_target' from command line to 'None'
[2.218s] Level 5:colcon.colcon_core.verb:set package 'turtlebot4_python_tutorials_Conner_Carriere' build argument 'cmake_target_skip_unavailable' from command line to 'False'
[2.218s] Level 5:colcon.colcon_core.verb:set package 'turtlebot4_python_tutorials_Conner_Carriere' build argument 'cmake_clean_cache' from command line to 'False'
[2.218s] Level 5:colcon.colcon_core.verb:set package 'turtlebot4_python_tutorials_Conner_Carriere' build argument 'cmake_clean_first' from command line to 'False'
[2.218s] Level 5:colcon.colcon_core.verb:set package 'turtlebot4_python_tutorials_Conner_Carriere' build argument 'cmake_force_configure' from command line to 'False'
[2.218s] Level 5:colcon.colcon_core.verb:set package 'turtlebot4_python_tutorials_Conner_Carriere' build argument 'ament_cmake_args' from command line to 'None'
[2.218s] Level 5:colcon.colcon_core.verb:set package 'turtlebot4_python_tutorials_Conner_Carriere' build argument 'catkin_cmake_args' from command line to 'None'
[2.218s] Level 5:colcon.colcon_core.verb:set package 'turtlebot4_python_tutorials_Conner_Carriere' build argument 'catkin_skip_building_tests' from command line to 'False'
[2.219s] DEBUG:colcon.colcon_core.verb:Building package 'turtlebot4_python_tutorials_Conner_Carriere' with the following arguments: {'ament_cmake_args': None, 'build_base': '/home/ubuntu/turtlebot4_ws/src/build/turtlebot4_python_tutorials_Conner_Carriere', 'catkin_cmake_args': None, 'catkin_skip_building_tests': False, 'cmake_args': None, 'cmake_clean_cache': False, 'cmake_clean_first': False, 'cmake_force_configure': False, 'cmake_target': None, 'cmake_target_skip_unavailable': False, 'install_base': '/home/ubuntu/turtlebot4_ws/src/install/turtlebot4_python_tutorials_Conner_Carriere', 'merge_install': False, 'path': '/home/ubuntu/turtlebot4_ws/src/turtlebot4_python_tutorials_Conner_Carriere', 'symlink_install': True, 'test_result_base': None}
[2.222s] INFO:colcon.colcon_core.executor:Executing jobs using 'parallel' executor
[2.235s] DEBUG:colcon.colcon_parallel_executor.executor.parallel:run_until_complete
[2.236s] INFO:colcon.colcon_ros.task.ament_python.build:Building ROS package in '/home/ubuntu/turtlebot4_ws/src/Lab1_ConnerC_Package' with build type 'ament_python'
[2.237s] Level 1:colcon.colcon_core.shell:create_environment_hook('Lab1_ConnerC_Package', 'ament_prefix_path')
[2.257s] INFO:colcon.colcon_core.plugin_system:Skipping extension 'colcon_core.shell.bat': Not used on non-Windows systems
[2.259s] INFO:colcon.colcon_core.shell:Creating environment hook '/home/ubuntu/turtlebot4_ws/src/install/Lab1_ConnerC_Package/share/Lab1_ConnerC_Package/hook/ament_prefix_path.ps1'
[2.262s] INFO:colcon.colcon_core.shell:Creating environment descriptor '/home/ubuntu/turtlebot4_ws/src/install/Lab1_ConnerC_Package/share/Lab1_ConnerC_Package/hook/ament_prefix_path.dsv'
[2.264s] INFO:colcon.colcon_core.shell:Creating environment hook '/home/ubuntu/turtlebot4_ws/src/install/Lab1_ConnerC_Package/share/Lab1_ConnerC_Package/hook/ament_prefix_path.sh'
[2.272s] INFO:colcon.colcon_core.shell:Skip shell extension 'powershell' for command environment: Not usable outside of PowerShell
[2.273s] DEBUG:colcon.colcon_core.shell:Skip shell extension 'dsv' for command environment
[2.300s] INFO:colcon.colcon_ros.task.ament_python.build:Building ROS package in '/home/ubuntu/turtlebot4_ws/src/turtlebot4_python_tutorials' with build type 'ament_python'
[2.301s] Level 1:colcon.colcon_core.shell:create_environment_hook('turtlebot4_python_tutorials', 'ament_prefix_path')
[2.308s] INFO:colcon.colcon_core.shell:Creating environment hook '/home/ubuntu/turtlebot4_ws/src/install/turtlebot4_python_tutorials/share/turtlebot4_python_tutorials/hook/ament_prefix_path.ps1'
[2.311s] INFO:colcon.colcon_core.shell:Creating environment descriptor '/home/ubuntu/turtlebot4_ws/src/install/turtlebot4_python_tutorials/share/turtlebot4_python_tutorials/hook/ament_prefix_path.dsv'
[2.313s] INFO:colcon.colcon_core.shell:Creating environment hook '/home/ubuntu/turtlebot4_ws/src/install/turtlebot4_python_tutorials/share/turtlebot4_python_tutorials/hook/ament_prefix_path.sh'
[2.321s] INFO:colcon.colcon_core.shell:Skip shell extension 'powershell' for command environment: Not usable outside of PowerShell
[2.322s] DEBUG:colcon.colcon_core.shell:Skip shell extension 'dsv' for command environment
[2.349s] INFO:colcon.colcon_ros.task.ament_python.build:Building ROS package in '/home/ubuntu/turtlebot4_ws/src/turtlebot4_python_tutorials_Conner_Carriere' with build type 'ament_python'
[2.350s] Level 1:colcon.colcon_core.shell:create_environment_hook('turtlebot4_python_tutorials_Conner_Carriere', 'ament_prefix_path')
[2.361s] INFO:colcon.colcon_core.shell:Creating environment hook '/home/ubuntu/turtlebot4_ws/src/install/turtlebot4_python_tutorials_Conner_Carriere/share/turtlebot4_python_tutorials_Conner_Carriere/hook/ament_prefix_path.ps1'
[2.363s] INFO:colcon.colcon_core.shell:Creating environment descriptor '/home/ubuntu/turtlebot4_ws/src/install/turtlebot4_python_tutorials_Conner_Carriere/share/turtlebot4_python_tutorials_Conner_Carriere/hook/ament_prefix_path.dsv'
[2.366s] INFO:colcon.colcon_core.shell:Creating environment hook '/home/ubuntu/turtlebot4_ws/src/install/turtlebot4_python_tutorials_Conner_Carriere/share/turtlebot4_python_tutorials_Conner_Carriere/hook/ament_prefix_path.sh'
[2.374s] INFO:colcon.colcon_core.shell:Skip shell extension 'powershell' for command environment: Not usable outside of PowerShell
[2.376s] DEBUG:colcon.colcon_core.shell:Skip shell extension 'dsv' for command environment
[3.689s] INFO:colcon.colcon_core.task.python.build:Building Python package in '/home/ubuntu/turtlebot4_ws/src/Lab1_ConnerC_Package'
[3.695s] INFO:colcon.colcon_core.shell:Skip shell extension 'powershell' for command environment: Not usable outside of PowerShell
[3.695s] DEBUG:colcon.colcon_core.shell:Skip shell extension 'dsv' for command environment
[5.055s] INFO:colcon.colcon_core.task.python.build:Building Python package in '/home/ubuntu/turtlebot4_ws/src/turtlebot4_python_tutorials'
[5.061s] INFO:colcon.colcon_core.shell:Skip shell extension 'powershell' for command environment: Not usable outside of PowerShell
[5.061s] DEBUG:colcon.colcon_core.shell:Skip shell extension 'dsv' for command environment
[6.422s] INFO:colcon.colcon_core.task.python.build:Building Python package in '/home/ubuntu/turtlebot4_ws/src/turtlebot4_python_tutorials_Conner_Carriere'
[6.428s] INFO:colcon.colcon_core.shell:Skip shell extension 'powershell' for command environment: Not usable outside of PowerShell
[6.428s] DEBUG:colcon.colcon_core.shell:Skip shell extension 'dsv' for command environment
[8.823s] DEBUG:colcon.colcon_core.event_handler.log_command:Invoking command in '/home/ubuntu/turtlebot4_ws/src/build/turtlebot4_python_tutorials': PYTHONPATH=/home/ubuntu/turtlebot4_ws/src/build/turtlebot4_python_tutorials/prefix_override:/home/ubuntu/turtlebot4_ws/src/install/turtlebot4_python_tutorials/lib/python3.10/site-packages:${PYTHONPATH} /usr/bin/python3 setup.py develop --editable --build-directory /home/ubuntu/turtlebot4_ws/src/build/turtlebot4_python_tutorials/build --no-deps install_data
[9.160s] DEBUG:colcon.colcon_core.event_handler.log_command:Invoking command in '/home/ubuntu/turtlebot4_ws/src/build/turtlebot4_python_tutorials_Conner_Carriere': PYTHONPATH=/home/ubuntu/turtlebot4_ws/src/build/turtlebot4_python_tutorials_Conner_Carriere/prefix_override:/home/ubuntu/turtlebot4_ws/src/install/turtlebot4_python_tutorials_Conner_Carriere/lib/python3.10/site-packages:${PYTHONPATH} /usr/bin/python3 setup.py develop --editable --build-directory /home/ubuntu/turtlebot4_ws/src/build/turtlebot4_python_tutorials_Conner_Carriere/build --no-deps install_data
[9.181s] DEBUG:colcon.colcon_core.event_handler.log_command:Invoking command in '/home/ubuntu/turtlebot4_ws/src/build/Lab1_ConnerC_Package': PYTHONPATH=/home/ubuntu/turtlebot4_ws/src/build/Lab1_ConnerC_Package/prefix_override:/home/ubuntu/turtlebot4_ws/src/install/Lab1_ConnerC_Package/lib/python3.10/site-packages:${PYTHONPATH} /usr/bin/python3 setup.py develop --editable --build-directory /home/ubuntu/turtlebot4_ws/src/build/Lab1_ConnerC_Package/build --no-deps install_data
[12.492s] Level 1:colcon.colcon_core.shell:create_environment_hook('turtlebot4_python_tutorials_Conner_Carriere', 'pythonpath_develop')
[12.556s] INFO:colcon.colcon_core.shell:Creating environment hook '/home/ubuntu/turtlebot4_ws/src/build/turtlebot4_python_tutorials_Conner_Carriere/share/turtlebot4_python_tutorials_Conner_Carriere/hook/pythonpath_develop.ps1'
[12.561s] DEBUG:colcon.colcon_core.event_handler.log_command:Invoked command in '/home/ubuntu/turtlebot4_ws/src/build/turtlebot4_python_tutorials_Conner_Carriere' returned '0': PYTHONPATH=/home/ubuntu/turtlebot4_ws/src/build/turtlebot4_python_tutorials_Conner_Carriere/prefix_override:/home/ubuntu/turtlebot4_ws/src/install/turtlebot4_python_tutorials_Conner_Carriere/lib/python3.10/site-packages:${PYTHONPATH} /usr/bin/python3 setup.py develop --editable --build-directory /home/ubuntu/turtlebot4_ws/src/build/turtlebot4_python_tutorials_Conner_Carriere/build --no-deps install_data
[12.573s] INFO:colcon.colcon_core.shell:Creating environment descriptor '/home/ubuntu/turtlebot4_ws/src/build/turtlebot4_python_tutorials_Conner_Carriere/share/turtlebot4_python_tutorials_Conner_Carriere/hook/pythonpath_develop.dsv'
[12.581s] INFO:colcon.colcon_core.shell:Creating environment hook '/home/ubuntu/turtlebot4_ws/src/build/turtlebot4_python_tutorials_Conner_Carriere/share/turtlebot4_python_tutorials_Conner_Carriere/hook/pythonpath_develop.sh'
[12.698s] Level 1:colcon.colcon_core.environment:checking '/home/ubuntu/turtlebot4_ws/src/install/turtlebot4_python_tutorials_Conner_Carriere' for CMake module files
[12.704s] Level 1:colcon.colcon_core.environment:checking '/home/ubuntu/turtlebot4_ws/src/install/turtlebot4_python_tutorials_Conner_Carriere' for CMake config files
[12.714s] Level 1:colcon.colcon_core.environment:checking '/home/ubuntu/turtlebot4_ws/src/install/turtlebot4_python_tutorials_Conner_Carriere/lib'
[12.717s] Level 1:colcon.colcon_core.environment:checking '/home/ubuntu/turtlebot4_ws/src/install/turtlebot4_python_tutorials_Conner_Carriere/bin'
[12.719s] Level 1:colcon.colcon_core.environment:checking '/home/ubuntu/turtlebot4_ws/src/install/turtlebot4_python_tutorials_Conner_Carriere/lib/pkgconfig/turtlebot4_python_tutorials_Conner_Carriere.pc'
[12.722s] Level 1:colcon.colcon_core.environment:checking '/home/ubuntu/turtlebot4_ws/src/install/turtlebot4_python_tutorials_Conner_Carriere/lib/python3.10/site-packages'
[12.724s] Level 1:colcon.colcon_core.shell:create_environment_hook('turtlebot4_python_tutorials_Conner_Carriere', 'pythonpath')
[12.734s] INFO:colcon.colcon_core.shell:Creating environment hook '/home/ubuntu/turtlebot4_ws/src/install/turtlebot4_python_tutorials_Conner_Carriere/share/turtlebot4_python_tutorials_Conner_Carriere/hook/pythonpath.ps1'
[12.739s] INFO:colcon.colcon_core.shell:Creating environment descriptor '/home/ubuntu/turtlebot4_ws/src/install/turtlebot4_python_tutorials_Conner_Carriere/share/turtlebot4_python_tutorials_Conner_Carriere/hook/pythonpath.dsv'
[12.744s] INFO:colcon.colcon_core.shell:Creating environment hook '/home/ubuntu/turtlebot4_ws/src/install/turtlebot4_python_tutorials_Conner_Carriere/share/turtlebot4_python_tutorials_Conner_Carriere/hook/pythonpath.sh'
[12.749s] Level 1:colcon.colcon_core.environment:checking '/home/ubuntu/turtlebot4_ws/src/install/turtlebot4_python_tutorials_Conner_Carriere/bin'
[12.751s] Level 1:colcon.colcon_core.environment:create_environment_scripts_only(turtlebot4_python_tutorials_Conner_Carriere)
[12.758s] INFO:colcon.colcon_core.shell:Creating package script '/home/ubuntu/turtlebot4_ws/src/install/turtlebot4_python_tutorials_Conner_Carriere/share/turtlebot4_python_tutorials_Conner_Carriere/package.ps1'
[12.762s] INFO:colcon.colcon_core.shell:Creating package descriptor '/home/ubuntu/turtlebot4_ws/src/install/turtlebot4_python_tutorials_Conner_Carriere/share/turtlebot4_python_tutorials_Conner_Carriere/package.dsv'
[12.765s] INFO:colcon.colcon_core.shell:Creating package script '/home/ubuntu/turtlebot4_ws/src/install/turtlebot4_python_tutorials_Conner_Carriere/share/turtlebot4_python_tutorials_Conner_Carriere/package.sh'
[12.769s] INFO:colcon.colcon_core.shell:Creating package script '/home/ubuntu/turtlebot4_ws/src/install/turtlebot4_python_tutorials_Conner_Carriere/share/turtlebot4_python_tutorials_Conner_Carriere/package.bash'
[12.772s] INFO:colcon.colcon_core.shell:Creating package script '/home/ubuntu/turtlebot4_ws/src/install/turtlebot4_python_tutorials_Conner_Carriere/share/turtlebot4_python_tutorials_Conner_Carriere/package.zsh'
[12.776s] Level 1:colcon.colcon_core.environment:create_file_with_runtime_dependencies(/home/ubuntu/turtlebot4_ws/src/install/turtlebot4_python_tutorials_Conner_Carriere/share/colcon-core/packages/turtlebot4_python_tutorials_Conner_Carriere)
[12.781s] Level 1:colcon.colcon_core.shell:create_environment_hook('turtlebot4_python_tutorials', 'pythonpath_develop')
[12.788s] INFO:colcon.colcon_core.shell:Creating environment hook '/home/ubuntu/turtlebot4_ws/src/build/turtlebot4_python_tutorials/share/turtlebot4_python_tutorials/hook/pythonpath_develop.ps1'
[12.791s] DEBUG:colcon.colcon_core.event_handler.log_command:Invoked command in '/home/ubuntu/turtlebot4_ws/src/build/turtlebot4_python_tutorials' returned '0': PYTHONPATH=/home/ubuntu/turtlebot4_ws/src/build/turtlebot4_python_tutorials/prefix_override:/home/ubuntu/turtlebot4_ws/src/install/turtlebot4_python_tutorials/lib/python3.10/site-packages:${PYTHONPATH} /usr/bin/python3 setup.py develop --editable --build-directory /home/ubuntu/turtlebot4_ws/src/build/turtlebot4_python_tutorials/build --no-deps install_data
[12.792s] INFO:colcon.colcon_core.shell:Creating environment descriptor '/home/ubuntu/turtlebot4_ws/src/build/turtlebot4_python_tutorials/share/turtlebot4_python_tutorials/hook/pythonpath_develop.dsv'
[12.794s] INFO:colcon.colcon_core.shell:Creating environment hook '/home/ubuntu/turtlebot4_ws/src/build/turtlebot4_python_tutorials/share/turtlebot4_python_tutorials/hook/pythonpath_develop.sh'
[12.806s] Level 1:colcon.colcon_core.environment:checking '/home/ubuntu/turtlebot4_ws/src/install/turtlebot4_python_tutorials' for CMake module files
[12.809s] Level 1:colcon.colcon_core.environment:checking '/home/ubuntu/turtlebot4_ws/src/install/turtlebot4_python_tutorials' for CMake config files
[12.812s] Level 1:colcon.colcon_core.environment:checking '/home/ubuntu/turtlebot4_ws/src/install/turtlebot4_python_tutorials/lib'
[12.813s] Level 1:colcon.colcon_core.environment:checking '/home/ubuntu/turtlebot4_ws/src/install/turtlebot4_python_tutorials/bin'
[12.813s] Level 1:colcon.colcon_core.environment:checking '/home/ubuntu/turtlebot4_ws/src/install/turtlebot4_python_tutorials/lib/pkgconfig/turtlebot4_python_tutorials.pc'
[12.814s] Level 1:colcon.colcon_core.environment:checking '/home/ubuntu/turtlebot4_ws/src/install/turtlebot4_python_tutorials/lib/python3.10/site-packages'
[12.815s] Level 1:colcon.colcon_core.shell:create_environment_hook('turtlebot4_python_tutorials', 'pythonpath')
[12.820s] INFO:colcon.colcon_core.shell:Creating environment hook '/home/ubuntu/turtlebot4_ws/src/install/turtlebot4_python_tutorials/share/turtlebot4_python_tutorials/hook/pythonpath.ps1'
[12.822s] INFO:colcon.colcon_core.shell:Creating environment descriptor '/home/ubuntu/turtlebot4_ws/src/install/turtlebot4_python_tutorials/share/turtlebot4_python_tutorials/hook/pythonpath.dsv'
[12.825s] INFO:colcon.colcon_core.shell:Creating environment hook '/home/ubuntu/turtlebot4_ws/src/install/turtlebot4_python_tutorials/share/turtlebot4_python_tutorials/hook/pythonpath.sh'
[12.828s] Level 1:colcon.colcon_core.environment:checking '/home/ubuntu/turtlebot4_ws/src/install/turtlebot4_python_tutorials/bin'
[12.829s] Level 1:colcon.colcon_core.environment:create_environment_scripts_only(turtlebot4_python_tutorials)
[12.835s] INFO:colcon.colcon_core.shell:Creating package script '/home/ubuntu/turtlebot4_ws/src/install/turtlebot4_python_tutorials/share/turtlebot4_python_tutorials/package.ps1'
[12.838s] INFO:colcon.colcon_core.shell:Creating package descriptor '/home/ubuntu/turtlebot4_ws/src/install/turtlebot4_python_tutorials/share/turtlebot4_python_tutorials/package.dsv'
[12.841s] INFO:colcon.colcon_core.shell:Creating package script '/home/ubuntu/turtlebot4_ws/src/install/turtlebot4_python_tutorials/share/turtlebot4_python_tutorials/package.sh'
[12.845s] INFO:colcon.colcon_core.shell:Creating package script '/home/ubuntu/turtlebot4_ws/src/install/turtlebot4_python_tutorials/share/turtlebot4_python_tutorials/package.bash'
[12.848s] INFO:colcon.colcon_core.shell:Creating package script '/home/ubuntu/turtlebot4_ws/src/install/turtlebot4_python_tutorials/share/turtlebot4_python_tutorials/package.zsh'
[12.851s] Level 1:colcon.colcon_core.environment:create_file_with_runtime_dependencies(/home/ubuntu/turtlebot4_ws/src/install/turtlebot4_python_tutorials/share/colcon-core/packages/turtlebot4_python_tutorials)
[12.852s] Level 1:colcon.colcon_core.shell:create_environment_hook('Lab1_ConnerC_Package', 'pythonpath_develop')
[12.859s] INFO:colcon.colcon_core.shell:Creating environment hook '/home/ubuntu/turtlebot4_ws/src/build/Lab1_ConnerC_Package/share/Lab1_ConnerC_Package/hook/pythonpath_develop.ps1'
[12.863s] DEBUG:colcon.colcon_core.event_handler.log_command:Invoked command in '/home/ubuntu/turtlebot4_ws/src/build/Lab1_ConnerC_Package' returned '0': PYTHONPATH=/home/ubuntu/turtlebot4_ws/src/build/Lab1_ConnerC_Package/prefix_override:/home/ubuntu/turtlebot4_ws/src/install/Lab1_ConnerC_Package/lib/python3.10/site-packages:${PYTHONPATH} /usr/bin/python3 setup.py develop --editable --build-directory /home/ubuntu/turtlebot4_ws/src/build/Lab1_ConnerC_Package/build --no-deps install_data
[12.863s] INFO:colcon.colcon_core.shell:Creating environment descriptor '/home/ubuntu/turtlebot4_ws/src/build/Lab1_ConnerC_Package/share/Lab1_ConnerC_Package/hook/pythonpath_develop.dsv'
[12.865s] INFO:colcon.colcon_core.shell:Creating environment hook '/home/ubuntu/turtlebot4_ws/src/build/Lab1_ConnerC_Package/share/Lab1_ConnerC_Package/hook/pythonpath_develop.sh'
[12.876s] Level 1:colcon.colcon_core.environment:checking '/home/ubuntu/turtlebot4_ws/src/install/Lab1_ConnerC_Package' for CMake module files
[12.879s] Level 1:colcon.colcon_core.environment:checking '/home/ubuntu/turtlebot4_ws/src/install/Lab1_ConnerC_Package' for CMake config files
[12.881s] Level 1:colcon.colcon_core.environment:checking '/home/ubuntu/turtlebot4_ws/src/install/Lab1_ConnerC_Package/lib'
[12.882s] Level 1:colcon.colcon_core.environment:checking '/home/ubuntu/turtlebot4_ws/src/install/Lab1_ConnerC_Package/bin'
[12.882s] Level 1:colcon.colcon_core.environment:checking '/home/ubuntu/turtlebot4_ws/src/install/Lab1_ConnerC_Package/lib/pkgconfig/Lab1_ConnerC_Package.pc'
[12.883s] Level 1:colcon.colcon_core.environment:checking '/home/ubuntu/turtlebot4_ws/src/install/Lab1_ConnerC_Package/lib/python3.10/site-packages'
[12.884s] Level 1:colcon.colcon_core.shell:create_environment_hook('Lab1_ConnerC_Package', 'pythonpath')
[12.890s] INFO:colcon.colcon_core.shell:Creating environment hook '/home/ubuntu/turtlebot4_ws/src/install/Lab1_ConnerC_Package/share/Lab1_ConnerC_Package/hook/pythonpath.ps1'
[12.892s] INFO:colcon.colcon_core.shell:Creating environment descriptor '/home/ubuntu/turtlebot4_ws/src/install/Lab1_ConnerC_Package/share/Lab1_ConnerC_Package/hook/pythonpath.dsv'
[12.893s] INFO:colcon.colcon_core.shell:Creating environment hook '/home/ubuntu/turtlebot4_ws/src/install/Lab1_ConnerC_Package/share/Lab1_ConnerC_Package/hook/pythonpath.sh'
[12.895s] Level 1:colcon.colcon_core.environment:checking '/home/ubuntu/turtlebot4_ws/src/install/Lab1_ConnerC_Package/bin'
[12.896s] Level 1:colcon.colcon_core.environment:create_environment_scripts_only(Lab1_ConnerC_Package)
[12.902s] INFO:colcon.colcon_core.shell:Creating package script '/home/ubuntu/turtlebot4_ws/src/install/Lab1_ConnerC_Package/share/Lab1_ConnerC_Package/package.ps1'
[12.905s] INFO:colcon.colcon_core.shell:Creating package descriptor '/home/ubuntu/turtlebot4_ws/src/install/Lab1_ConnerC_Package/share/Lab1_ConnerC_Package/package.dsv'
[12.908s] INFO:colcon.colcon_core.shell:Creating package script '/home/ubuntu/turtlebot4_ws/src/install/Lab1_ConnerC_Package/share/Lab1_ConnerC_Package/package.sh'
[12.910s] INFO:colcon.colcon_core.shell:Creating package script '/home/ubuntu/turtlebot4_ws/src/install/Lab1_ConnerC_Package/share/Lab1_ConnerC_Package/package.bash'
[12.911s] INFO:colcon.colcon_core.shell:Creating package script '/home/ubuntu/turtlebot4_ws/src/install/Lab1_ConnerC_Package/share/Lab1_ConnerC_Package/package.zsh'
[12.913s] Level 1:colcon.colcon_core.environment:create_file_with_runtime_dependencies(/home/ubuntu/turtlebot4_ws/src/install/Lab1_ConnerC_Package/share/colcon-core/packages/Lab1_ConnerC_Package)
[12.915s] DEBUG:colcon.colcon_parallel_executor.executor.parallel:closing loop
[12.916s] DEBUG:colcon.colcon_parallel_executor.executor.parallel:loop closed
[12.917s] DEBUG:colcon.colcon_parallel_executor.executor.parallel:run_until_complete finished with '0'
[12.917s] DEBUG:colcon.colcon_core.event_reactor:joining thread
[12.941s] INFO:colcon.colcon_core.plugin_system:Skipping extension 'colcon_notification.desktop_notification.notify_send': Could not find 'notify-send'
[12.942s] INFO:colcon.colcon_core.plugin_system:Skipping extension 'colcon_notification.desktop_notification.terminal_notifier': Not used on non-Darwin systems
[12.942s] INFO:colcon.colcon_core.plugin_system:Skipping extension 'colcon_notification.desktop_notification.win32': Not used on non-Windows systems
[12.942s] INFO:colcon.colcon_notification.desktop_notification:Sending desktop notification using 'notify2'
[12.945s] DEBUG:colcon.colcon_notification.desktop_notification.notify2:Failed to initialize notify2: org.freedesktop.DBus.Error.ServiceUnknown: The name org.freedesktop.Notifications was not provided by any .service files
[12.946s] DEBUG:colcon.colcon_core.event_reactor:joined thread
[12.952s] INFO:colcon.colcon_core.shell:Creating prefix script '/home/ubuntu/turtlebot4_ws/src/install/local_setup.ps1'
[12.956s] INFO:colcon.colcon_core.shell:Creating prefix util module '/home/ubuntu/turtlebot4_ws/src/install/_local_setup_util_ps1.py'
[12.962s] INFO:colcon.colcon_core.shell:Creating prefix chain script '/home/ubuntu/turtlebot4_ws/src/install/setup.ps1'
[12.968s] INFO:colcon.colcon_core.shell:Creating prefix script '/home/ubuntu/turtlebot4_ws/src/install/local_setup.sh'
[12.972s] INFO:colcon.colcon_core.shell:Creating prefix util module '/home/ubuntu/turtlebot4_ws/src/install/_local_setup_util_sh.py'
[12.974s] INFO:colcon.colcon_core.shell:Creating prefix chain script '/home/ubuntu/turtlebot4_ws/src/install/setup.sh'
[12.980s] INFO:colcon.colcon_core.shell:Creating prefix script '/home/ubuntu/turtlebot4_ws/src/install/local_setup.bash'
[12.983s] INFO:colcon.colcon_core.shell:Creating prefix chain script '/home/ubuntu/turtlebot4_ws/src/install/setup.bash'
[12.989s] INFO:colcon.colcon_core.shell:Creating prefix script '/home/ubuntu/turtlebot4_ws/src/install/local_setup.zsh'
[12.992s] INFO:colcon.colcon_core.shell:Creating prefix chain script '/home/ubuntu/turtlebot4_ws/src/install/setup.zsh'
