running develop
running egg_info
creating Lab1_ConnerC_Package.egg-info
writing Lab1_ConnerC_Package.egg-info/PKG-INFO
writing dependency_links to Lab1_ConnerC_Package.egg-info/dependency_links.txt
writing entry points to Lab1_ConnerC_Package.egg-info/entry_points.txt
writing requirements to Lab1_ConnerC_Package.egg-info/requires.txt
writing top-level names to Lab1_ConnerC_Package.egg-info/top_level.txt
writing manifest file 'Lab1_ConnerC_Package.egg-info/SOURCES.txt'
reading manifest file 'Lab1_ConnerC_Package.egg-info/SOURCES.txt'
writing manifest file 'Lab1_ConnerC_Package.egg-info/SOURCES.txt'
running build_ext
Creating /home/ubuntu/turtlebot4_ws/src/install/Lab1_ConnerC_Package/lib/python3.10/site-packages/Lab1-ConnerC-Package.egg-link (link to .)
Installing Lab1_ConnerC_Node script to /home/ubuntu/turtlebot4_ws/src/install/Lab1_ConnerC_Package/lib/Lab1_ConnerC_Package

Installed /home/ubuntu/turtlebot4_ws/src/build/Lab1_ConnerC_Package
running install_data
creating /home/ubuntu/turtlebot4_ws/src/install/Lab1_ConnerC_Package/share/ament_index
creating /home/ubuntu/turtlebot4_ws/src/install/Lab1_ConnerC_Package/share/ament_index/resource_index
creating /home/ubuntu/turtlebot4_ws/src/install/Lab1_ConnerC_Package/share/ament_index/resource_index/packages
copying resource/Lab1_ConnerC_Package -> /home/ubuntu/turtlebot4_ws/src/install/Lab1_ConnerC_Package/share/ament_index/resource_index/packages
copying package.xml -> /home/ubuntu/turtlebot4_ws/src/install/Lab1_ConnerC_Package/share/Lab1_ConnerC_Package
