[6.940s] Invoking command in '/home/ubuntu/turtlebot4_ws/src/build/Lab1_ConnerC_Package': PYTHONPATH=/home/ubuntu/turtlebot4_ws/src/build/Lab1_ConnerC_Package/prefix_override:/home/ubuntu/turtlebot4_ws/src/install/Lab1_ConnerC_Package/lib/python3.10/site-packages:${PYTHONPATH} /usr/bin/python3 setup.py develop --editable --build-directory /home/ubuntu/turtlebot4_ws/src/build/Lab1_ConnerC_Package/build --no-deps install_data
[8.803s] running develop
[8.805s] /usr/lib/python3/dist-packages/setuptools/command/easy_install.py:158: EasyInstallDeprecationWarning: easy_install command is deprecated. Use build and pip and other standards-based tools.
[8.806s]   warnings.warn(
[8.813s] /usr/lib/python3/dist-packages/setuptools/command/install.py:34: SetuptoolsDeprecationWarning: setup.py install is deprecated. Use build and pip and other standards-based tools.
[8.815s]   warnings.warn(
[9.236s] /usr/lib/python3/dist-packages/pkg_resources/__init__.py:116: PkgResourcesDeprecationWarning: 1.16.0-unknown is an invalid version and will not be supported in a future release
[9.237s]   warnings.warn(
[9.238s] /usr/lib/python3/dist-packages/pkg_resources/__init__.py:116: PkgResourcesDeprecationWarning: 1.1build1 is an invalid version and will not be supported in a future release
[9.242s]   warnings.warn(
[9.243s] /usr/lib/python3/dist-packages/pkg_resources/__init__.py:116: PkgResourcesDeprecationWarning: 0.1.43ubuntu1 is an invalid version and will not be supported in a future release
[9.244s]   warnings.warn(
[10.179s] running egg_info
[10.187s] creating Lab1_ConnerC_Package.egg-info
[10.192s] writing Lab1_ConnerC_Package.egg-info/PKG-INFO
[10.199s] writing dependency_links to Lab1_ConnerC_Package.egg-info/dependency_links.txt
[10.200s] writing entry points to Lab1_ConnerC_Package.egg-info/entry_points.txt
[10.201s] writing requirements to Lab1_ConnerC_Package.egg-info/requires.txt
[10.202s] writing top-level names to Lab1_ConnerC_Package.egg-info/top_level.txt
[10.204s] writing manifest file 'Lab1_ConnerC_Package.egg-info/SOURCES.txt'
[10.218s] reading manifest file 'Lab1_ConnerC_Package.egg-info/SOURCES.txt'
[10.222s] writing manifest file 'Lab1_ConnerC_Package.egg-info/SOURCES.txt'
[10.237s] running build_ext
[10.238s] Creating /home/ubuntu/turtlebot4_ws/src/install/Lab1_ConnerC_Package/lib/python3.10/site-packages/Lab1-ConnerC-Package.egg-link (link to .)
[10.242s] Installing Lab1_ConnerC_Node script to /home/ubuntu/turtlebot4_ws/src/install/Lab1_ConnerC_Package/lib/Lab1_ConnerC_Package
[10.291s] 
[10.310s] Installed /home/ubuntu/turtlebot4_ws/src/build/Lab1_ConnerC_Package
[10.312s] running install_data
[10.313s] creating /home/ubuntu/turtlebot4_ws/src/install/Lab1_ConnerC_Package/share/ament_index
[10.316s] creating /home/ubuntu/turtlebot4_ws/src/install/Lab1_ConnerC_Package/share/ament_index/resource_index
[10.317s] creating /home/ubuntu/turtlebot4_ws/src/install/Lab1_ConnerC_Package/share/ament_index/resource_index/packages
[10.318s] copying resource/Lab1_ConnerC_Package -> /home/ubuntu/turtlebot4_ws/src/install/Lab1_ConnerC_Package/share/ament_index/resource_index/packages
[10.327s] copying package.xml -> /home/ubuntu/turtlebot4_ws/src/install/Lab1_ConnerC_Package/share/Lab1_ConnerC_Package
[10.622s] Invoked command in '/home/ubuntu/turtlebot4_ws/src/build/Lab1_ConnerC_Package' returned '0': PYTHONPATH=/home/ubuntu/turtlebot4_ws/src/build/Lab1_ConnerC_Package/prefix_override:/home/ubuntu/turtlebot4_ws/src/install/Lab1_ConnerC_Package/lib/python3.10/site-packages:${PYTHONPATH} /usr/bin/python3 setup.py develop --editable --build-directory /home/ubuntu/turtlebot4_ws/src/build/Lab1_ConnerC_Package/build --no-deps install_data
