running develop
running egg_info
creating CC_LidarCollect.egg-info
writing CC_LidarCollect.egg-info/PKG-INFO
writing dependency_links to CC_LidarCollect.egg-info/dependency_links.txt
writing entry points to CC_LidarCollect.egg-info/entry_points.txt
writing requirements to CC_LidarCollect.egg-info/requires.txt
writing top-level names to CC_LidarCollect.egg-info/top_level.txt
writing manifest file 'CC_LidarCollect.egg-info/SOURCES.txt'
reading manifest file 'CC_LidarCollect.egg-info/SOURCES.txt'
writing manifest file 'CC_LidarCollect.egg-info/SOURCES.txt'
running build_ext
Creating /home/ubuntu/turtlebot4_ws/install/CC_LidarCollect/lib/python3.10/site-packages/CC-LidarCollect.egg-link (link to .)
Installing LidarCollect script to /home/ubuntu/turtlebot4_ws/install/CC_LidarCollect/lib/CC_LidarCollect

Installed /home/ubuntu/turtlebot4_ws/build/CC_LidarCollect
running install_data
creating /home/ubuntu/turtlebot4_ws/install/CC_LidarCollect/share/ament_index
creating /home/ubuntu/turtlebot4_ws/install/CC_LidarCollect/share/ament_index/resource_index
creating /home/ubuntu/turtlebot4_ws/install/CC_LidarCollect/share/ament_index/resource_index/packages
copying resource/CC_LidarCollect -> /home/ubuntu/turtlebot4_ws/install/CC_LidarCollect/share/ament_index/resource_index/packages
copying package.xml -> /home/ubuntu/turtlebot4_ws/install/CC_LidarCollect/share/CC_LidarCollect
