[1.571s] DEBUG:colcon:Command line arguments: ['/usr/bin/colcon', 'build', '--packages-select', 'Lab2_ConnerC_Package']
[1.571s] DEBUG:colcon:Parsed command line arguments: Namespace(log_base=None, log_level=None, verb_name='build', build_base='build', install_base='install', merge_install=False, symlink_install=False, test_result_base=None, continue_on_error=False, executor='parallel', parallel_workers=4, event_handlers=None, ignore_user_meta=False, metas=['./colcon.meta'], base_paths=['.'], packages_ignore=None, packages_ignore_regex=None, paths=None, packages_up_to=None, packages_up_to_regex=None, packages_above=None, packages_above_and_dependencies=None, packages_above_depth=None, packages_select_by_dep=None, packages_skip_by_dep=None, packages_skip_up_to=None, packages_select_build_failed=False, packages_skip_build_finished=False, packages_select_test_failures=False, packages_skip_test_passed=False, packages_select=['Lab2_ConnerC_Package'], packages_skip=None, packages_select_regex=None, packages_skip_regex=None, packages_start=None, packages_end=None, allow_overriding=[], cmake_args=None, cmake_target=None, cmake_target_skip_unavailable=False, cmake_clean_cache=False, cmake_clean_first=False, cmake_force_configure=False, ament_cmake_args=None, catkin_cmake_args=None, catkin_skip_building_tests=False, verb_parser=<colcon_defaults.argument_parser.defaults.DefaultArgumentsDecorator object at 0xffffa1a76080>, verb_extension=<colcon_core.verb.build.BuildVerb object at 0xffffa22e8d90>, main=<bound method BuildVerb.main of <colcon_core.verb.build.BuildVerb object at 0xffffa22e8d90>>)
[1.729s] Level 1:colcon.colcon_core.package_discovery:discover_packages(colcon_meta) check parameters
[1.730s] Level 1:colcon.colcon_core.package_discovery:discover_packages(recursive) check parameters
[1.730s] Level 1:colcon.colcon_core.package_discovery:discover_packages(ignore) check parameters
[1.731s] Level 1:colcon.colcon_core.package_discovery:discover_packages(path) check parameters
[1.731s] Level 1:colcon.colcon_core.package_discovery:discover_packages(colcon_meta) discover
[1.731s] Level 1:colcon.colcon_core.package_discovery:discover_packages(recursive) discover
[1.732s] INFO:colcon.colcon_core.package_discovery:Crawling recursively for packages in '/home/ubuntu/turtlebot4_ws/src'
[1.732s] Level 1:colcon.colcon_core.package_identification:_identify(.) by extensions ['ignore', 'ignore_ament_install']
[1.733s] Level 1:colcon.colcon_core.package_identification:_identify(.) by extension 'ignore'
[1.733s] Level 1:colcon.colcon_core.package_identification:_identify(.) by extension 'ignore_ament_install'
[1.734s] Level 1:colcon.colcon_core.package_identification:_identify(.) by extensions ['colcon_pkg']
[1.734s] Level 1:colcon.colcon_core.package_identification:_identify(.) by extension 'colcon_pkg'
[1.734s] Level 1:colcon.colcon_core.package_identification:_identify(.) by extensions ['colcon_meta']
[1.734s] Level 1:colcon.colcon_core.package_identification:_identify(.) by extension 'colcon_meta'
[1.735s] Level 1:colcon.colcon_core.package_identification:_identify(.) by extensions ['ros']
[1.735s] Level 1:colcon.colcon_core.package_identification:_identify(.) by extension 'ros'
[1.785s] Level 1:colcon.colcon_core.package_identification:_identify(.) by extensions ['cmake', 'python']
[1.785s] Level 1:colcon.colcon_core.package_identification:_identify(.) by extension 'cmake'
[1.786s] Level 1:colcon.colcon_core.package_identification:_identify(.) by extension 'python'
[1.786s] Level 1:colcon.colcon_core.package_identification:_identify(.) by extensions ['python_setup_py']
[1.786s] Level 1:colcon.colcon_core.package_identification:_identify(.) by extension 'python_setup_py'
[1.787s] Level 1:colcon.colcon_core.package_identification:_identify(Lab1_ConnerC_Package) by extensions ['ignore', 'ignore_ament_install']
[1.788s] Level 1:colcon.colcon_core.package_identification:_identify(Lab1_ConnerC_Package) by extension 'ignore'
[1.789s] Level 1:colcon.colcon_core.package_identification:_identify(Lab1_ConnerC_Package) by extension 'ignore_ament_install'
[1.789s] Level 1:colcon.colcon_core.package_identification:_identify(Lab1_ConnerC_Package) by extensions ['colcon_pkg']
[1.789s] Level 1:colcon.colcon_core.package_identification:_identify(Lab1_ConnerC_Package) by extension 'colcon_pkg'
[1.790s] Level 1:colcon.colcon_core.package_identification:_identify(Lab1_ConnerC_Package) by extensions ['colcon_meta']
[1.790s] Level 1:colcon.colcon_core.package_identification:_identify(Lab1_ConnerC_Package) by extension 'colcon_meta'
[1.790s] Level 1:colcon.colcon_core.package_identification:_identify(Lab1_ConnerC_Package) by extensions ['ros']
[1.790s] Level 1:colcon.colcon_core.package_identification:_identify(Lab1_ConnerC_Package) by extension 'ros'
[1.800s] DEBUG:colcon.colcon_core.package_identification:Package 'Lab1_ConnerC_Package' with type 'ros.ament_python' and name 'Lab1_ConnerC_Package'
[1.801s] Level 1:colcon.colcon_core.package_identification:_identify(Lab1_DerrickS_Package) by extensions ['ignore', 'ignore_ament_install']
[1.802s] Level 1:colcon.colcon_core.package_identification:_identify(Lab1_DerrickS_Package) by extension 'ignore'
[1.802s] Level 1:colcon.colcon_core.package_identification:_identify(Lab1_DerrickS_Package) by extension 'ignore_ament_install'
[1.802s] Level 1:colcon.colcon_core.package_identification:_identify(Lab1_DerrickS_Package) by extensions ['colcon_pkg']
[1.802s] Level 1:colcon.colcon_core.package_identification:_identify(Lab1_DerrickS_Package) by extension 'colcon_pkg'
[1.803s] Level 1:colcon.colcon_core.package_identification:_identify(Lab1_DerrickS_Package) by extensions ['colcon_meta']
[1.803s] Level 1:colcon.colcon_core.package_identification:_identify(Lab1_DerrickS_Package) by extension 'colcon_meta'
[1.803s] Level 1:colcon.colcon_core.package_identification:_identify(Lab1_DerrickS_Package) by extensions ['ros']
[1.803s] Level 1:colcon.colcon_core.package_identification:_identify(Lab1_DerrickS_Package) by extension 'ros'
[1.806s] DEBUG:colcon.colcon_core.package_identification:Package 'Lab1_DerrickS_Package' with type 'ros.ament_python' and name 'Lab1_DerrickS_Package'
[1.807s] Level 1:colcon.colcon_core.package_identification:_identify(Lab2_ConnerC_Package) by extensions ['ignore', 'ignore_ament_install']
[1.808s] Level 1:colcon.colcon_core.package_identification:_identify(Lab2_ConnerC_Package) by extension 'ignore'
[1.808s] Level 1:colcon.colcon_core.package_identification:_identify(Lab2_ConnerC_Package) by extension 'ignore_ament_install'
[1.809s] Level 1:colcon.colcon_core.package_identification:_identify(Lab2_ConnerC_Package) by extensions ['colcon_pkg']
[1.809s] Level 1:colcon.colcon_core.package_identification:_identify(Lab2_ConnerC_Package) by extension 'colcon_pkg'
[1.809s] Level 1:colcon.colcon_core.package_identification:_identify(Lab2_ConnerC_Package) by extensions ['colcon_meta']
[1.809s] Level 1:colcon.colcon_core.package_identification:_identify(Lab2_ConnerC_Package) by extension 'colcon_meta'
[1.810s] Level 1:colcon.colcon_core.package_identification:_identify(Lab2_ConnerC_Package) by extensions ['ros']
[1.810s] Level 1:colcon.colcon_core.package_identification:_identify(Lab2_ConnerC_Package) by extension 'ros'
[1.813s] DEBUG:colcon.colcon_core.package_identification:Package 'Lab2_ConnerC_Package' with type 'ros.ament_python' and name 'Lab2_ConnerC_Package'
[1.813s] Level 1:colcon.colcon_core.package_identification:_identify(build) by extensions ['ignore', 'ignore_ament_install']
[1.814s] Level 1:colcon.colcon_core.package_identification:_identify(build) by extension 'ignore'
[1.814s] Level 1:colcon.colcon_core.package_identification:_identify(build) ignored
[1.815s] Level 1:colcon.colcon_core.package_identification:_identify(install) by extensions ['ignore', 'ignore_ament_install']
[1.816s] Level 1:colcon.colcon_core.package_identification:_identify(install) by extension 'ignore'
[1.816s] Level 1:colcon.colcon_core.package_identification:_identify(install) ignored
[1.817s] Level 1:colcon.colcon_core.package_identification:_identify(log) by extensions ['ignore', 'ignore_ament_install']
[1.817s] Level 1:colcon.colcon_core.package_identification:_identify(log) by extension 'ignore'
[1.818s] Level 1:colcon.colcon_core.package_identification:_identify(log) ignored
[1.819s] Level 1:colcon.colcon_core.package_identification:_identify(turtlebot4_python_tutorials) by extensions ['ignore', 'ignore_ament_install']
[1.819s] Level 1:colcon.colcon_core.package_identification:_identify(turtlebot4_python_tutorials) by extension 'ignore'
[1.819s] Level 1:colcon.colcon_core.package_identification:_identify(turtlebot4_python_tutorials) by extension 'ignore_ament_install'
[1.820s] Level 1:colcon.colcon_core.package_identification:_identify(turtlebot4_python_tutorials) by extensions ['colcon_pkg']
[1.820s] Level 1:colcon.colcon_core.package_identification:_identify(turtlebot4_python_tutorials) by extension 'colcon_pkg'
[1.820s] Level 1:colcon.colcon_core.package_identification:_identify(turtlebot4_python_tutorials) by extensions ['colcon_meta']
[1.820s] Level 1:colcon.colcon_core.package_identification:_identify(turtlebot4_python_tutorials) by extension 'colcon_meta'
[1.820s] Level 1:colcon.colcon_core.package_identification:_identify(turtlebot4_python_tutorials) by extensions ['ros']
[1.821s] Level 1:colcon.colcon_core.package_identification:_identify(turtlebot4_python_tutorials) by extension 'ros'
[1.822s] DEBUG:colcon.colcon_core.package_identification:Package 'turtlebot4_python_tutorials' with type 'ros.ament_python' and name 'turtlebot4_python_tutorials'
[1.823s] Level 1:colcon.colcon_core.package_identification:_identify(turtlebot4_python_tutorials_Conner_Carriere) by extensions ['ignore', 'ignore_ament_install']
[1.823s] Level 1:colcon.colcon_core.package_identification:_identify(turtlebot4_python_tutorials_Conner_Carriere) by extension 'ignore'
[1.824s] Level 1:colcon.colcon_core.package_identification:_identify(turtlebot4_python_tutorials_Conner_Carriere) by extension 'ignore_ament_install'
[1.824s] Level 1:colcon.colcon_core.package_identification:_identify(turtlebot4_python_tutorials_Conner_Carriere) by extensions ['colcon_pkg']
[1.824s] Level 1:colcon.colcon_core.package_identification:_identify(turtlebot4_python_tutorials_Conner_Carriere) by extension 'colcon_pkg'
[1.824s] Level 1:colcon.colcon_core.package_identification:_identify(turtlebot4_python_tutorials_Conner_Carriere) by extensions ['colcon_meta']
[1.824s] Level 1:colcon.colcon_core.package_identification:_identify(turtlebot4_python_tutorials_Conner_Carriere) by extension 'colcon_meta'
[1.825s] Level 1:colcon.colcon_core.package_identification:_identify(turtlebot4_python_tutorials_Conner_Carriere) by extensions ['ros']
[1.825s] Level 1:colcon.colcon_core.package_identification:_identify(turtlebot4_python_tutorials_Conner_Carriere) by extension 'ros'
[1.828s] DEBUG:colcon.colcon_core.package_identification:Package 'turtlebot4_python_tutorials_Conner_Carriere' with type 'ros.ament_python' and name 'turtlebot4_python_tutorials_Conner_Carriere'
[1.828s] Level 1:colcon.colcon_core.package_discovery:discover_packages(recursive) using defaults
[1.828s] Level 1:colcon.colcon_core.package_discovery:discover_packages(ignore) discover
[1.829s] Level 1:colcon.colcon_core.package_discovery:discover_packages(ignore) using defaults
[1.829s] Level 1:colcon.colcon_core.package_discovery:discover_packages(path) discover
[1.829s] Level 1:colcon.colcon_core.package_discovery:discover_packages(path) using defaults
[1.936s] INFO:colcon.colcon_core.package_selection:Skipping not selected package 'Lab1_ConnerC_Package' in 'Lab1_ConnerC_Package'
[1.937s] INFO:colcon.colcon_core.package_selection:Skipping not selected package 'Lab1_DerrickS_Package' in 'Lab1_DerrickS_Package'
[1.937s] INFO:colcon.colcon_core.package_selection:Skipping not selected package 'turtlebot4_python_tutorials' in 'turtlebot4_python_tutorials'
[1.937s] INFO:colcon.colcon_core.package_selection:Skipping not selected package 'turtlebot4_python_tutorials_Conner_Carriere' in 'turtlebot4_python_tutorials_Conner_Carriere'
[1.940s] Level 1:colcon.colcon_core.package_discovery:discover_packages(prefix_path) check parameters
[1.941s] Level 1:colcon.colcon_core.package_discovery:discover_packages(prefix_path) discover
[1.956s] DEBUG:colcon.colcon_installed_package_information.package_discovery:Found 4 installed packages in /home/ubuntu/turtlebot4_ws/src/install
[1.962s] DEBUG:colcon.colcon_installed_package_information.package_discovery:Found 2 installed packages in /home/ubuntu/turtlebot4_ws/install
[1.975s] DEBUG:colcon.colcon_installed_package_information.package_discovery:Found 313 installed packages in /opt/ros/humble
[1.983s] Level 1:colcon.colcon_core.package_discovery:discover_packages(prefix_path) using defaults
[2.268s] Level 5:colcon.colcon_core.verb:set package 'Lab2_ConnerC_Package' build argument 'cmake_args' from command line to 'None'
[2.268s] Level 5:colcon.colcon_core.verb:set package 'Lab2_ConnerC_Package' build argument 'cmake_target' from command line to 'None'
[2.269s] Level 5:colcon.colcon_core.verb:set package 'Lab2_ConnerC_Package' build argument 'cmake_target_skip_unavailable' from command line to 'False'
[2.269s] Level 5:colcon.colcon_core.verb:set package 'Lab2_ConnerC_Package' build argument 'cmake_clean_cache' from command line to 'False'
[2.269s] Level 5:colcon.colcon_core.verb:set package 'Lab2_ConnerC_Package' build argument 'cmake_clean_first' from command line to 'False'
[2.269s] Level 5:colcon.colcon_core.verb:set package 'Lab2_ConnerC_Package' build argument 'cmake_force_configure' from command line to 'False'
[2.269s] Level 5:colcon.colcon_core.verb:set package 'Lab2_ConnerC_Package' build argument 'ament_cmake_args' from command line to 'None'
[2.269s] Level 5:colcon.colcon_core.verb:set package 'Lab2_ConnerC_Package' build argument 'catkin_cmake_args' from command line to 'None'
[2.269s] Level 5:colcon.colcon_core.verb:set package 'Lab2_ConnerC_Package' build argument 'catkin_skip_building_tests' from command line to 'False'
[2.269s] DEBUG:colcon.colcon_core.verb:Building package 'Lab2_ConnerC_Package' with the following arguments: {'ament_cmake_args': None, 'build_base': '/home/ubuntu/turtlebot4_ws/src/build/Lab2_ConnerC_Package', 'catkin_cmake_args': None, 'catkin_skip_building_tests': False, 'cmake_args': None, 'cmake_clean_cache': False, 'cmake_clean_first': False, 'cmake_force_configure': False, 'cmake_target': None, 'cmake_target_skip_unavailable': False, 'install_base': '/home/ubuntu/turtlebot4_ws/src/install/Lab2_ConnerC_Package', 'merge_install': False, 'path': '/home/ubuntu/turtlebot4_ws/src/Lab2_ConnerC_Package', 'symlink_install': False, 'test_result_base': None}
[2.272s] INFO:colcon.colcon_core.executor:Executing jobs using 'parallel' executor
[2.287s] DEBUG:colcon.colcon_parallel_executor.executor.parallel:run_until_complete
[2.288s] INFO:colcon.colcon_ros.task.ament_python.build:Building ROS package in '/home/ubuntu/turtlebot4_ws/src/Lab2_ConnerC_Package' with build type 'ament_python'
[2.289s] Level 1:colcon.colcon_core.shell:create_environment_hook('Lab2_ConnerC_Package', 'ament_prefix_path')
[2.314s] INFO:colcon.colcon_core.plugin_system:Skipping extension 'colcon_core.shell.bat': Not used on non-Windows systems
[2.315s] INFO:colcon.colcon_core.shell:Creating environment hook '/home/ubuntu/turtlebot4_ws/src/install/Lab2_ConnerC_Package/share/Lab2_ConnerC_Package/hook/ament_prefix_path.ps1'
[2.318s] INFO:colcon.colcon_core.shell:Creating environment descriptor '/home/ubuntu/turtlebot4_ws/src/install/Lab2_ConnerC_Package/share/Lab2_ConnerC_Package/hook/ament_prefix_path.dsv'
[2.320s] INFO:colcon.colcon_core.shell:Creating environment hook '/home/ubuntu/turtlebot4_ws/src/install/Lab2_ConnerC_Package/share/Lab2_ConnerC_Package/hook/ament_prefix_path.sh'
[2.328s] INFO:colcon.colcon_core.shell:Skip shell extension 'powershell' for command environment: Not usable outside of PowerShell
[2.329s] DEBUG:colcon.colcon_core.shell:Skip shell extension 'dsv' for command environment
[3.701s] INFO:colcon.colcon_core.task.python.build:Building Python package in '/home/ubuntu/turtlebot4_ws/src/Lab2_ConnerC_Package'
[3.708s] INFO:colcon.colcon_core.shell:Skip shell extension 'powershell' for command environment: Not usable outside of PowerShell
[3.708s] DEBUG:colcon.colcon_core.shell:Skip shell extension 'dsv' for command environment
[5.576s] DEBUG:colcon.colcon_core.event_handler.log_command:Invoking command in '/home/ubuntu/turtlebot4_ws/src/Lab2_ConnerC_Package': PYTHONPATH=/home/ubuntu/turtlebot4_ws/src/build/Lab2_ConnerC_Package/prefix_override:/home/ubuntu/turtlebot4_ws/src/install/Lab2_ConnerC_Package/lib/python3.10/site-packages:${PYTHONPATH} /usr/bin/python3 setup.py egg_info --egg-base ../build/Lab2_ConnerC_Package build --build-base /home/ubuntu/turtlebot4_ws/src/build/Lab2_ConnerC_Package/build install --record /home/ubuntu/turtlebot4_ws/src/build/Lab2_ConnerC_Package/install.log --single-version-externally-managed
[7.099s] DEBUG:colcon.colcon_core.event_handler.log_command:Invoked command in '/home/ubuntu/turtlebot4_ws/src/Lab2_ConnerC_Package' returned '0': PYTHONPATH=/home/ubuntu/turtlebot4_ws/src/build/Lab2_ConnerC_Package/prefix_override:/home/ubuntu/turtlebot4_ws/src/install/Lab2_ConnerC_Package/lib/python3.10/site-packages:${PYTHONPATH} /usr/bin/python3 setup.py egg_info --egg-base ../build/Lab2_ConnerC_Package build --build-base /home/ubuntu/turtlebot4_ws/src/build/Lab2_ConnerC_Package/build install --record /home/ubuntu/turtlebot4_ws/src/build/Lab2_ConnerC_Package/install.log --single-version-externally-managed
[7.122s] Level 1:colcon.colcon_core.environment:checking '/home/ubuntu/turtlebot4_ws/src/install/Lab2_ConnerC_Package' for CMake module files
[7.125s] Level 1:colcon.colcon_core.environment:checking '/home/ubuntu/turtlebot4_ws/src/install/Lab2_ConnerC_Package' for CMake config files
[7.129s] Level 1:colcon.colcon_core.environment:checking '/home/ubuntu/turtlebot4_ws/src/install/Lab2_ConnerC_Package/lib'
[7.130s] Level 1:colcon.colcon_core.environment:checking '/home/ubuntu/turtlebot4_ws/src/install/Lab2_ConnerC_Package/bin'
[7.131s] Level 1:colcon.colcon_core.environment:checking '/home/ubuntu/turtlebot4_ws/src/install/Lab2_ConnerC_Package/lib/pkgconfig/Lab2_ConnerC_Package.pc'
[7.132s] Level 1:colcon.colcon_core.environment:checking '/home/ubuntu/turtlebot4_ws/src/install/Lab2_ConnerC_Package/lib/python3.10/site-packages'
[7.132s] Level 1:colcon.colcon_core.shell:create_environment_hook('Lab2_ConnerC_Package', 'pythonpath')
[7.137s] INFO:colcon.colcon_core.shell:Creating environment hook '/home/ubuntu/turtlebot4_ws/src/install/Lab2_ConnerC_Package/share/Lab2_ConnerC_Package/hook/pythonpath.ps1'
[7.139s] INFO:colcon.colcon_core.shell:Creating environment descriptor '/home/ubuntu/turtlebot4_ws/src/install/Lab2_ConnerC_Package/share/Lab2_ConnerC_Package/hook/pythonpath.dsv'
[7.142s] INFO:colcon.colcon_core.shell:Creating environment hook '/home/ubuntu/turtlebot4_ws/src/install/Lab2_ConnerC_Package/share/Lab2_ConnerC_Package/hook/pythonpath.sh'
[7.144s] Level 1:colcon.colcon_core.environment:checking '/home/ubuntu/turtlebot4_ws/src/install/Lab2_ConnerC_Package/bin'
[7.145s] Level 1:colcon.colcon_core.environment:create_environment_scripts_only(Lab2_ConnerC_Package)
[7.151s] INFO:colcon.colcon_core.shell:Creating package script '/home/ubuntu/turtlebot4_ws/src/install/Lab2_ConnerC_Package/share/Lab2_ConnerC_Package/package.ps1'
[7.155s] INFO:colcon.colcon_core.shell:Creating package descriptor '/home/ubuntu/turtlebot4_ws/src/install/Lab2_ConnerC_Package/share/Lab2_ConnerC_Package/package.dsv'
[7.158s] INFO:colcon.colcon_core.shell:Creating package script '/home/ubuntu/turtlebot4_ws/src/install/Lab2_ConnerC_Package/share/Lab2_ConnerC_Package/package.sh'
[7.162s] INFO:colcon.colcon_core.shell:Creating package script '/home/ubuntu/turtlebot4_ws/src/install/Lab2_ConnerC_Package/share/Lab2_ConnerC_Package/package.bash'
[7.165s] INFO:colcon.colcon_core.shell:Creating package script '/home/ubuntu/turtlebot4_ws/src/install/Lab2_ConnerC_Package/share/Lab2_ConnerC_Package/package.zsh'
[7.168s] Level 1:colcon.colcon_core.environment:create_file_with_runtime_dependencies(/home/ubuntu/turtlebot4_ws/src/install/Lab2_ConnerC_Package/share/colcon-core/packages/Lab2_ConnerC_Package)
[7.170s] DEBUG:colcon.colcon_parallel_executor.executor.parallel:closing loop
[7.171s] DEBUG:colcon.colcon_parallel_executor.executor.parallel:loop closed
[7.171s] DEBUG:colcon.colcon_parallel_executor.executor.parallel:run_until_complete finished with '0'
[7.172s] DEBUG:colcon.colcon_core.event_reactor:joining thread
[7.197s] INFO:colcon.colcon_core.plugin_system:Skipping extension 'colcon_notification.desktop_notification.notify_send': Could not find 'notify-send'
[7.198s] INFO:colcon.colcon_core.plugin_system:Skipping extension 'colcon_notification.desktop_notification.terminal_notifier': Not used on non-Darwin systems
[7.198s] INFO:colcon.colcon_core.plugin_system:Skipping extension 'colcon_notification.desktop_notification.win32': Not used on non-Windows systems
[7.198s] INFO:colcon.colcon_notification.desktop_notification:Sending desktop notification using 'notify2'
[7.201s] DEBUG:colcon.colcon_notification.desktop_notification.notify2:Failed to initialize notify2: org.freedesktop.DBus.Error.ServiceUnknown: The name org.freedesktop.Notifications was not provided by any .service files
[7.201s] DEBUG:colcon.colcon_core.event_reactor:joined thread
[7.208s] INFO:colcon.colcon_core.shell:Creating prefix script '/home/ubuntu/turtlebot4_ws/src/install/local_setup.ps1'
[7.212s] INFO:colcon.colcon_core.shell:Creating prefix util module '/home/ubuntu/turtlebot4_ws/src/install/_local_setup_util_ps1.py'
[7.218s] INFO:colcon.colcon_core.shell:Creating prefix chain script '/home/ubuntu/turtlebot4_ws/src/install/setup.ps1'
[7.226s] INFO:colcon.colcon_core.shell:Creating prefix script '/home/ubuntu/turtlebot4_ws/src/install/local_setup.sh'
[7.229s] INFO:colcon.colcon_core.shell:Creating prefix util module '/home/ubuntu/turtlebot4_ws/src/install/_local_setup_util_sh.py'
[7.231s] INFO:colcon.colcon_core.shell:Creating prefix chain script '/home/ubuntu/turtlebot4_ws/src/install/setup.sh'
[7.240s] INFO:colcon.colcon_core.shell:Creating prefix script '/home/ubuntu/turtlebot4_ws/src/install/local_setup.bash'
[7.242s] INFO:colcon.colcon_core.shell:Creating prefix chain script '/home/ubuntu/turtlebot4_ws/src/install/setup.bash'
[7.250s] INFO:colcon.colcon_core.shell:Creating prefix script '/home/ubuntu/turtlebot4_ws/src/install/local_setup.zsh'
[7.252s] INFO:colcon.colcon_core.shell:Creating prefix chain script '/home/ubuntu/turtlebot4_ws/src/install/setup.zsh'
