[1.580s] DEBUG:colcon:Command line arguments: ['/usr/bin/colcon', 'build', '--symlink-install']
[1.581s] DEBUG:colcon:Parsed command line arguments: Namespace(log_base=None, log_level=None, verb_name='build', build_base='build', install_base='install', merge_install=False, symlink_install=True, test_result_base=None, continue_on_error=False, executor='parallel', parallel_workers=4, event_handlers=None, ignore_user_meta=False, metas=['./colcon.meta'], base_paths=['.'], packages_ignore=None, packages_ignore_regex=None, paths=None, packages_up_to=None, packages_up_to_regex=None, packages_above=None, packages_above_and_dependencies=None, packages_above_depth=None, packages_select_by_dep=None, packages_skip_by_dep=None, packages_skip_up_to=None, packages_select_build_failed=False, packages_skip_build_finished=False, packages_select_test_failures=False, packages_skip_test_passed=False, packages_select=None, packages_skip=None, packages_select_regex=None, packages_skip_regex=None, packages_start=None, packages_end=None, allow_overriding=[], cmake_args=None, cmake_target=None, cmake_target_skip_unavailable=False, cmake_clean_cache=False, cmake_clean_first=False, cmake_force_configure=False, ament_cmake_args=None, catkin_cmake_args=None, catkin_skip_building_tests=False, verb_parser=<colcon_defaults.argument_parser.defaults.DefaultArgumentsDecorator object at 0xffffad031270>, verb_extension=<colcon_core.verb.build.BuildVerb object at 0xffffad895ed0>, main=<bound method BuildVerb.main of <colcon_core.verb.build.BuildVerb object at 0xffffad895ed0>>)
[1.740s] Level 1:colcon.colcon_core.package_discovery:discover_packages(colcon_meta) check parameters
[1.741s] Level 1:colcon.colcon_core.package_discovery:discover_packages(recursive) check parameters
[1.741s] Level 1:colcon.colcon_core.package_discovery:discover_packages(ignore) check parameters
[1.741s] Level 1:colcon.colcon_core.package_discovery:discover_packages(path) check parameters
[1.741s] Level 1:colcon.colcon_core.package_discovery:discover_packages(colcon_meta) discover
[1.741s] Level 1:colcon.colcon_core.package_discovery:discover_packages(recursive) discover
[1.742s] INFO:colcon.colcon_core.package_discovery:Crawling recursively for packages in '/home/ubuntu/turtlebot4_ws'
[1.742s] Level 1:colcon.colcon_core.package_identification:_identify(.) by extensions ['ignore', 'ignore_ament_install']
[1.743s] Level 1:colcon.colcon_core.package_identification:_identify(.) by extension 'ignore'
[1.743s] Level 1:colcon.colcon_core.package_identification:_identify(.) by extension 'ignore_ament_install'
[1.744s] Level 1:colcon.colcon_core.package_identification:_identify(.) by extensions ['colcon_pkg']
[1.744s] Level 1:colcon.colcon_core.package_identification:_identify(.) by extension 'colcon_pkg'
[1.744s] Level 1:colcon.colcon_core.package_identification:_identify(.) by extensions ['colcon_meta']
[1.744s] Level 1:colcon.colcon_core.package_identification:_identify(.) by extension 'colcon_meta'
[1.745s] Level 1:colcon.colcon_core.package_identification:_identify(.) by extensions ['ros']
[1.745s] Level 1:colcon.colcon_core.package_identification:_identify(.) by extension 'ros'
[1.797s] Level 1:colcon.colcon_core.package_identification:_identify(.) by extensions ['cmake', 'python']
[1.797s] Level 1:colcon.colcon_core.package_identification:_identify(.) by extension 'cmake'
[1.798s] Level 1:colcon.colcon_core.package_identification:_identify(.) by extension 'python'
[1.798s] Level 1:colcon.colcon_core.package_identification:_identify(.) by extensions ['python_setup_py']
[1.798s] Level 1:colcon.colcon_core.package_identification:_identify(.) by extension 'python_setup_py'
[1.799s] Level 1:colcon.colcon_core.package_identification:_identify(build) by extensions ['ignore', 'ignore_ament_install']
[1.800s] Level 1:colcon.colcon_core.package_identification:_identify(build) by extension 'ignore'
[1.801s] Level 1:colcon.colcon_core.package_identification:_identify(build) ignored
[1.802s] Level 1:colcon.colcon_core.package_identification:_identify(install) by extensions ['ignore', 'ignore_ament_install']
[1.803s] Level 1:colcon.colcon_core.package_identification:_identify(install) by extension 'ignore'
[1.804s] Level 1:colcon.colcon_core.package_identification:_identify(install) ignored
[1.805s] Level 1:colcon.colcon_core.package_identification:_identify(log) by extensions ['ignore', 'ignore_ament_install']
[1.805s] Level 1:colcon.colcon_core.package_identification:_identify(log) by extension 'ignore'
[1.805s] Level 1:colcon.colcon_core.package_identification:_identify(log) ignored
[1.806s] Level 1:colcon.colcon_core.package_identification:_identify(src) by extensions ['ignore', 'ignore_ament_install']
[1.806s] Level 1:colcon.colcon_core.package_identification:_identify(src) by extension 'ignore'
[1.806s] Level 1:colcon.colcon_core.package_identification:_identify(src) by extension 'ignore_ament_install'
[1.807s] Level 1:colcon.colcon_core.package_identification:_identify(src) by extensions ['colcon_pkg']
[1.807s] Level 1:colcon.colcon_core.package_identification:_identify(src) by extension 'colcon_pkg'
[1.807s] Level 1:colcon.colcon_core.package_identification:_identify(src) by extensions ['colcon_meta']
[1.807s] Level 1:colcon.colcon_core.package_identification:_identify(src) by extension 'colcon_meta'
[1.807s] Level 1:colcon.colcon_core.package_identification:_identify(src) by extensions ['ros']
[1.807s] Level 1:colcon.colcon_core.package_identification:_identify(src) by extension 'ros'
[1.808s] Level 1:colcon.colcon_core.package_identification:_identify(src) by extensions ['cmake', 'python']
[1.808s] Level 1:colcon.colcon_core.package_identification:_identify(src) by extension 'cmake'
[1.808s] Level 1:colcon.colcon_core.package_identification:_identify(src) by extension 'python'
[1.808s] Level 1:colcon.colcon_core.package_identification:_identify(src) by extensions ['python_setup_py']
[1.808s] Level 1:colcon.colcon_core.package_identification:_identify(src) by extension 'python_setup_py'
[1.809s] Level 1:colcon.colcon_core.package_identification:_identify(src/build) by extensions ['ignore', 'ignore_ament_install']
[1.809s] Level 1:colcon.colcon_core.package_identification:_identify(src/build) by extension 'ignore'
[1.809s] Level 1:colcon.colcon_core.package_identification:_identify(src/build) ignored
[1.810s] Level 1:colcon.colcon_core.package_identification:_identify(src/install) by extensions ['ignore', 'ignore_ament_install']
[1.810s] Level 1:colcon.colcon_core.package_identification:_identify(src/install) by extension 'ignore'
[1.811s] Level 1:colcon.colcon_core.package_identification:_identify(src/install) ignored
[1.811s] Level 1:colcon.colcon_core.package_identification:_identify(src/log) by extensions ['ignore', 'ignore_ament_install']
[1.811s] Level 1:colcon.colcon_core.package_identification:_identify(src/log) by extension 'ignore'
[1.812s] Level 1:colcon.colcon_core.package_identification:_identify(src/log) ignored
[1.812s] Level 1:colcon.colcon_core.package_identification:_identify(src/turtlebot4_python_tutorials) by extensions ['ignore', 'ignore_ament_install']
[1.812s] Level 1:colcon.colcon_core.package_identification:_identify(src/turtlebot4_python_tutorials) by extension 'ignore'
[1.813s] Level 1:colcon.colcon_core.package_identification:_identify(src/turtlebot4_python_tutorials) by extension 'ignore_ament_install'
[1.813s] Level 1:colcon.colcon_core.package_identification:_identify(src/turtlebot4_python_tutorials) by extensions ['colcon_pkg']
[1.813s] Level 1:colcon.colcon_core.package_identification:_identify(src/turtlebot4_python_tutorials) by extension 'colcon_pkg'
[1.813s] Level 1:colcon.colcon_core.package_identification:_identify(src/turtlebot4_python_tutorials) by extensions ['colcon_meta']
[1.814s] Level 1:colcon.colcon_core.package_identification:_identify(src/turtlebot4_python_tutorials) by extension 'colcon_meta'
[1.814s] Level 1:colcon.colcon_core.package_identification:_identify(src/turtlebot4_python_tutorials) by extensions ['ros']
[1.814s] Level 1:colcon.colcon_core.package_identification:_identify(src/turtlebot4_python_tutorials) by extension 'ros'
[1.824s] DEBUG:colcon.colcon_core.package_identification:Package 'src/turtlebot4_python_tutorials' with type 'ros.ament_python' and name 'turtlebot4_python_tutorials'
[1.825s] Level 1:colcon.colcon_core.package_identification:_identify(src/turtlebot4_python_tutorials_Conner_Carriere) by extensions ['ignore', 'ignore_ament_install']
[1.825s] Level 1:colcon.colcon_core.package_identification:_identify(src/turtlebot4_python_tutorials_Conner_Carriere) by extension 'ignore'
[1.825s] Level 1:colcon.colcon_core.package_identification:_identify(src/turtlebot4_python_tutorials_Conner_Carriere) by extension 'ignore_ament_install'
[1.826s] Level 1:colcon.colcon_core.package_identification:_identify(src/turtlebot4_python_tutorials_Conner_Carriere) by extensions ['colcon_pkg']
[1.826s] Level 1:colcon.colcon_core.package_identification:_identify(src/turtlebot4_python_tutorials_Conner_Carriere) by extension 'colcon_pkg'
[1.826s] Level 1:colcon.colcon_core.package_identification:_identify(src/turtlebot4_python_tutorials_Conner_Carriere) by extensions ['colcon_meta']
[1.826s] Level 1:colcon.colcon_core.package_identification:_identify(src/turtlebot4_python_tutorials_Conner_Carriere) by extension 'colcon_meta'
[1.827s] Level 1:colcon.colcon_core.package_identification:_identify(src/turtlebot4_python_tutorials_Conner_Carriere) by extensions ['ros']
[1.827s] Level 1:colcon.colcon_core.package_identification:_identify(src/turtlebot4_python_tutorials_Conner_Carriere) by extension 'ros'
[1.830s] DEBUG:colcon.colcon_core.package_identification:Package 'src/turtlebot4_python_tutorials_Conner_Carriere' with type 'ros.ament_python' and name 'turtlebot4_python_tutorials_Conner_Carriere'
[1.830s] Level 1:colcon.colcon_core.package_discovery:discover_packages(recursive) using defaults
[1.830s] Level 1:colcon.colcon_core.package_discovery:discover_packages(ignore) discover
[1.830s] Level 1:colcon.colcon_core.package_discovery:discover_packages(ignore) using defaults
[1.831s] Level 1:colcon.colcon_core.package_discovery:discover_packages(path) discover
[1.831s] Level 1:colcon.colcon_core.package_discovery:discover_packages(path) using defaults
[1.932s] Level 1:colcon.colcon_core.package_discovery:discover_packages(prefix_path) check parameters
[1.933s] Level 1:colcon.colcon_core.package_discovery:discover_packages(prefix_path) discover
[1.952s] DEBUG:colcon.colcon_installed_package_information.package_discovery:Found 1 installed packages in /home/ubuntu/turtlebot4_ws/install
[1.964s] DEBUG:colcon.colcon_installed_package_information.package_discovery:Found 313 installed packages in /opt/ros/humble
[1.972s] Level 1:colcon.colcon_core.package_discovery:discover_packages(prefix_path) using defaults
[2.267s] Level 5:colcon.colcon_core.verb:set package 'turtlebot4_python_tutorials' build argument 'cmake_args' from command line to 'None'
[2.268s] Level 5:colcon.colcon_core.verb:set package 'turtlebot4_python_tutorials' build argument 'cmake_target' from command line to 'None'
[2.268s] Level 5:colcon.colcon_core.verb:set package 'turtlebot4_python_tutorials' build argument 'cmake_target_skip_unavailable' from command line to 'False'
[2.268s] Level 5:colcon.colcon_core.verb:set package 'turtlebot4_python_tutorials' build argument 'cmake_clean_cache' from command line to 'False'
[2.268s] Level 5:colcon.colcon_core.verb:set package 'turtlebot4_python_tutorials' build argument 'cmake_clean_first' from command line to 'False'
[2.268s] Level 5:colcon.colcon_core.verb:set package 'turtlebot4_python_tutorials' build argument 'cmake_force_configure' from command line to 'False'
[2.268s] Level 5:colcon.colcon_core.verb:set package 'turtlebot4_python_tutorials' build argument 'ament_cmake_args' from command line to 'None'
[2.269s] Level 5:colcon.colcon_core.verb:set package 'turtlebot4_python_tutorials' build argument 'catkin_cmake_args' from command line to 'None'
[2.269s] Level 5:colcon.colcon_core.verb:set package 'turtlebot4_python_tutorials' build argument 'catkin_skip_building_tests' from command line to 'False'
[2.269s] DEBUG:colcon.colcon_core.verb:Building package 'turtlebot4_python_tutorials' with the following arguments: {'ament_cmake_args': None, 'build_base': '/home/ubuntu/turtlebot4_ws/build/turtlebot4_python_tutorials', 'catkin_cmake_args': None, 'catkin_skip_building_tests': False, 'cmake_args': None, 'cmake_clean_cache': False, 'cmake_clean_first': False, 'cmake_force_configure': False, 'cmake_target': None, 'cmake_target_skip_unavailable': False, 'install_base': '/home/ubuntu/turtlebot4_ws/install/turtlebot4_python_tutorials', 'merge_install': False, 'path': '/home/ubuntu/turtlebot4_ws/src/turtlebot4_python_tutorials', 'symlink_install': True, 'test_result_base': None}
[2.273s] Level 5:colcon.colcon_core.verb:set package 'turtlebot4_python_tutorials_Conner_Carriere' build argument 'cmake_args' from command line to 'None'
[2.274s] Level 5:colcon.colcon_core.verb:set package 'turtlebot4_python_tutorials_Conner_Carriere' build argument 'cmake_target' from command line to 'None'
[2.274s] Level 5:colcon.colcon_core.verb:set package 'turtlebot4_python_tutorials_Conner_Carriere' build argument 'cmake_target_skip_unavailable' from command line to 'False'
[2.274s] Level 5:colcon.colcon_core.verb:set package 'turtlebot4_python_tutorials_Conner_Carriere' build argument 'cmake_clean_cache' from command line to 'False'
[2.274s] Level 5:colcon.colcon_core.verb:set package 'turtlebot4_python_tutorials_Conner_Carriere' build argument 'cmake_clean_first' from command line to 'False'
[2.274s] Level 5:colcon.colcon_core.verb:set package 'turtlebot4_python_tutorials_Conner_Carriere' build argument 'cmake_force_configure' from command line to 'False'
[2.274s] Level 5:colcon.colcon_core.verb:set package 'turtlebot4_python_tutorials_Conner_Carriere' build argument 'ament_cmake_args' from command line to 'None'
[2.274s] Level 5:colcon.colcon_core.verb:set package 'turtlebot4_python_tutorials_Conner_Carriere' build argument 'catkin_cmake_args' from command line to 'None'
[2.275s] Level 5:colcon.colcon_core.verb:set package 'turtlebot4_python_tutorials_Conner_Carriere' build argument 'catkin_skip_building_tests' from command line to 'False'
[2.275s] DEBUG:colcon.colcon_core.verb:Building package 'turtlebot4_python_tutorials_Conner_Carriere' with the following arguments: {'ament_cmake_args': None, 'build_base': '/home/ubuntu/turtlebot4_ws/build/turtlebot4_python_tutorials_Conner_Carriere', 'catkin_cmake_args': None, 'catkin_skip_building_tests': False, 'cmake_args': None, 'cmake_clean_cache': False, 'cmake_clean_first': False, 'cmake_force_configure': False, 'cmake_target': None, 'cmake_target_skip_unavailable': False, 'install_base': '/home/ubuntu/turtlebot4_ws/install/turtlebot4_python_tutorials_Conner_Carriere', 'merge_install': False, 'path': '/home/ubuntu/turtlebot4_ws/src/turtlebot4_python_tutorials_Conner_Carriere', 'symlink_install': True, 'test_result_base': None}
[2.278s] INFO:colcon.colcon_core.executor:Executing jobs using 'parallel' executor
[2.291s] DEBUG:colcon.colcon_parallel_executor.executor.parallel:run_until_complete
[2.292s] INFO:colcon.colcon_ros.task.ament_python.build:Building ROS package in '/home/ubuntu/turtlebot4_ws/src/turtlebot4_python_tutorials' with build type 'ament_python'
[2.293s] Level 1:colcon.colcon_core.shell:create_environment_hook('turtlebot4_python_tutorials', 'ament_prefix_path')
[2.315s] INFO:colcon.colcon_core.plugin_system:Skipping extension 'colcon_core.shell.bat': Not used on non-Windows systems
[2.316s] INFO:colcon.colcon_core.shell:Creating environment hook '/home/ubuntu/turtlebot4_ws/install/turtlebot4_python_tutorials/share/turtlebot4_python_tutorials/hook/ament_prefix_path.ps1'
[2.319s] INFO:colcon.colcon_core.shell:Creating environment descriptor '/home/ubuntu/turtlebot4_ws/install/turtlebot4_python_tutorials/share/turtlebot4_python_tutorials/hook/ament_prefix_path.dsv'
[2.321s] INFO:colcon.colcon_core.shell:Creating environment hook '/home/ubuntu/turtlebot4_ws/install/turtlebot4_python_tutorials/share/turtlebot4_python_tutorials/hook/ament_prefix_path.sh'
[2.329s] INFO:colcon.colcon_core.shell:Skip shell extension 'powershell' for command environment: Not usable outside of PowerShell
[2.330s] DEBUG:colcon.colcon_core.shell:Skip shell extension 'dsv' for command environment
[2.357s] INFO:colcon.colcon_ros.task.ament_python.build:Building ROS package in '/home/ubuntu/turtlebot4_ws/src/turtlebot4_python_tutorials_Conner_Carriere' with build type 'ament_python'
[2.358s] Level 1:colcon.colcon_core.shell:create_environment_hook('turtlebot4_python_tutorials_Conner_Carriere', 'ament_prefix_path')
[2.365s] INFO:colcon.colcon_core.shell:Creating environment hook '/home/ubuntu/turtlebot4_ws/install/turtlebot4_python_tutorials_Conner_Carriere/share/turtlebot4_python_tutorials_Conner_Carriere/hook/ament_prefix_path.ps1'
[2.368s] INFO:colcon.colcon_core.shell:Creating environment descriptor '/home/ubuntu/turtlebot4_ws/install/turtlebot4_python_tutorials_Conner_Carriere/share/turtlebot4_python_tutorials_Conner_Carriere/hook/ament_prefix_path.dsv'
[2.370s] INFO:colcon.colcon_core.shell:Creating environment hook '/home/ubuntu/turtlebot4_ws/install/turtlebot4_python_tutorials_Conner_Carriere/share/turtlebot4_python_tutorials_Conner_Carriere/hook/ament_prefix_path.sh'
[2.379s] INFO:colcon.colcon_core.shell:Skip shell extension 'powershell' for command environment: Not usable outside of PowerShell
[2.379s] DEBUG:colcon.colcon_core.shell:Skip shell extension 'dsv' for command environment
[3.732s] INFO:colcon.colcon_core.task.python.build:Building Python package in '/home/ubuntu/turtlebot4_ws/src/turtlebot4_python_tutorials'
[3.739s] INFO:colcon.colcon_core.shell:Skip shell extension 'powershell' for command environment: Not usable outside of PowerShell
[3.740s] DEBUG:colcon.colcon_core.shell:Skip shell extension 'dsv' for command environment
[5.076s] INFO:colcon.colcon_core.task.python.build:Building Python package in '/home/ubuntu/turtlebot4_ws/src/turtlebot4_python_tutorials_Conner_Carriere'
[5.082s] INFO:colcon.colcon_core.shell:Skip shell extension 'powershell' for command environment: Not usable outside of PowerShell
[5.083s] DEBUG:colcon.colcon_core.shell:Skip shell extension 'dsv' for command environment
[7.299s] DEBUG:colcon.colcon_core.event_handler.log_command:Invoking command in '/home/ubuntu/turtlebot4_ws/build/turtlebot4_python_tutorials_Conner_Carriere': PYTHONPATH=/home/ubuntu/turtlebot4_ws/build/turtlebot4_python_tutorials_Conner_Carriere/prefix_override:/home/ubuntu/turtlebot4_ws/install/turtlebot4_python_tutorials_Conner_Carriere/lib/python3.10/site-packages:${PYTHONPATH} /usr/bin/python3 setup.py develop --editable --build-directory /home/ubuntu/turtlebot4_ws/build/turtlebot4_python_tutorials_Conner_Carriere/build --no-deps install_data
[7.320s] DEBUG:colcon.colcon_core.event_handler.log_command:Invoking command in '/home/ubuntu/turtlebot4_ws/build/turtlebot4_python_tutorials': PYTHONPATH=/home/ubuntu/turtlebot4_ws/build/turtlebot4_python_tutorials/prefix_override:/home/ubuntu/turtlebot4_ws/install/turtlebot4_python_tutorials/lib/python3.10/site-packages:${PYTHONPATH} /usr/bin/python3 setup.py develop --editable --build-directory /home/ubuntu/turtlebot4_ws/build/turtlebot4_python_tutorials/build --no-deps install_data
[10.070s] Level 1:colcon.colcon_core.shell:create_environment_hook('turtlebot4_python_tutorials', 'pythonpath_develop')
[10.078s] INFO:colcon.colcon_core.shell:Creating environment hook '/home/ubuntu/turtlebot4_ws/build/turtlebot4_python_tutorials/share/turtlebot4_python_tutorials/hook/pythonpath_develop.ps1'
[10.081s] DEBUG:colcon.colcon_core.event_handler.log_command:Invoked command in '/home/ubuntu/turtlebot4_ws/build/turtlebot4_python_tutorials' returned '0': PYTHONPATH=/home/ubuntu/turtlebot4_ws/build/turtlebot4_python_tutorials/prefix_override:/home/ubuntu/turtlebot4_ws/install/turtlebot4_python_tutorials/lib/python3.10/site-packages:${PYTHONPATH} /usr/bin/python3 setup.py develop --editable --build-directory /home/ubuntu/turtlebot4_ws/build/turtlebot4_python_tutorials/build --no-deps install_data
[10.084s] INFO:colcon.colcon_core.shell:Creating environment descriptor '/home/ubuntu/turtlebot4_ws/build/turtlebot4_python_tutorials/share/turtlebot4_python_tutorials/hook/pythonpath_develop.dsv'
[10.088s] INFO:colcon.colcon_core.shell:Creating environment hook '/home/ubuntu/turtlebot4_ws/build/turtlebot4_python_tutorials/share/turtlebot4_python_tutorials/hook/pythonpath_develop.sh'
[10.132s] Level 1:colcon.colcon_core.environment:checking '/home/ubuntu/turtlebot4_ws/install/turtlebot4_python_tutorials' for CMake module files
[10.135s] Level 1:colcon.colcon_core.environment:checking '/home/ubuntu/turtlebot4_ws/install/turtlebot4_python_tutorials' for CMake config files
[10.140s] Level 1:colcon.colcon_core.environment:checking '/home/ubuntu/turtlebot4_ws/install/turtlebot4_python_tutorials/lib'
[10.143s] Level 1:colcon.colcon_core.environment:checking '/home/ubuntu/turtlebot4_ws/install/turtlebot4_python_tutorials/bin'
[10.149s] Level 1:colcon.colcon_core.environment:checking '/home/ubuntu/turtlebot4_ws/install/turtlebot4_python_tutorials/lib/pkgconfig/turtlebot4_python_tutorials.pc'
[10.150s] Level 1:colcon.colcon_core.environment:checking '/home/ubuntu/turtlebot4_ws/install/turtlebot4_python_tutorials/lib/python3.10/site-packages'
[10.154s] Level 1:colcon.colcon_core.shell:create_environment_hook('turtlebot4_python_tutorials', 'pythonpath')
[10.161s] INFO:colcon.colcon_core.shell:Creating environment hook '/home/ubuntu/turtlebot4_ws/install/turtlebot4_python_tutorials/share/turtlebot4_python_tutorials/hook/pythonpath.ps1'
[10.164s] INFO:colcon.colcon_core.shell:Creating environment descriptor '/home/ubuntu/turtlebot4_ws/install/turtlebot4_python_tutorials/share/turtlebot4_python_tutorials/hook/pythonpath.dsv'
[10.169s] INFO:colcon.colcon_core.shell:Creating environment hook '/home/ubuntu/turtlebot4_ws/install/turtlebot4_python_tutorials/share/turtlebot4_python_tutorials/hook/pythonpath.sh'
[10.176s] Level 1:colcon.colcon_core.environment:checking '/home/ubuntu/turtlebot4_ws/install/turtlebot4_python_tutorials/bin'
[10.176s] Level 1:colcon.colcon_core.environment:create_environment_scripts_only(turtlebot4_python_tutorials)
[10.184s] INFO:colcon.colcon_core.shell:Creating package script '/home/ubuntu/turtlebot4_ws/install/turtlebot4_python_tutorials/share/turtlebot4_python_tutorials/package.ps1'
[10.212s] INFO:colcon.colcon_core.shell:Creating package descriptor '/home/ubuntu/turtlebot4_ws/install/turtlebot4_python_tutorials/share/turtlebot4_python_tutorials/package.dsv'
[10.220s] INFO:colcon.colcon_core.shell:Creating package script '/home/ubuntu/turtlebot4_ws/install/turtlebot4_python_tutorials/share/turtlebot4_python_tutorials/package.sh'
[10.229s] INFO:colcon.colcon_core.shell:Creating package script '/home/ubuntu/turtlebot4_ws/install/turtlebot4_python_tutorials/share/turtlebot4_python_tutorials/package.bash'
[10.237s] INFO:colcon.colcon_core.shell:Creating package script '/home/ubuntu/turtlebot4_ws/install/turtlebot4_python_tutorials/share/turtlebot4_python_tutorials/package.zsh'
[10.244s] Level 1:colcon.colcon_core.environment:create_file_with_runtime_dependencies(/home/ubuntu/turtlebot4_ws/install/turtlebot4_python_tutorials/share/colcon-core/packages/turtlebot4_python_tutorials)
[10.355s] DEBUG:colcon.colcon_core.event_handler.log_command:Invoked command in '/home/ubuntu/turtlebot4_ws/build/turtlebot4_python_tutorials_Conner_Carriere' returned '1': PYTHONPATH=/home/ubuntu/turtlebot4_ws/build/turtlebot4_python_tutorials_Conner_Carriere/prefix_override:/home/ubuntu/turtlebot4_ws/install/turtlebot4_python_tutorials_Conner_Carriere/lib/python3.10/site-packages:${PYTHONPATH} /usr/bin/python3 setup.py develop --editable --build-directory /home/ubuntu/turtlebot4_ws/build/turtlebot4_python_tutorials_Conner_Carriere/build --no-deps install_data
[10.364s] DEBUG:colcon.colcon_parallel_executor.executor.parallel:closing loop
[10.365s] DEBUG:colcon.colcon_parallel_executor.executor.parallel:loop closed
[10.365s] DEBUG:colcon.colcon_parallel_executor.executor.parallel:run_until_complete finished with '1'
[10.366s] DEBUG:colcon.colcon_core.event_reactor:joining thread
[10.392s] INFO:colcon.colcon_core.plugin_system:Skipping extension 'colcon_notification.desktop_notification.notify_send': Could not find 'notify-send'
[10.392s] INFO:colcon.colcon_core.plugin_system:Skipping extension 'colcon_notification.desktop_notification.terminal_notifier': Not used on non-Darwin systems
[10.393s] INFO:colcon.colcon_core.plugin_system:Skipping extension 'colcon_notification.desktop_notification.win32': Not used on non-Windows systems
[10.393s] INFO:colcon.colcon_notification.desktop_notification:Sending desktop notification using 'notify2'
[10.397s] DEBUG:colcon.colcon_notification.desktop_notification.notify2:Failed to initialize notify2: org.freedesktop.DBus.Error.ServiceUnknown: The name org.freedesktop.Notifications was not provided by any .service files
[10.398s] DEBUG:colcon.colcon_core.event_reactor:joined thread
[10.403s] INFO:colcon.colcon_core.shell:Creating prefix script '/home/ubuntu/turtlebot4_ws/install/local_setup.ps1'
[10.408s] INFO:colcon.colcon_core.shell:Creating prefix util module '/home/ubuntu/turtlebot4_ws/install/_local_setup_util_ps1.py'
[10.414s] INFO:colcon.colcon_core.shell:Creating prefix chain script '/home/ubuntu/turtlebot4_ws/install/setup.ps1'
[10.420s] INFO:colcon.colcon_core.shell:Creating prefix script '/home/ubuntu/turtlebot4_ws/install/local_setup.sh'
[10.424s] INFO:colcon.colcon_core.shell:Creating prefix util module '/home/ubuntu/turtlebot4_ws/install/_local_setup_util_sh.py'
[10.428s] INFO:colcon.colcon_core.shell:Creating prefix chain script '/home/ubuntu/turtlebot4_ws/install/setup.sh'
[10.434s] INFO:colcon.colcon_core.shell:Creating prefix script '/home/ubuntu/turtlebot4_ws/install/local_setup.bash'
[10.438s] INFO:colcon.colcon_core.shell:Creating prefix chain script '/home/ubuntu/turtlebot4_ws/install/setup.bash'
[10.445s] INFO:colcon.colcon_core.shell:Creating prefix script '/home/ubuntu/turtlebot4_ws/install/local_setup.zsh'
[10.448s] INFO:colcon.colcon_core.shell:Creating prefix chain script '/home/ubuntu/turtlebot4_ws/install/setup.zsh'
