[2.772s] DEBUG:colcon:Command line arguments: ['/usr/bin/colcon', 'build', '--symlink-install', '--packages-select', 'CC_HallwayScan']
[2.773s] DEBUG:colcon:Parsed command line arguments: Namespace(log_base=None, log_level=None, verb_name='build', build_base='build', install_base='install', merge_install=False, symlink_install=True, test_result_base=None, continue_on_error=False, executor='parallel', parallel_workers=4, event_handlers=None, ignore_user_meta=False, metas=['./colcon.meta'], base_paths=['.'], packages_ignore=None, packages_ignore_regex=None, paths=None, packages_up_to=None, packages_up_to_regex=None, packages_above=None, packages_above_and_dependencies=None, packages_above_depth=None, packages_select_by_dep=None, packages_skip_by_dep=None, packages_skip_up_to=None, packages_select_build_failed=False, packages_skip_build_finished=False, packages_select_test_failures=False, packages_skip_test_passed=False, packages_select=['CC_HallwayScan'], packages_skip=None, packages_select_regex=None, packages_skip_regex=None, packages_start=None, packages_end=None, allow_overriding=[], cmake_args=None, cmake_target=None, cmake_target_skip_unavailable=False, cmake_clean_cache=False, cmake_clean_first=False, cmake_force_configure=False, ament_cmake_args=None, catkin_cmake_args=None, catkin_skip_building_tests=False, verb_parser=<colcon_defaults.argument_parser.defaults.DefaultArgumentsDecorator object at 0xffffbb0dba90>, verb_extension=<colcon_core.verb.build.BuildVerb object at 0xffffbb961cc0>, main=<bound method BuildVerb.main of <colcon_core.verb.build.BuildVerb object at 0xffffbb961cc0>>)
[3.011s] Level 1:colcon.colcon_core.package_discovery:discover_packages(colcon_meta) check parameters
[3.013s] Level 1:colcon.colcon_core.package_discovery:discover_packages(recursive) check parameters
[3.015s] Level 1:colcon.colcon_core.package_discovery:discover_packages(ignore) check parameters
[3.016s] Level 1:colcon.colcon_core.package_discovery:discover_packages(path) check parameters
[3.017s] Level 1:colcon.colcon_core.package_discovery:discover_packages(colcon_meta) discover
[3.018s] Level 1:colcon.colcon_core.package_discovery:discover_packages(recursive) discover
[3.020s] INFO:colcon.colcon_core.package_discovery:Crawling recursively for packages in '/home/ubuntu/turtlebot4_ws'
[3.021s] Level 1:colcon.colcon_core.package_identification:_identify(.) by extensions ['ignore', 'ignore_ament_install']
[3.021s] Level 1:colcon.colcon_core.package_identification:_identify(.) by extension 'ignore'
[3.022s] Level 1:colcon.colcon_core.package_identification:_identify(.) by extension 'ignore_ament_install'
[3.023s] Level 1:colcon.colcon_core.package_identification:_identify(.) by extensions ['colcon_pkg']
[3.023s] Level 1:colcon.colcon_core.package_identification:_identify(.) by extension 'colcon_pkg'
[3.024s] Level 1:colcon.colcon_core.package_identification:_identify(.) by extensions ['colcon_meta']
[3.024s] Level 1:colcon.colcon_core.package_identification:_identify(.) by extension 'colcon_meta'
[3.024s] Level 1:colcon.colcon_core.package_identification:_identify(.) by extensions ['ros']
[3.025s] Level 1:colcon.colcon_core.package_identification:_identify(.) by extension 'ros'
[3.100s] Level 1:colcon.colcon_core.package_identification:_identify(.) by extensions ['cmake', 'python']
[3.102s] Level 1:colcon.colcon_core.package_identification:_identify(.) by extension 'cmake'
[3.103s] Level 1:colcon.colcon_core.package_identification:_identify(.) by extension 'python'
[3.104s] Level 1:colcon.colcon_core.package_identification:_identify(.) by extensions ['python_setup_py']
[3.105s] Level 1:colcon.colcon_core.package_identification:_identify(.) by extension 'python_setup_py'
[3.107s] Level 1:colcon.colcon_core.package_identification:_identify(build) by extensions ['ignore', 'ignore_ament_install']
[3.109s] Level 1:colcon.colcon_core.package_identification:_identify(build) by extension 'ignore'
[3.110s] Level 1:colcon.colcon_core.package_identification:_identify(build) ignored
[3.112s] Level 1:colcon.colcon_core.package_identification:_identify(install) by extensions ['ignore', 'ignore_ament_install']
[3.113s] Level 1:colcon.colcon_core.package_identification:_identify(install) by extension 'ignore'
[3.114s] Level 1:colcon.colcon_core.package_identification:_identify(install) ignored
[3.115s] Level 1:colcon.colcon_core.package_identification:_identify(log) by extensions ['ignore', 'ignore_ament_install']
[3.116s] Level 1:colcon.colcon_core.package_identification:_identify(log) by extension 'ignore'
[3.117s] Level 1:colcon.colcon_core.package_identification:_identify(log) ignored
[3.119s] Level 1:colcon.colcon_core.package_identification:_identify(src) by extensions ['ignore', 'ignore_ament_install']
[3.120s] Level 1:colcon.colcon_core.package_identification:_identify(src) by extension 'ignore'
[3.121s] Level 1:colcon.colcon_core.package_identification:_identify(src) by extension 'ignore_ament_install'
[3.122s] Level 1:colcon.colcon_core.package_identification:_identify(src) by extensions ['colcon_pkg']
[3.122s] Level 1:colcon.colcon_core.package_identification:_identify(src) by extension 'colcon_pkg'
[3.123s] Level 1:colcon.colcon_core.package_identification:_identify(src) by extensions ['colcon_meta']
[3.124s] Level 1:colcon.colcon_core.package_identification:_identify(src) by extension 'colcon_meta'
[3.125s] Level 1:colcon.colcon_core.package_identification:_identify(src) by extensions ['ros']
[3.126s] Level 1:colcon.colcon_core.package_identification:_identify(src) by extension 'ros'
[3.127s] Level 1:colcon.colcon_core.package_identification:_identify(src) by extensions ['cmake', 'python']
[3.128s] Level 1:colcon.colcon_core.package_identification:_identify(src) by extension 'cmake'
[3.129s] Level 1:colcon.colcon_core.package_identification:_identify(src) by extension 'python'
[3.130s] Level 1:colcon.colcon_core.package_identification:_identify(src) by extensions ['python_setup_py']
[3.131s] Level 1:colcon.colcon_core.package_identification:_identify(src) by extension 'python_setup_py'
[3.132s] Level 1:colcon.colcon_core.package_identification:_identify(src/CC_HallwayScan) by extensions ['ignore', 'ignore_ament_install']
[3.133s] Level 1:colcon.colcon_core.package_identification:_identify(src/CC_HallwayScan) by extension 'ignore'
[3.134s] Level 1:colcon.colcon_core.package_identification:_identify(src/CC_HallwayScan) by extension 'ignore_ament_install'
[3.135s] Level 1:colcon.colcon_core.package_identification:_identify(src/CC_HallwayScan) by extensions ['colcon_pkg']
[3.136s] Level 1:colcon.colcon_core.package_identification:_identify(src/CC_HallwayScan) by extension 'colcon_pkg'
[3.137s] Level 1:colcon.colcon_core.package_identification:_identify(src/CC_HallwayScan) by extensions ['colcon_meta']
[3.138s] Level 1:colcon.colcon_core.package_identification:_identify(src/CC_HallwayScan) by extension 'colcon_meta'
[3.139s] Level 1:colcon.colcon_core.package_identification:_identify(src/CC_HallwayScan) by extensions ['ros']
[3.142s] Level 1:colcon.colcon_core.package_identification:_identify(src/CC_HallwayScan) by extension 'ros'
[3.156s] DEBUG:colcon.colcon_core.package_identification:Package 'src/CC_HallwayScan' with type 'ros.ament_python' and name 'CC_HallwayScan'
[3.158s] Level 1:colcon.colcon_core.package_identification:_identify(src/CC_Lab1) by extensions ['ignore', 'ignore_ament_install']
[3.159s] Level 1:colcon.colcon_core.package_identification:_identify(src/CC_Lab1) by extension 'ignore'
[3.160s] Level 1:colcon.colcon_core.package_identification:_identify(src/CC_Lab1) by extension 'ignore_ament_install'
[3.161s] Level 1:colcon.colcon_core.package_identification:_identify(src/CC_Lab1) by extensions ['colcon_pkg']
[3.162s] Level 1:colcon.colcon_core.package_identification:_identify(src/CC_Lab1) by extension 'colcon_pkg'
[3.163s] Level 1:colcon.colcon_core.package_identification:_identify(src/CC_Lab1) by extensions ['colcon_meta']
[3.164s] Level 1:colcon.colcon_core.package_identification:_identify(src/CC_Lab1) by extension 'colcon_meta'
[3.165s] Level 1:colcon.colcon_core.package_identification:_identify(src/CC_Lab1) by extensions ['ros']
[3.166s] Level 1:colcon.colcon_core.package_identification:_identify(src/CC_Lab1) by extension 'ros'
[3.170s] DEBUG:colcon.colcon_core.package_identification:Package 'src/CC_Lab1' with type 'ros.ament_python' and name 'CC_Lab1'
[3.172s] Level 1:colcon.colcon_core.package_identification:_identify(src/CC_Lab2) by extensions ['ignore', 'ignore_ament_install']
[3.173s] Level 1:colcon.colcon_core.package_identification:_identify(src/CC_Lab2) by extension 'ignore'
[3.174s] Level 1:colcon.colcon_core.package_identification:_identify(src/CC_Lab2) by extension 'ignore_ament_install'
[3.175s] Level 1:colcon.colcon_core.package_identification:_identify(src/CC_Lab2) by extensions ['colcon_pkg']
[3.176s] Level 1:colcon.colcon_core.package_identification:_identify(src/CC_Lab2) by extension 'colcon_pkg'
[3.177s] Level 1:colcon.colcon_core.package_identification:_identify(src/CC_Lab2) by extensions ['colcon_meta']
[3.178s] Level 1:colcon.colcon_core.package_identification:_identify(src/CC_Lab2) by extension 'colcon_meta'
[3.179s] Level 1:colcon.colcon_core.package_identification:_identify(src/CC_Lab2) by extensions ['ros']
[3.179s] Level 1:colcon.colcon_core.package_identification:_identify(src/CC_Lab2) by extension 'ros'
[3.184s] DEBUG:colcon.colcon_core.package_identification:Package 'src/CC_Lab2' with type 'ros.ament_python' and name 'CC_Lab2'
[3.186s] Level 1:colcon.colcon_core.package_identification:_identify(src/CC_LidarCollect) by extensions ['ignore', 'ignore_ament_install']
[3.187s] Level 1:colcon.colcon_core.package_identification:_identify(src/CC_LidarCollect) by extension 'ignore'
[3.188s] Level 1:colcon.colcon_core.package_identification:_identify(src/CC_LidarCollect) by extension 'ignore_ament_install'
[3.189s] Level 1:colcon.colcon_core.package_identification:_identify(src/CC_LidarCollect) by extensions ['colcon_pkg']
[3.190s] Level 1:colcon.colcon_core.package_identification:_identify(src/CC_LidarCollect) by extension 'colcon_pkg'
[3.191s] Level 1:colcon.colcon_core.package_identification:_identify(src/CC_LidarCollect) by extensions ['colcon_meta']
[3.192s] Level 1:colcon.colcon_core.package_identification:_identify(src/CC_LidarCollect) by extension 'colcon_meta'
[3.192s] Level 1:colcon.colcon_core.package_identification:_identify(src/CC_LidarCollect) by extensions ['ros']
[3.193s] Level 1:colcon.colcon_core.package_identification:_identify(src/CC_LidarCollect) by extension 'ros'
[3.197s] DEBUG:colcon.colcon_core.package_identification:Package 'src/CC_LidarCollect' with type 'ros.ament_python' and name 'CC_LidarCollect'
[3.199s] Level 1:colcon.colcon_core.package_identification:_identify(src/Lab1_DerrickS_Package) by extensions ['ignore', 'ignore_ament_install']
[3.200s] Level 1:colcon.colcon_core.package_identification:_identify(src/Lab1_DerrickS_Package) by extension 'ignore'
[3.200s] Level 1:colcon.colcon_core.package_identification:_identify(src/Lab1_DerrickS_Package) by extension 'ignore_ament_install'
[3.201s] Level 1:colcon.colcon_core.package_identification:_identify(src/Lab1_DerrickS_Package) by extensions ['colcon_pkg']
[3.202s] Level 1:colcon.colcon_core.package_identification:_identify(src/Lab1_DerrickS_Package) by extension 'colcon_pkg'
[3.203s] Level 1:colcon.colcon_core.package_identification:_identify(src/Lab1_DerrickS_Package) by extensions ['colcon_meta']
[3.204s] Level 1:colcon.colcon_core.package_identification:_identify(src/Lab1_DerrickS_Package) by extension 'colcon_meta'
[3.205s] Level 1:colcon.colcon_core.package_identification:_identify(src/Lab1_DerrickS_Package) by extensions ['ros']
[3.206s] Level 1:colcon.colcon_core.package_identification:_identify(src/Lab1_DerrickS_Package) by extension 'ros'
[3.210s] DEBUG:colcon.colcon_core.package_identification:Package 'src/Lab1_DerrickS_Package' with type 'ros.ament_python' and name 'Lab1_DerrickS_Package'
[3.211s] Level 1:colcon.colcon_core.package_identification:_identify(src/Lab1_IanP_Package_temp) by extensions ['ignore', 'ignore_ament_install']
[3.212s] Level 1:colcon.colcon_core.package_identification:_identify(src/Lab1_IanP_Package_temp) by extension 'ignore'
[3.213s] Level 1:colcon.colcon_core.package_identification:_identify(src/Lab1_IanP_Package_temp) by extension 'ignore_ament_install'
[3.214s] Level 1:colcon.colcon_core.package_identification:_identify(src/Lab1_IanP_Package_temp) by extensions ['colcon_pkg']
[3.215s] Level 1:colcon.colcon_core.package_identification:_identify(src/Lab1_IanP_Package_temp) by extension 'colcon_pkg'
[3.216s] Level 1:colcon.colcon_core.package_identification:_identify(src/Lab1_IanP_Package_temp) by extensions ['colcon_meta']
[3.217s] Level 1:colcon.colcon_core.package_identification:_identify(src/Lab1_IanP_Package_temp) by extension 'colcon_meta'
[3.218s] Level 1:colcon.colcon_core.package_identification:_identify(src/Lab1_IanP_Package_temp) by extensions ['ros']
[3.219s] Level 1:colcon.colcon_core.package_identification:_identify(src/Lab1_IanP_Package_temp) by extension 'ros'
[3.222s] DEBUG:colcon.colcon_core.package_identification:Package 'src/Lab1_IanP_Package_temp' with type 'ros.ament_python' and name 'turtlebot4_python_tutorials'
[3.224s] Level 1:colcon.colcon_core.package_identification:_identify(src/build) by extensions ['ignore', 'ignore_ament_install']
[3.225s] Level 1:colcon.colcon_core.package_identification:_identify(src/build) by extension 'ignore'
[3.225s] Level 1:colcon.colcon_core.package_identification:_identify(src/build) ignored
[3.227s] Level 1:colcon.colcon_core.package_identification:_identify(src/ianp_lidar_lab) by extensions ['ignore', 'ignore_ament_install']
[3.228s] Level 1:colcon.colcon_core.package_identification:_identify(src/ianp_lidar_lab) by extension 'ignore'
[3.229s] Level 1:colcon.colcon_core.package_identification:_identify(src/ianp_lidar_lab) by extension 'ignore_ament_install'
[3.230s] Level 1:colcon.colcon_core.package_identification:_identify(src/ianp_lidar_lab) by extensions ['colcon_pkg']
[3.230s] Level 1:colcon.colcon_core.package_identification:_identify(src/ianp_lidar_lab) by extension 'colcon_pkg'
[3.231s] Level 1:colcon.colcon_core.package_identification:_identify(src/ianp_lidar_lab) by extensions ['colcon_meta']
[3.232s] Level 1:colcon.colcon_core.package_identification:_identify(src/ianp_lidar_lab) by extension 'colcon_meta'
[3.233s] Level 1:colcon.colcon_core.package_identification:_identify(src/ianp_lidar_lab) by extensions ['ros']
[3.234s] Level 1:colcon.colcon_core.package_identification:_identify(src/ianp_lidar_lab) by extension 'ros'
[3.237s] DEBUG:colcon.colcon_core.package_identification:Package 'src/ianp_lidar_lab' with type 'ros.ament_python' and name 'ianp_lidar_lab'
[3.239s] Level 1:colcon.colcon_core.package_identification:_identify(src/install) by extensions ['ignore', 'ignore_ament_install']
[3.240s] Level 1:colcon.colcon_core.package_identification:_identify(src/install) by extension 'ignore'
[3.241s] Level 1:colcon.colcon_core.package_identification:_identify(src/install) ignored
[3.242s] Level 1:colcon.colcon_core.package_identification:_identify(src/lab1_ian_package) by extensions ['ignore', 'ignore_ament_install']
[3.243s] Level 1:colcon.colcon_core.package_identification:_identify(src/lab1_ian_package) by extension 'ignore'
[3.244s] Level 1:colcon.colcon_core.package_identification:_identify(src/lab1_ian_package) by extension 'ignore_ament_install'
[3.245s] Level 1:colcon.colcon_core.package_identification:_identify(src/lab1_ian_package) by extensions ['colcon_pkg']
[3.245s] Level 1:colcon.colcon_core.package_identification:_identify(src/lab1_ian_package) by extension 'colcon_pkg'
[3.246s] Level 1:colcon.colcon_core.package_identification:_identify(src/lab1_ian_package) by extensions ['colcon_meta']
[3.247s] Level 1:colcon.colcon_core.package_identification:_identify(src/lab1_ian_package) by extension 'colcon_meta'
[3.248s] Level 1:colcon.colcon_core.package_identification:_identify(src/lab1_ian_package) by extensions ['ros']
[3.249s] Level 1:colcon.colcon_core.package_identification:_identify(src/lab1_ian_package) by extension 'ros'
[3.253s] DEBUG:colcon.colcon_core.package_identification:Package 'src/lab1_ian_package' with type 'ros.ament_python' and name 'lab1_ian_package'
[3.255s] Level 1:colcon.colcon_core.package_identification:_identify(src/log) by extensions ['ignore', 'ignore_ament_install']
[3.256s] Level 1:colcon.colcon_core.package_identification:_identify(src/log) by extension 'ignore'
[3.257s] Level 1:colcon.colcon_core.package_identification:_identify(src/log) ignored
[3.258s] Level 1:colcon.colcon_core.package_identification:_identify(src/turtlebot4_python_tutorials) by extensions ['ignore', 'ignore_ament_install']
[3.259s] Level 1:colcon.colcon_core.package_identification:_identify(src/turtlebot4_python_tutorials) by extension 'ignore'
[3.260s] Level 1:colcon.colcon_core.package_identification:_identify(src/turtlebot4_python_tutorials) by extension 'ignore_ament_install'
[3.261s] Level 1:colcon.colcon_core.package_identification:_identify(src/turtlebot4_python_tutorials) by extensions ['colcon_pkg']
[3.261s] Level 1:colcon.colcon_core.package_identification:_identify(src/turtlebot4_python_tutorials) by extension 'colcon_pkg'
[3.262s] Level 1:colcon.colcon_core.package_identification:_identify(src/turtlebot4_python_tutorials) by extensions ['colcon_meta']
[3.263s] Level 1:colcon.colcon_core.package_identification:_identify(src/turtlebot4_python_tutorials) by extension 'colcon_meta'
[3.264s] Level 1:colcon.colcon_core.package_identification:_identify(src/turtlebot4_python_tutorials) by extensions ['ros']
[3.264s] Level 1:colcon.colcon_core.package_identification:_identify(src/turtlebot4_python_tutorials) by extension 'ros'
[3.268s] DEBUG:colcon.colcon_core.package_identification:Package 'src/turtlebot4_python_tutorials' with type 'ros.ament_python' and name 'turtlebot4_python_tutorials'
[3.269s] Level 1:colcon.colcon_core.package_discovery:discover_packages(recursive) using defaults
[3.270s] Level 1:colcon.colcon_core.package_discovery:discover_packages(ignore) discover
[3.271s] Level 1:colcon.colcon_core.package_discovery:discover_packages(ignore) using defaults
[3.271s] Level 1:colcon.colcon_core.package_discovery:discover_packages(path) discover
[3.272s] Level 1:colcon.colcon_core.package_discovery:discover_packages(path) using defaults
[3.578s] INFO:colcon.colcon_core.package_selection:Skipping not selected package 'CC_Lab1' in 'src/CC_Lab1'
[3.581s] INFO:colcon.colcon_core.package_selection:Skipping not selected package 'CC_Lab2' in 'src/CC_Lab2'
[3.583s] INFO:colcon.colcon_core.package_selection:Skipping not selected package 'CC_LidarCollect' in 'src/CC_LidarCollect'
[3.587s] INFO:colcon.colcon_core.package_selection:Skipping not selected package 'Lab1_DerrickS_Package' in 'src/Lab1_DerrickS_Package'
[3.595s] INFO:colcon.colcon_core.package_selection:Skipping not selected package 'ianp_lidar_lab' in 'src/ianp_lidar_lab'
[3.595s] INFO:colcon.colcon_core.package_selection:Skipping not selected package 'lab1_ian_package' in 'src/lab1_ian_package'
[3.596s] INFO:colcon.colcon_core.package_selection:Skipping not selected package 'turtlebot4_python_tutorials' in 'src/turtlebot4_python_tutorials'
[3.596s] INFO:colcon.colcon_core.package_selection:Skipping not selected package 'turtlebot4_python_tutorials' in 'src/Lab1_IanP_Package_temp'
[3.615s] Level 1:colcon.colcon_core.package_discovery:discover_packages(prefix_path) check parameters
[3.615s] Level 1:colcon.colcon_core.package_discovery:discover_packages(prefix_path) discover
[3.662s] DEBUG:colcon.colcon_installed_package_information.package_discovery:Found 8 installed packages in /home/ubuntu/turtlebot4_ws/install
[3.678s] DEBUG:colcon.colcon_installed_package_information.package_discovery:Found 313 installed packages in /opt/ros/humble
[3.687s] Level 1:colcon.colcon_core.package_discovery:discover_packages(prefix_path) using defaults
[4.216s] Level 5:colcon.colcon_core.verb:set package 'CC_HallwayScan' build argument 'cmake_args' from command line to 'None'
[4.217s] Level 5:colcon.colcon_core.verb:set package 'CC_HallwayScan' build argument 'cmake_target' from command line to 'None'
[4.218s] Level 5:colcon.colcon_core.verb:set package 'CC_HallwayScan' build argument 'cmake_target_skip_unavailable' from command line to 'False'
[4.219s] Level 5:colcon.colcon_core.verb:set package 'CC_HallwayScan' build argument 'cmake_clean_cache' from command line to 'False'
[4.219s] Level 5:colcon.colcon_core.verb:set package 'CC_HallwayScan' build argument 'cmake_clean_first' from command line to 'False'
[4.220s] Level 5:colcon.colcon_core.verb:set package 'CC_HallwayScan' build argument 'cmake_force_configure' from command line to 'False'
[4.221s] Level 5:colcon.colcon_core.verb:set package 'CC_HallwayScan' build argument 'ament_cmake_args' from command line to 'None'
[4.221s] Level 5:colcon.colcon_core.verb:set package 'CC_HallwayScan' build argument 'catkin_cmake_args' from command line to 'None'
[4.222s] Level 5:colcon.colcon_core.verb:set package 'CC_HallwayScan' build argument 'catkin_skip_building_tests' from command line to 'False'
[4.223s] DEBUG:colcon.colcon_core.verb:Building package 'CC_HallwayScan' with the following arguments: {'ament_cmake_args': None, 'build_base': '/home/ubuntu/turtlebot4_ws/build/CC_HallwayScan', 'catkin_cmake_args': None, 'catkin_skip_building_tests': False, 'cmake_args': None, 'cmake_clean_cache': False, 'cmake_clean_first': False, 'cmake_force_configure': False, 'cmake_target': None, 'cmake_target_skip_unavailable': False, 'install_base': '/home/ubuntu/turtlebot4_ws/install/CC_HallwayScan', 'merge_install': False, 'path': '/home/ubuntu/turtlebot4_ws/src/CC_HallwayScan', 'symlink_install': True, 'test_result_base': None}
[4.227s] INFO:colcon.colcon_core.executor:Executing jobs using 'parallel' executor
[4.249s] DEBUG:colcon.colcon_parallel_executor.executor.parallel:run_until_complete
[4.251s] INFO:colcon.colcon_ros.task.ament_python.build:Building ROS package in '/home/ubuntu/turtlebot4_ws/src/CC_HallwayScan' with build type 'ament_python'
[4.253s] Level 1:colcon.colcon_core.shell:create_environment_hook('CC_HallwayScan', 'ament_prefix_path')
[4.285s] INFO:colcon.colcon_core.plugin_system:Skipping extension 'colcon_core.shell.bat': Not used on non-Windows systems
[4.286s] INFO:colcon.colcon_core.shell:Creating environment hook '/home/ubuntu/turtlebot4_ws/install/CC_HallwayScan/share/CC_HallwayScan/hook/ament_prefix_path.ps1'
[4.290s] INFO:colcon.colcon_core.shell:Creating environment descriptor '/home/ubuntu/turtlebot4_ws/install/CC_HallwayScan/share/CC_HallwayScan/hook/ament_prefix_path.dsv'
[4.293s] INFO:colcon.colcon_core.shell:Creating environment hook '/home/ubuntu/turtlebot4_ws/install/CC_HallwayScan/share/CC_HallwayScan/hook/ament_prefix_path.sh'
[4.315s] INFO:colcon.colcon_core.shell:Skip shell extension 'powershell' for command environment: Not usable outside of PowerShell
[4.316s] DEBUG:colcon.colcon_core.shell:Skip shell extension 'dsv' for command environment
[6.412s] INFO:colcon.colcon_core.task.python.build:Building Python package in '/home/ubuntu/turtlebot4_ws/src/CC_HallwayScan'
[6.426s] INFO:colcon.colcon_core.shell:Skip shell extension 'powershell' for command environment: Not usable outside of PowerShell
[6.427s] DEBUG:colcon.colcon_core.shell:Skip shell extension 'dsv' for command environment
[9.054s] DEBUG:colcon.colcon_core.event_handler.log_command:Invoking command in '/home/ubuntu/turtlebot4_ws/build/CC_HallwayScan': PYTHONPATH=/home/ubuntu/turtlebot4_ws/build/CC_HallwayScan/prefix_override:/home/ubuntu/turtlebot4_ws/install/CC_HallwayScan/lib/python3.10/site-packages:${PYTHONPATH} /usr/bin/python3 setup.py develop --editable --build-directory /home/ubuntu/turtlebot4_ws/build/CC_HallwayScan/build --no-deps install_data
[11.754s] Level 1:colcon.colcon_core.shell:create_environment_hook('CC_HallwayScan', 'pythonpath_develop')
[11.761s] DEBUG:colcon.colcon_core.event_handler.log_command:Invoked command in '/home/ubuntu/turtlebot4_ws/build/CC_HallwayScan' returned '0': PYTHONPATH=/home/ubuntu/turtlebot4_ws/build/CC_HallwayScan/prefix_override:/home/ubuntu/turtlebot4_ws/install/CC_HallwayScan/lib/python3.10/site-packages:${PYTHONPATH} /usr/bin/python3 setup.py develop --editable --build-directory /home/ubuntu/turtlebot4_ws/build/CC_HallwayScan/build --no-deps install_data
[11.762s] INFO:colcon.colcon_core.shell:Creating environment hook '/home/ubuntu/turtlebot4_ws/build/CC_HallwayScan/share/CC_HallwayScan/hook/pythonpath_develop.ps1'
[11.766s] INFO:colcon.colcon_core.shell:Creating environment descriptor '/home/ubuntu/turtlebot4_ws/build/CC_HallwayScan/share/CC_HallwayScan/hook/pythonpath_develop.dsv'
[11.768s] INFO:colcon.colcon_core.shell:Creating environment hook '/home/ubuntu/turtlebot4_ws/build/CC_HallwayScan/share/CC_HallwayScan/hook/pythonpath_develop.sh'
[11.796s] Level 1:colcon.colcon_core.environment:checking '/home/ubuntu/turtlebot4_ws/install/CC_HallwayScan' for CMake module files
[11.799s] Level 1:colcon.colcon_core.environment:checking '/home/ubuntu/turtlebot4_ws/install/CC_HallwayScan' for CMake config files
[11.802s] Level 1:colcon.colcon_core.environment:checking '/home/ubuntu/turtlebot4_ws/install/CC_HallwayScan/lib'
[11.803s] Level 1:colcon.colcon_core.environment:checking '/home/ubuntu/turtlebot4_ws/install/CC_HallwayScan/bin'
[11.804s] Level 1:colcon.colcon_core.environment:checking '/home/ubuntu/turtlebot4_ws/install/CC_HallwayScan/lib/pkgconfig/CC_HallwayScan.pc'
[11.805s] Level 1:colcon.colcon_core.environment:checking '/home/ubuntu/turtlebot4_ws/install/CC_HallwayScan/lib/python3.10/site-packages'
[11.805s] Level 1:colcon.colcon_core.shell:create_environment_hook('CC_HallwayScan', 'pythonpath')
[11.812s] INFO:colcon.colcon_core.shell:Creating environment hook '/home/ubuntu/turtlebot4_ws/install/CC_HallwayScan/share/CC_HallwayScan/hook/pythonpath.ps1'
[11.814s] INFO:colcon.colcon_core.shell:Creating environment descriptor '/home/ubuntu/turtlebot4_ws/install/CC_HallwayScan/share/CC_HallwayScan/hook/pythonpath.dsv'
[11.816s] INFO:colcon.colcon_core.shell:Creating environment hook '/home/ubuntu/turtlebot4_ws/install/CC_HallwayScan/share/CC_HallwayScan/hook/pythonpath.sh'
[11.818s] Level 1:colcon.colcon_core.environment:checking '/home/ubuntu/turtlebot4_ws/install/CC_HallwayScan/bin'
[11.819s] Level 1:colcon.colcon_core.environment:create_environment_scripts_only(CC_HallwayScan)
[11.825s] INFO:colcon.colcon_core.shell:Creating package script '/home/ubuntu/turtlebot4_ws/install/CC_HallwayScan/share/CC_HallwayScan/package.ps1'
[11.830s] INFO:colcon.colcon_core.shell:Creating package descriptor '/home/ubuntu/turtlebot4_ws/install/CC_HallwayScan/share/CC_HallwayScan/package.dsv'
[11.833s] INFO:colcon.colcon_core.shell:Creating package script '/home/ubuntu/turtlebot4_ws/install/CC_HallwayScan/share/CC_HallwayScan/package.sh'
[11.837s] INFO:colcon.colcon_core.shell:Creating package script '/home/ubuntu/turtlebot4_ws/install/CC_HallwayScan/share/CC_HallwayScan/package.bash'
[11.840s] INFO:colcon.colcon_core.shell:Creating package script '/home/ubuntu/turtlebot4_ws/install/CC_HallwayScan/share/CC_HallwayScan/package.zsh'
[11.844s] Level 1:colcon.colcon_core.environment:create_file_with_runtime_dependencies(/home/ubuntu/turtlebot4_ws/install/CC_HallwayScan/share/colcon-core/packages/CC_HallwayScan)
[11.846s] DEBUG:colcon.colcon_parallel_executor.executor.parallel:closing loop
[11.849s] DEBUG:colcon.colcon_parallel_executor.executor.parallel:loop closed
[11.849s] DEBUG:colcon.colcon_parallel_executor.executor.parallel:run_until_complete finished with '0'
[11.850s] DEBUG:colcon.colcon_core.event_reactor:joining thread
[11.884s] INFO:colcon.colcon_core.plugin_system:Skipping extension 'colcon_notification.desktop_notification.notify_send': Could not find 'notify-send'
[11.884s] INFO:colcon.colcon_core.plugin_system:Skipping extension 'colcon_notification.desktop_notification.terminal_notifier': Not used on non-Darwin systems
[11.885s] INFO:colcon.colcon_core.plugin_system:Skipping extension 'colcon_notification.desktop_notification.win32': Not used on non-Windows systems
[11.885s] INFO:colcon.colcon_notification.desktop_notification:Sending desktop notification using 'notify2'
[11.890s] DEBUG:colcon.colcon_notification.desktop_notification.notify2:Failed to initialize notify2: org.freedesktop.DBus.Error.ServiceUnknown: The name org.freedesktop.Notifications was not provided by any .service files
[11.890s] DEBUG:colcon.colcon_core.event_reactor:joined thread
[11.896s] INFO:colcon.colcon_core.shell:Creating prefix script '/home/ubuntu/turtlebot4_ws/install/local_setup.ps1'
[11.900s] INFO:colcon.colcon_core.shell:Creating prefix util module '/home/ubuntu/turtlebot4_ws/install/_local_setup_util_ps1.py'
[11.907s] INFO:colcon.colcon_core.shell:Creating prefix chain script '/home/ubuntu/turtlebot4_ws/install/setup.ps1'
[11.916s] INFO:colcon.colcon_core.shell:Creating prefix script '/home/ubuntu/turtlebot4_ws/install/local_setup.sh'
[11.918s] INFO:colcon.colcon_core.shell:Creating prefix util module '/home/ubuntu/turtlebot4_ws/install/_local_setup_util_sh.py'
[11.921s] INFO:colcon.colcon_core.shell:Creating prefix chain script '/home/ubuntu/turtlebot4_ws/install/setup.sh'
[11.930s] INFO:colcon.colcon_core.shell:Creating prefix script '/home/ubuntu/turtlebot4_ws/install/local_setup.bash'
[11.933s] INFO:colcon.colcon_core.shell:Creating prefix chain script '/home/ubuntu/turtlebot4_ws/install/setup.bash'
[11.942s] INFO:colcon.colcon_core.shell:Creating prefix script '/home/ubuntu/turtlebot4_ws/install/local_setup.zsh'
[11.945s] INFO:colcon.colcon_core.shell:Creating prefix chain script '/home/ubuntu/turtlebot4_ws/install/setup.zsh'
