[3.480s] Invoking command in '/home/ubuntu/turtlebot4_ws/build/Lab2_ConnerC_Package': PYTHONPATH=/home/ubuntu/turtlebot4_ws/build/Lab2_ConnerC_Package/prefix_override:/home/ubuntu/turtlebot4_ws/install/Lab2_ConnerC_Package/lib/python3.10/site-packages:${PYTHONPATH} /usr/bin/python3 setup.py develop --editable --build-directory /home/ubuntu/turtlebot4_ws/build/Lab2_ConnerC_Package/build --no-deps install_data
[4.772s] running develop
[4.777s] /usr/lib/python3/dist-packages/setuptools/command/easy_install.py:158: EasyInstallDeprecationWarning: easy_install command is deprecated. Use build and pip and other standards-based tools.
[4.778s]   warnings.warn(
[4.785s] /usr/lib/python3/dist-packages/setuptools/command/install.py:34: SetuptoolsDeprecationWarning: setup.py install is deprecated. Use build and pip and other standards-based tools.
[4.785s]   warnings.warn(
[5.087s] /usr/lib/python3/dist-packages/pkg_resources/__init__.py:116: PkgResourcesDeprecationWarning: 1.16.0-unknown is an invalid version and will not be supported in a future release
[5.088s]   warnings.warn(
[5.089s] /usr/lib/python3/dist-packages/pkg_resources/__init__.py:116: PkgResourcesDeprecationWarning: 1.1build1 is an invalid version and will not be supported in a future release
[5.089s]   warnings.warn(
[5.090s] /usr/lib/python3/dist-packages/pkg_resources/__init__.py:116: PkgResourcesDeprecationWarning: 0.1.43ubuntu1 is an invalid version and will not be supported in a future release
[5.091s]   warnings.warn(
[5.649s] running egg_info
[5.649s] creating Lab2_ConnerC_Package.egg-info
[5.650s] writing Lab2_ConnerC_Package.egg-info/PKG-INFO
[5.651s] writing dependency_links to Lab2_ConnerC_Package.egg-info/dependency_links.txt
[5.652s] writing entry points to Lab2_ConnerC_Package.egg-info/entry_points.txt
[5.653s] writing requirements to Lab2_ConnerC_Package.egg-info/requires.txt
[5.653s] writing top-level names to Lab2_ConnerC_Package.egg-info/top_level.txt
[5.654s] writing manifest file 'Lab2_ConnerC_Package.egg-info/SOURCES.txt'
[5.662s] reading manifest file 'Lab2_ConnerC_Package.egg-info/SOURCES.txt'
[5.665s] writing manifest file 'Lab2_ConnerC_Package.egg-info/SOURCES.txt'
[5.671s] running build_ext
[5.672s] Creating /home/ubuntu/turtlebot4_ws/install/Lab2_ConnerC_Package/lib/python3.10/site-packages/Lab2-ConnerC-Package.egg-link (link to .)
[5.677s] Installing LidarListen script to /home/ubuntu/turtlebot4_ws/install/Lab2_ConnerC_Package/lib/Lab2_ConnerC_Package
[5.679s] 
[5.681s] Installed /home/ubuntu/turtlebot4_ws/build/Lab2_ConnerC_Package
[5.685s] running install_data
[5.686s] creating /home/ubuntu/turtlebot4_ws/install/Lab2_ConnerC_Package/share/ament_index
[5.688s] creating /home/ubuntu/turtlebot4_ws/install/Lab2_ConnerC_Package/share/ament_index/resource_index
[5.689s] creating /home/ubuntu/turtlebot4_ws/install/Lab2_ConnerC_Package/share/ament_index/resource_index/packages
[5.696s] copying resource/Lab2_ConnerC_Package -> /home/ubuntu/turtlebot4_ws/install/Lab2_ConnerC_Package/share/ament_index/resource_index/packages
[5.698s] copying package.xml -> /home/ubuntu/turtlebot4_ws/install/Lab2_ConnerC_Package/share/Lab2_ConnerC_Package
[5.840s] Invoked command in '/home/ubuntu/turtlebot4_ws/build/Lab2_ConnerC_Package' returned '0': PYTHONPATH=/home/ubuntu/turtlebot4_ws/build/Lab2_ConnerC_Package/prefix_override:/home/ubuntu/turtlebot4_ws/install/Lab2_ConnerC_Package/lib/python3.10/site-packages:${PYTHONPATH} /usr/bin/python3 setup.py develop --editable --build-directory /home/ubuntu/turtlebot4_ws/build/Lab2_ConnerC_Package/build --no-deps install_data
