[4.800s] Invoking command in '/home/ubuntu/turtlebot4_ws/build/CC_HallwayScan': PYTHONPATH=/home/ubuntu/turtlebot4_ws/build/CC_HallwayScan/prefix_override:/home/ubuntu/turtlebot4_ws/install/CC_HallwayScan/lib/python3.10/site-packages:${PYTHONPATH} /usr/bin/python3 setup.py develop --editable --build-directory /home/ubuntu/turtlebot4_ws/build/CC_HallwayScan/build --no-deps install_data
[6.313s] running develop
[6.315s] /usr/lib/python3/dist-packages/setuptools/command/easy_install.py:158: EasyInstallDeprecationWarning: easy_install command is deprecated. Use build and pip and other standards-based tools.
[6.316s]   warnings.warn(
[6.318s] /usr/lib/python3/dist-packages/setuptools/command/install.py:34: SetuptoolsDeprecationWarning: setup.py install is deprecated. Use build and pip and other standards-based tools.
[6.319s]   warnings.warn(
[6.667s] /usr/lib/python3/dist-packages/pkg_resources/__init__.py:116: PkgResourcesDeprecationWarning: 1.16.0-unknown is an invalid version and will not be supported in a future release
[6.669s]   warnings.warn(
[6.671s] /usr/lib/python3/dist-packages/pkg_resources/__init__.py:116: PkgResourcesDeprecationWarning: 1.1build1 is an invalid version and will not be supported in a future release
[6.672s]   warnings.warn(
[6.672s] /usr/lib/python3/dist-packages/pkg_resources/__init__.py:116: PkgResourcesDeprecationWarning: 0.1.43ubuntu1 is an invalid version and will not be supported in a future release
[6.673s]   warnings.warn(
[7.304s] running egg_info
[7.305s] writing CC_HallwayScan.egg-info/PKG-INFO
[7.308s] writing dependency_links to CC_HallwayScan.egg-info/dependency_links.txt
[7.309s] writing entry points to CC_HallwayScan.egg-info/entry_points.txt
[7.310s] writing requirements to CC_HallwayScan.egg-info/requires.txt
[7.311s] writing top-level names to CC_HallwayScan.egg-info/top_level.txt
[7.320s] reading manifest file 'CC_HallwayScan.egg-info/SOURCES.txt'
[7.324s] writing manifest file 'CC_HallwayScan.egg-info/SOURCES.txt'
[7.333s] running build_ext
[7.334s] Creating /home/ubuntu/turtlebot4_ws/install/CC_HallwayScan/lib/python3.10/site-packages/CC-HallwayScan.egg-link (link to .)
[7.341s] Installing HallwayScan script to /home/ubuntu/turtlebot4_ws/install/CC_HallwayScan/lib/CC_HallwayScan
[7.343s] 
[7.344s] Installed /home/ubuntu/turtlebot4_ws/build/CC_HallwayScan
[7.345s] running install_data
[7.345s] copying resource/CC_HallwayScan -> /home/ubuntu/turtlebot4_ws/install/CC_HallwayScan/share/ament_index/resource_index/packages
[7.346s] copying package.xml -> /home/ubuntu/turtlebot4_ws/install/CC_HallwayScan/share/CC_HallwayScan
[7.508s] Invoked command in '/home/ubuntu/turtlebot4_ws/build/CC_HallwayScan' returned '0': PYTHONPATH=/home/ubuntu/turtlebot4_ws/build/CC_HallwayScan/prefix_override:/home/ubuntu/turtlebot4_ws/install/CC_HallwayScan/lib/python3.10/site-packages:${PYTHONPATH} /usr/bin/python3 setup.py develop --editable --build-directory /home/ubuntu/turtlebot4_ws/build/CC_HallwayScan/build --no-deps install_data
