running develop
running egg_info
creating CC_Lab1.egg-info
writing CC_Lab1.egg-info/PKG-INFO
writing dependency_links to CC_Lab1.egg-info/dependency_links.txt
writing entry points to CC_Lab1.egg-info/entry_points.txt
writing requirements to CC_Lab1.egg-info/requires.txt
writing top-level names to CC_Lab1.egg-info/top_level.txt
writing manifest file 'CC_Lab1.egg-info/SOURCES.txt'
reading manifest file 'CC_Lab1.egg-info/SOURCES.txt'
writing manifest file 'CC_Lab1.egg-info/SOURCES.txt'
running build_ext
Creating /home/ubuntu/turtlebot4_ws/install/CC_Lab1/lib/python3.10/site-packages/CC-Lab1.egg-link (link to .)
Installing CC_Lab1_wander script to /home/ubuntu/turtlebot4_ws/install/CC_Lab1/lib/CC_Lab1

Installed /home/ubuntu/turtlebot4_ws/build/CC_Lab1
running install_data
creating /home/ubuntu/turtlebot4_ws/install/CC_Lab1/share/ament_index
creating /home/ubuntu/turtlebot4_ws/install/CC_Lab1/share/ament_index/resource_index
creating /home/ubuntu/turtlebot4_ws/install/CC_Lab1/share/ament_index/resource_index/packages
copying resource/CC_Lab1 -> /home/ubuntu/turtlebot4_ws/install/CC_Lab1/share/ament_index/resource_index/packages
copying package.xml -> /home/ubuntu/turtlebot4_ws/install/CC_Lab1/share/CC_Lab1
